<?xml version="1.0" encoding="UTF-8"?>
<coverage generated="1705681888284" clover="3.2.0">
  <project timestamp="1705681888285" name="All files">
    <metrics statements="914" coveredstatements="854" conditionals="404" coveredconditionals="361" methods="232" coveredmethods="205" elements="1550" coveredelements="1420" complexity="0" loc="914" ncloc="914" packages="3" files="50" classes="50"/>
    <package name="src">
      <metrics statements="24" coveredstatements="0" conditionals="4" coveredconditionals="0" methods="13" coveredmethods="0"/>
      <file name="App.js" path="C:\shoppingcart-app\src\App.js">
        <metrics statements="13" coveredstatements="0" conditionals="0" coveredconditionals="0" methods="11" coveredmethods="0"/>
        <line num="17" count="0" type="stmt"/>
        <line num="18" count="0" type="stmt"/>
        <line num="19" count="0" type="stmt"/>
        <line num="20" count="0" type="stmt"/>
        <line num="21" count="0" type="stmt"/>
        <line num="22" count="0" type="stmt"/>
        <line num="23" count="0" type="stmt"/>
        <line num="24" count="0" type="stmt"/>
        <line num="25" count="0" type="stmt"/>
        <line num="26" count="0" type="stmt"/>
        <line num="28" count="0" type="stmt"/>
        <line num="31" count="0" type="stmt"/>
        <line num="32" count="0" type="stmt"/>
      </file>
      <file name="index.js" path="C:\shoppingcart-app\src\index.js">
        <metrics statements="3" coveredstatements="0" conditionals="0" coveredconditionals="0" methods="0" coveredmethods="0"/>
        <line num="7" count="0" type="stmt"/>
        <line num="8" count="0" type="stmt"/>
        <line num="14" count="0" type="stmt"/>
      </file>
      <file name="reportWebVitals.js" path="C:\shoppingcart-app\src\reportWebVitals.js">
        <metrics statements="8" coveredstatements="0" conditionals="4" coveredconditionals="0" methods="2" coveredmethods="0"/>
        <line num="1" count="0" type="stmt"/>
        <line num="2" count="0" type="cond" truecount="0" falsecount="4"/>
        <line num="3" count="0" type="stmt"/>
        <line num="4" count="0" type="stmt"/>
        <line num="5" count="0" type="stmt"/>
        <line num="6" count="0" type="stmt"/>
        <line num="7" count="0" type="stmt"/>
        <line num="8" count="0" type="stmt"/>
      </file>
    </package>
    <package name="src.Components">
      <metrics statements="832" coveredstatements="796" conditionals="379" coveredconditionals="344" methods="199" coveredmethods="185"/>
      <file name="AddToCart.js" path="C:\shoppingcart-app\src\Components\AddToCart.js">
        <metrics statements="11" coveredstatements="11" conditionals="2" coveredconditionals="2" methods="4" coveredmethods="4"/>
        <line num="6" count="7" type="stmt"/>
        <line num="7" count="37" type="stmt"/>
        <line num="8" count="37" type="stmt"/>
        <line num="10" count="37" type="stmt"/>
        <line num="20" count="37" type="stmt"/>
        <line num="21" count="2" type="cond" truecount="2" falsecount="0"/>
        <line num="22" count="1" type="stmt"/>
        <line num="24" count="1" type="stmt"/>
        <line num="25" count="1" type="stmt"/>
        <line num="31" count="37" type="stmt"/>
        <line num="33" count="2" type="stmt"/>
      </file>
      <file name="AddToWishList.js" path="C:\shoppingcart-app\src\Components\AddToWishList.js">
        <metrics statements="18" coveredstatements="18" conditionals="6" coveredconditionals="6" methods="6" coveredmethods="6"/>
        <line num="7" count="7" type="stmt"/>
        <line num="8" count="48" type="stmt"/>
        <line num="9" count="44" type="stmt"/>
        <line num="10" count="44" type="stmt"/>
        <line num="11" count="44" type="stmt"/>
        <line num="13" count="44" type="stmt"/>
        <line num="14" count="3" type="cond" truecount="2" falsecount="0"/>
        <line num="15" count="2" type="cond" truecount="2" falsecount="0"/>
        <line num="16" count="1" type="stmt"/>
        <line num="17" count="1" type="stmt"/>
        <line num="19" count="1" type="stmt"/>
        <line num="20" count="1" type="stmt"/>
        <line num="23" count="1" type="stmt"/>
        <line num="24" count="1" type="stmt"/>
        <line num="28" count="44" type="stmt"/>
        <line num="31" count="10" type="cond" truecount="2" falsecount="0"/>
        <line num="32" count="1" type="stmt"/>
        <line num="33" count="2" type="stmt"/>
      </file>
      <file name="BreadCrumb.js" path="C:\shoppingcart-app\src\Components\BreadCrumb.js">
        <metrics statements="16" coveredstatements="16" conditionals="6" coveredconditionals="6" methods="5" coveredmethods="5"/>
        <line num="6" count="1" type="stmt"/>
        <line num="19" count="1" type="stmt"/>
        <line num="20" count="5" type="stmt"/>
        <line num="21" count="5" type="stmt"/>
        <line num="23" count="5" type="stmt"/>
        <line num="24" count="5" type="stmt"/>
        <line num="25" count="14" type="stmt"/>
        <line num="26" count="5" type="stmt"/>
        <line num="28" count="5" type="cond" truecount="2" falsecount="0"/>
        <line num="29" count="1" type="stmt"/>
        <line num="32" count="7" type="stmt"/>
        <line num="34" count="5" type="stmt"/>
        <line num="47" count="7" type="stmt"/>
        <line num="48" count="7" type="stmt"/>
        <line num="49" count="7" type="cond" truecount="2" falsecount="0"/>
        <line num="68" count="5" type="stmt"/>
      </file>
      <file name="Buynow.js" path="C:\shoppingcart-app\src\Components\Buynow.js">
        <metrics statements="59" coveredstatements="57" conditionals="32" coveredconditionals="28" methods="13" coveredmethods="13"/>
        <line num="29" count="2" type="stmt"/>
        <line num="127" count="2" type="stmt"/>
        <line num="128" count="93" type="stmt"/>
        <line num="129" count="88" type="stmt"/>
        <line num="141" count="87" type="stmt"/>
        <line num="142" count="87" type="stmt"/>
        <line num="143" count="87" type="stmt"/>
        <line num="145" count="87" type="stmt"/>
        <line num="146" count="45" type="stmt"/>
        <line num="147" count="45" type="stmt"/>
        <line num="148" count="45" type="stmt"/>
        <line num="152" count="45" type="stmt"/>
        <line num="159" count="45" type="cond" truecount="4" falsecount="0"/>
        <line num="160" count="6" type="cond" truecount="2" falsecount="2"/>
        <line num="161" count="0" type="stmt"/>
        <line num="167" count="6" type="cond" truecount="1" falsecount="1"/>
        <line num="168" count="0" type="stmt"/>
        <line num="174" count="6" type="cond" truecount="1" falsecount="1"/>
        <line num="181" count="87" type="stmt"/>
        <line num="182" count="45" type="stmt"/>
        <line num="185" count="87" type="stmt"/>
        <line num="186" count="1" type="stmt"/>
        <line num="187" count="1" type="stmt"/>
        <line num="190" count="87" type="stmt"/>
        <line num="191" count="4" type="cond" truecount="2" falsecount="0"/>
        <line num="192" count="2" type="stmt"/>
        <line num="193" count="2" type="stmt"/>
        <line num="197" count="87" type="stmt"/>
        <line num="198" count="9" type="stmt"/>
        <line num="201" count="87" type="stmt"/>
        <line num="202" count="1" type="stmt"/>
        <line num="211" count="87" type="stmt"/>
        <line num="212" count="15" type="cond" truecount="4" falsecount="0"/>
        <line num="214" count="8" type="cond" truecount="2" falsecount="0"/>
        <line num="215" count="7" type="stmt"/>
        <line num="216" count="7" type="stmt"/>
        <line num="224" count="1" type="stmt"/>
        <line num="231" count="8" type="stmt"/>
        <line num="233" count="3" type="cond" truecount="2" falsecount="0"/>
        <line num="234" count="2" type="stmt"/>
        <line num="235" count="2" type="stmt"/>
        <line num="244" count="1" type="stmt"/>
        <line num="251" count="3" type="stmt"/>
        <line num="253" count="3" type="cond" truecount="2" falsecount="0"/>
        <line num="254" count="2" type="stmt"/>
        <line num="255" count="2" type="stmt"/>
        <line num="263" count="1" type="stmt"/>
        <line num="270" count="3" type="stmt"/>
        <line num="272" count="1" type="stmt"/>
        <line num="279" count="87" type="cond" truecount="2" falsecount="0"/>
        <line num="280" count="3" type="stmt"/>
        <line num="281" count="84" type="cond" truecount="2" falsecount="0"/>
        <line num="282" count="3" type="stmt"/>
        <line num="284" count="81" type="stmt"/>
        <line num="304" count="84" type="stmt"/>
        <line num="305" count="84" type="stmt"/>
        <line num="319" count="3" type="stmt"/>
        <line num="323" count="1" type="stmt"/>
        <line num="327" count="1" type="stmt"/>
      </file>
      <file name="BuynowButton.js" path="C:\shoppingcart-app\src\Components\BuynowButton.js">
        <metrics statements="11" coveredstatements="11" conditionals="2" coveredconditionals="2" methods="3" coveredmethods="3"/>
        <line num="8" count="6" type="stmt"/>
        <line num="9" count="60" type="stmt"/>
        <line num="10" count="60" type="stmt"/>
        <line num="12" count="60" type="stmt"/>
        <line num="13" count="2" type="cond" truecount="2" falsecount="0"/>
        <line num="14" count="1" type="stmt"/>
        <line num="15" count="1" type="stmt"/>
        <line num="17" count="1" type="stmt"/>
        <line num="21" count="60" type="stmt"/>
        <line num="33" count="60" type="stmt"/>
        <line num="34" count="2" type="stmt"/>
      </file>
      <file name="BuynowSubItems.js" path="C:\shoppingcart-app\src\Components\BuynowSubItems.js">
        <metrics statements="17" coveredstatements="17" conditionals="2" coveredconditionals="2" methods="5" coveredmethods="5"/>
        <line num="7" count="2" type="stmt"/>
        <line num="44" count="2" type="stmt"/>
        <line num="45" count="81" type="stmt"/>
        <line num="46" count="81" type="stmt"/>
        <line num="56" count="2" type="stmt"/>
        <line num="57" count="84" type="stmt"/>
        <line num="58" count="84" type="stmt"/>
        <line num="60" count="84" type="stmt"/>
        <line num="78" count="2" type="stmt"/>
        <line num="79" count="81" type="stmt"/>
        <line num="80" count="81" type="stmt"/>
        <line num="82" count="81" type="stmt"/>
        <line num="83" count="1" type="stmt"/>
        <line num="86" count="81" type="stmt"/>
        <line num="95" count="2" type="stmt"/>
        <line num="96" count="81" type="stmt"/>
        <line num="98" count="81" type="stmt"/>
      </file>
      <file name="Cart.js" path="C:\shoppingcart-app\src\Components\Cart.js">
        <metrics statements="24" coveredstatements="24" conditionals="12" coveredconditionals="12" methods="6" coveredmethods="6"/>
        <line num="17" count="2" type="stmt"/>
        <line num="34" count="2" type="stmt"/>
        <line num="35" count="13" type="stmt"/>
        <line num="36" count="9" type="stmt"/>
        <line num="37" count="9" type="stmt"/>
        <line num="38" count="9" type="stmt"/>
        <line num="39" count="9" type="stmt"/>
        <line num="40" count="9" type="stmt"/>
        <line num="41" count="9" type="stmt"/>
        <line num="42" count="9" type="stmt"/>
        <line num="44" count="9" type="stmt"/>
        <line num="45" count="1" type="stmt"/>
        <line num="46" count="1" type="stmt"/>
        <line num="49" count="9" type="stmt"/>
        <line num="50" count="2" type="cond" truecount="4" falsecount="0"/>
        <line num="51" count="1" type="stmt"/>
        <line num="52" count="1" type="stmt"/>
        <line num="56" count="9" type="cond" truecount="2" falsecount="0"/>
        <line num="57" count="1" type="stmt"/>
        <line num="65" count="8" type="stmt"/>
        <line num="75" count="8" type="stmt"/>
        <line num="76" count="8" type="stmt"/>
        <line num="102" count="2" type="stmt"/>
        <line num="107" count="1" type="stmt"/>
      </file>
      <file name="CartNavbar.js" path="C:\shoppingcart-app\src\Components\CartNavbar.js">
        <metrics statements="4" coveredstatements="4" conditionals="2" coveredconditionals="2" methods="1" coveredmethods="1"/>
        <line num="8" count="2" type="stmt"/>
        <line num="28" count="2" type="stmt"/>
        <line num="29" count="8" type="stmt"/>
        <line num="30" count="8" type="stmt"/>
      </file>
      <file name="Categories.js" path="C:\shoppingcart-app\src\Components\Categories.js">
        <metrics statements="9" coveredstatements="9" conditionals="2" coveredconditionals="1" methods="2" coveredmethods="2"/>
        <line num="10" count="2" type="stmt"/>
        <line num="11" count="7" type="stmt"/>
        <line num="12" count="6" type="stmt"/>
        <line num="13" count="2" type="stmt"/>
        <line num="14" count="2" type="stmt"/>
        <line num="15" count="2" type="stmt"/>
        <line num="17" count="2" type="stmt"/>
        <line num="18" count="4" type="stmt"/>
        <line num="21" count="2" type="stmt"/>
      </file>
      <file name="Checkout.js" path="C:\shoppingcart-app\src\Components\Checkout.js">
        <metrics statements="98" coveredstatements="85" conditionals="60" coveredconditionals="49" methods="19" coveredmethods="16"/>
        <line num="22" count="3" type="stmt"/>
        <line num="23" count="150" type="stmt"/>
        <line num="24" count="150" type="stmt"/>
        <line num="25" count="150" type="cond" truecount="2" falsecount="0"/>
        <line num="26" count="150" type="stmt"/>
        <line num="27" count="150" type="stmt"/>
        <line num="28" count="148" type="stmt"/>
        <line num="29" count="144" type="stmt"/>
        <line num="33" count="144" type="stmt"/>
        <line num="53" count="144" type="stmt"/>
        <line num="54" count="64" type="stmt"/>
        <line num="56" count="144" type="stmt"/>
        <line num="57" count="576" type="stmt"/>
        <line num="59" count="144" type="stmt"/>
        <line num="60" count="93" type="stmt"/>
        <line num="63" count="144" type="stmt"/>
        <line num="64" count="31" type="stmt"/>
        <line num="65" count="31" type="cond" truecount="2" falsecount="0"/>
        <line num="66" count="2" type="stmt"/>
        <line num="72" count="31" type="cond" truecount="2" falsecount="0"/>
        <line num="73" count="8" type="cond" truecount="2" falsecount="0"/>
        <line num="74" count="6" type="stmt"/>
        <line num="80" count="2" type="cond" truecount="2" falsecount="0"/>
        <line num="81" count="1" type="stmt"/>
        <line num="87" count="1" type="stmt"/>
        <line num="94" count="31" type="cond" truecount="2" falsecount="0"/>
        <line num="95" count="10" type="cond" truecount="2" falsecount="0"/>
        <line num="96" count="8" type="stmt"/>
        <line num="102" count="2" type="cond" truecount="2" falsecount="0"/>
        <line num="103" count="1" type="stmt"/>
        <line num="109" count="1" type="stmt"/>
        <line num="116" count="31" type="cond" truecount="2" falsecount="0"/>
        <line num="117" count="5" type="stmt"/>
        <line num="123" count="31" type="cond" truecount="1" falsecount="1"/>
        <line num="124" count="0" type="stmt"/>
        <line num="126" count="31" type="cond" truecount="1" falsecount="1"/>
        <line num="127" count="0" type="cond" truecount="0" falsecount="2"/>
        <line num="128" count="0" type="stmt"/>
        <line num="134" count="0" type="stmt"/>
        <line num="142" count="31" type="cond" truecount="1" falsecount="1"/>
        <line num="143" count="0" type="cond" truecount="0" falsecount="2"/>
        <line num="144" count="0" type="stmt"/>
        <line num="150" count="0" type="stmt"/>
        <line num="153" count="31" type="cond" truecount="1" falsecount="1"/>
        <line num="154" count="0" type="cond" truecount="0" falsecount="2"/>
        <line num="155" count="0" type="stmt"/>
        <line num="161" count="0" type="stmt"/>
        <line num="164" count="31" type="cond" truecount="2" falsecount="0"/>
        <line num="165" count="6" type="stmt"/>
        <line num="173" count="144" type="stmt"/>
        <line num="174" count="12" type="stmt"/>
        <line num="175" count="12" type="stmt"/>
        <line num="180" count="12" type="cond" truecount="2" falsecount="0"/>
        <line num="181" count="11" type="stmt"/>
        <line num="183" count="11" type="stmt"/>
        <line num="184" count="11" type="stmt"/>
        <line num="197" count="12" type="stmt"/>
        <line num="204" count="144" type="stmt"/>
        <line num="205" count="9" type="stmt"/>
        <line num="216" count="9" type="stmt"/>
        <line num="217" count="9" type="cond" truecount="2" falsecount="0"/>
        <line num="218" count="1" type="stmt"/>
        <line num="222" count="8" type="cond" truecount="2" falsecount="0"/>
        <line num="223" count="1" type="stmt"/>
        <line num="227" count="7" type="cond" truecount="2" falsecount="0"/>
        <line num="228" count="1" type="stmt"/>
        <line num="232" count="6" type="cond" truecount="2" falsecount="0"/>
        <line num="233" count="1" type="stmt"/>
        <line num="237" count="5" type="cond" truecount="2" falsecount="0"/>
        <line num="238" count="1" type="stmt"/>
        <line num="242" count="4" type="cond" truecount="2" falsecount="0"/>
        <line num="243" count="1" type="stmt"/>
        <line num="247" count="3" type="cond" truecount="2" falsecount="0"/>
        <line num="248" count="1" type="stmt"/>
        <line num="252" count="2" type="cond" truecount="2" falsecount="0"/>
        <line num="253" count="1" type="stmt"/>
        <line num="258" count="1" type="stmt"/>
        <line num="259" count="1" type="stmt"/>
        <line num="267" count="1" type="stmt"/>
        <line num="268" count="1" type="stmt"/>
        <line num="269" count="1" type="cond" truecount="1" falsecount="1"/>
        <line num="270" count="1" type="stmt"/>
        <line num="271" count="1" type="stmt"/>
        <line num="272" count="1" type="stmt"/>
        <line num="273" count="1" type="stmt"/>
        <line num="276" count="1" type="stmt"/>
        <line num="280" count="144" type="stmt"/>
        <line num="341" count="2" type="stmt"/>
        <line num="361" count="10" type="stmt"/>
        <line num="382" count="8" type="stmt"/>
        <line num="402" count="6" type="stmt"/>
        <line num="426" count="5" type="stmt"/>
        <line num="458" count="0" type="stmt"/>
        <line num="461" count="204" type="stmt"/>
        <line num="499" count="0" type="stmt"/>
        <line num="502" count="220" type="stmt"/>
        <line num="533" count="0" type="stmt"/>
        <line num="536" count="160" type="stmt"/>
      </file>
      <file name="Description.js" path="C:\shoppingcart-app\src\Components\Description.js">
        <metrics statements="16" coveredstatements="15" conditionals="2" coveredconditionals="2" methods="3" coveredmethods="2"/>
        <line num="10" count="7" type="stmt"/>
        <line num="22" count="7" type="stmt"/>
        <line num="23" count="27" type="stmt"/>
        <line num="24" count="27" type="stmt"/>
        <line num="25" count="27" type="stmt"/>
        <line num="26" count="27" type="stmt"/>
        <line num="27" count="27" type="stmt"/>
        <line num="28" count="27" type="stmt"/>
        <line num="29" count="27" type="stmt"/>
        <line num="30" count="27" type="stmt"/>
        <line num="32" count="27" type="stmt"/>
        <line num="33" count="1" type="stmt"/>
        <line num="34" count="1" type="stmt"/>
        <line num="35" count="1" type="stmt"/>
        <line num="38" count="27" type="stmt"/>
        <line num="57" count="0" type="stmt"/>
      </file>
      <file name="FinalOrder.js" path="C:\shoppingcart-app\src\Components\FinalOrder.js">
        <metrics statements="4" coveredstatements="4" conditionals="0" coveredconditionals="0" methods="1" coveredmethods="1"/>
        <line num="5" count="1" type="stmt"/>
        <line num="16" count="1" type="stmt"/>
        <line num="17" count="1" type="stmt"/>
        <line num="19" count="1" type="stmt"/>
      </file>
      <file name="Footer.js" path="C:\shoppingcart-app\src\Components\Footer.js">
        <metrics statements="4" coveredstatements="4" conditionals="0" coveredconditionals="0" methods="1" coveredmethods="1"/>
        <line num="9" count="1" type="stmt"/>
        <line num="22" count="1" type="stmt"/>
        <line num="23" count="1" type="stmt"/>
        <line num="25" count="1" type="stmt"/>
      </file>
      <file name="Imageslider.js" path="C:\shoppingcart-app\src\Components\Imageslider.js">
        <metrics statements="9" coveredstatements="9" conditionals="0" coveredconditionals="0" methods="4" coveredmethods="4"/>
        <line num="10" count="2" type="stmt"/>
        <line num="35" count="2" type="stmt"/>
        <line num="36" count="3" type="stmt"/>
        <line num="37" count="3" type="stmt"/>
        <line num="39" count="3" type="stmt"/>
        <line num="40" count="1" type="stmt"/>
        <line num="43" count="3" type="stmt"/>
        <line num="57" count="9" type="stmt"/>
        <line num="64" count="1" type="stmt"/>
      </file>
      <file name="Login.js" path="C:\shoppingcart-app\src\Components\Login.js">
        <metrics statements="47" coveredstatements="45" conditionals="42" coveredconditionals="39" methods="8" coveredmethods="8"/>
        <line num="7" count="1" type="stmt"/>
        <line num="33" count="1" type="stmt"/>
        <line num="34" count="20" type="stmt"/>
        <line num="44" count="20" type="stmt"/>
        <line num="45" count="20" type="stmt"/>
        <line num="46" count="20" type="stmt"/>
        <line num="47" count="20" type="stmt"/>
        <line num="48" count="20" type="stmt"/>
        <line num="50" count="20" type="stmt"/>
        <line num="52" count="20" type="stmt"/>
        <line num="53" count="7" type="cond" truecount="2" falsecount="0"/>
        <line num="54" count="1" type="stmt"/>
        <line num="55" count="1" type="stmt"/>
        <line num="59" count="20" type="stmt"/>
        <line num="60" count="5" type="stmt"/>
        <line num="61" count="5" type="cond" truecount="2" falsecount="0"/>
        <line num="62" count="4" type="stmt"/>
        <line num="69" count="1" type="cond" truecount="1" falsecount="1"/>
        <line num="70" count="0" type="stmt"/>
        <line num="77" count="1" type="stmt"/>
        <line num="86" count="20" type="stmt"/>
        <line num="87" count="2" type="stmt"/>
        <line num="88" count="2" type="cond" truecount="1" falsecount="1"/>
        <line num="89" count="0" type="stmt"/>
        <line num="95" count="2" type="stmt"/>
        <line num="103" count="20" type="stmt"/>
        <line num="104" count="5" type="stmt"/>
        <line num="105" count="5" type="cond" truecount="2" falsecount="0"/>
        <line num="106" count="5" type="stmt"/>
        <line num="107" count="4" type="cond" truecount="2" falsecount="0"/>
        <line num="111" count="1" type="stmt"/>
        <line num="117" count="5" type="cond" truecount="2" falsecount="0"/>
        <line num="118" count="1" type="stmt"/>
        <line num="119" count="1" type="stmt"/>
        <line num="120" count="1" type="stmt"/>
        <line num="121" count="1" type="stmt"/>
        <line num="123" count="4" type="stmt"/>
        <line num="124" count="4" type="stmt"/>
        <line num="125" count="4" type="cond" truecount="2" falsecount="0"/>
        <line num="127" count="1" type="stmt"/>
        <line num="128" count="3" type="cond" truecount="2" falsecount="0"/>
        <line num="132" count="1" type="stmt"/>
        <line num="137" count="2" type="cond" truecount="2" falsecount="0"/>
        <line num="138" count="1" type="stmt"/>
        <line num="142" count="1" type="cond" truecount="3" falsecount="1"/>
        <line num="144" count="1" type="stmt"/>
        <line num="155" count="20" type="stmt"/>
      </file>
      <file name="Logout.js" path="C:\shoppingcart-app\src\Components\Logout.js">
        <metrics statements="12" coveredstatements="12" conditionals="2" coveredconditionals="2" methods="2" coveredmethods="2"/>
        <line num="9" count="2" type="stmt"/>
        <line num="50" count="2" type="stmt"/>
        <line num="51" count="8" type="stmt"/>
        <line num="52" count="8" type="stmt"/>
        <line num="53" count="8" type="stmt"/>
        <line num="54" count="8" type="stmt"/>
        <line num="56" count="8" type="stmt"/>
        <line num="57" count="1" type="stmt"/>
        <line num="58" count="1" type="stmt"/>
        <line num="59" count="1" type="stmt"/>
        <line num="60" count="1" type="stmt"/>
        <line num="63" count="8" type="cond" truecount="2" falsecount="0"/>
      </file>
      <file name="Navbar.js" path="C:\shoppingcart-app\src\Components\Navbar.js">
        <metrics statements="17" coveredstatements="17" conditionals="0" coveredconditionals="0" methods="3" coveredmethods="3"/>
        <line num="13" count="1" type="stmt"/>
        <line num="53" count="1" type="stmt"/>
        <line num="54" count="6" type="stmt"/>
        <line num="55" count="6" type="stmt"/>
        <line num="56" count="6" type="stmt"/>
        <line num="57" count="6" type="stmt"/>
        <line num="58" count="6" type="stmt"/>
        <line num="59" count="6" type="stmt"/>
        <line num="60" count="6" type="stmt"/>
        <line num="61" count="6" type="stmt"/>
        <line num="63" count="6" type="stmt"/>
        <line num="65" count="6" type="stmt"/>
        <line num="66" count="1" type="stmt"/>
        <line num="67" count="1" type="stmt"/>
        <line num="70" count="6" type="stmt"/>
        <line num="71" count="1" type="stmt"/>
        <line num="74" count="6" type="stmt"/>
      </file>
      <file name="NavbarDropDown.js" path="C:\shoppingcart-app\src\Components\NavbarDropDown.js">
        <metrics statements="57" coveredstatements="49" conditionals="26" coveredconditionals="25" methods="17" coveredmethods="9"/>
        <line num="15" count="5" type="stmt"/>
        <line num="89" count="5" type="stmt"/>
        <line num="90" count="54" type="stmt"/>
        <line num="91" count="51" type="stmt"/>
        <line num="92" count="51" type="stmt"/>
        <line num="93" count="47" type="stmt"/>
        <line num="94" count="47" type="stmt"/>
        <line num="95" count="43" type="stmt"/>
        <line num="96" count="39" type="stmt"/>
        <line num="97" count="39" type="stmt"/>
        <line num="98" count="39" type="stmt"/>
        <line num="99" count="39" type="stmt"/>
        <line num="100" count="39" type="stmt"/>
        <line num="101" count="39" type="stmt"/>
        <line num="103" count="39" type="stmt"/>
        <line num="104" count="2" type="stmt"/>
        <line num="107" count="39" type="stmt"/>
        <line num="108" count="1" type="stmt"/>
        <line num="111" count="39" type="stmt"/>
        <line num="112" count="4" type="stmt"/>
        <line num="113" count="4" type="stmt"/>
        <line num="114" count="4" type="stmt"/>
        <line num="117" count="39" type="stmt"/>
        <line num="118" count="9" type="cond" truecount="2" falsecount="0"/>
        <line num="122" count="3" type="stmt"/>
        <line num="123" count="3" type="stmt"/>
        <line num="124" count="3" type="stmt"/>
        <line num="125" count="6" type="cond" truecount="2" falsecount="0"/>
        <line num="129" count="1" type="stmt"/>
        <line num="130" count="1" type="stmt"/>
        <line num="131" count="5" type="cond" truecount="2" falsecount="0"/>
        <line num="135" count="1" type="stmt"/>
        <line num="136" count="1" type="stmt"/>
        <line num="137" count="4" type="cond" truecount="2" falsecount="0"/>
        <line num="138" count="3" type="stmt"/>
        <line num="139" count="3" type="stmt"/>
        <line num="141" count="1" type="stmt"/>
        <line num="142" count="1" type="stmt"/>
        <line num="143" count="1" type="stmt"/>
        <line num="147" count="39" type="stmt"/>
        <line num="148" count="16" type="stmt"/>
        <line num="151" count="39" type="stmt"/>
        <line num="152" count="3" type="stmt"/>
        <line num="153" count="3" type="stmt"/>
        <line num="154" count="3" type="stmt"/>
        <line num="157" count="39" type="stmt"/>
        <line num="162" count="39" type="stmt"/>
        <line num="236" count="2" type="cond" truecount="1" falsecount="1"/>
        <line num="243" count="2" type="stmt"/>
        <line num="252" count="0" type="stmt"/>
        <line num="253" count="0" type="stmt"/>
        <line num="260" count="0" type="stmt"/>
        <line num="261" count="0" type="stmt"/>
        <line num="268" count="0" type="stmt"/>
        <line num="269" count="0" type="stmt"/>
        <line num="275" count="0" type="stmt"/>
        <line num="276" count="0" type="stmt"/>
      </file>
      <file name="NotFoundPage.js" path="C:\shoppingcart-app\src\Components\NotFoundPage.js">
        <metrics statements="4" coveredstatements="4" conditionals="0" coveredconditionals="0" methods="1" coveredmethods="1"/>
        <line num="5" count="1" type="stmt"/>
        <line num="13" count="1" type="stmt"/>
        <line num="14" count="1" type="stmt"/>
        <line num="16" count="1" type="stmt"/>
      </file>
      <file name="PriceFormat.js" path="C:\shoppingcart-app\src\Components\PriceFormat.js">
        <metrics statements="6" coveredstatements="6" conditionals="0" coveredconditionals="0" methods="2" coveredmethods="2"/>
        <line num="4" count="10" type="stmt"/>
        <line num="5" count="498" type="stmt"/>
        <line num="11" count="10" type="stmt"/>
        <line num="25" count="10" type="stmt"/>
        <line num="26" count="82" type="stmt"/>
        <line num="28" count="82" type="stmt"/>
      </file>
      <file name="Product.js" path="C:\shoppingcart-app\src\Components\Product.js">
        <metrics statements="30" coveredstatements="30" conditionals="16" coveredconditionals="14" methods="8" coveredmethods="8"/>
        <line num="14" count="1" type="stmt"/>
        <line num="16" count="1" type="stmt"/>
        <line num="32" count="1" type="stmt"/>
        <line num="33" count="22" type="stmt"/>
        <line num="34" count="21" type="stmt"/>
        <line num="35" count="21" type="stmt"/>
        <line num="36" count="21" type="cond" truecount="2" falsecount="0"/>
        <line num="37" count="21" type="stmt"/>
        <line num="38" count="21" type="stmt"/>
        <line num="39" count="21" type="stmt"/>
        <line num="40" count="21" type="stmt"/>
        <line num="41" count="21" type="stmt"/>
        <line num="43" count="21" type="cond" truecount="2" falsecount="0"/>
        <line num="45" count="21" type="stmt"/>
        <line num="47" count="18" type="cond" truecount="1" falsecount="1"/>
        <line num="48" count="18" type="cond" truecount="2" falsecount="0"/>
        <line num="49" count="1" type="stmt"/>
        <line num="51" count="18" type="stmt"/>
        <line num="55" count="21" type="stmt"/>
        <line num="56" count="18" type="stmt"/>
        <line num="59" count="21" type="stmt"/>
        <line num="61" count="21" type="stmt"/>
        <line num="62" count="9" type="stmt"/>
        <line num="63" count="9" type="stmt"/>
        <line num="65" count="9" type="cond" truecount="1" falsecount="1"/>
        <line num="68" count="21" type="stmt"/>
        <line num="69" count="12" type="cond" truecount="2" falsecount="0"/>
        <line num="70" count="9" type="stmt"/>
        <line num="76" count="21" type="stmt"/>
        <line num="77" count="21" type="stmt"/>
      </file>
      <file name="ProductDetail2.js" path="C:\shoppingcart-app\src\Components\ProductDetail2.js">
        <metrics statements="6" coveredstatements="6" conditionals="2" coveredconditionals="1" methods="1" coveredmethods="1"/>
        <line num="18" count="1" type="stmt"/>
        <line num="91" count="1" type="stmt"/>
        <line num="92" count="20" type="stmt"/>
        <line num="107" count="20" type="stmt"/>
        <line num="109" count="20" type="stmt"/>
        <line num="111" count="20" type="stmt"/>
      </file>
      <file name="ProductList.js" path="C:\shoppingcart-app\src\Components\ProductList.js">
        <metrics statements="9" coveredstatements="9" conditionals="4" coveredconditionals="4" methods="3" coveredmethods="3"/>
        <line num="15" count="2" type="stmt"/>
        <line num="17" count="2" type="stmt"/>
        <line num="57" count="2" type="stmt"/>
        <line num="58" count="1" type="stmt"/>
        <line num="61" count="2" type="stmt"/>
        <line num="62" count="9" type="stmt"/>
        <line num="64" count="7" type="stmt"/>
        <line num="71" count="7" type="stmt"/>
        <line num="73" count="3" type="stmt"/>
      </file>
      <file name="Quantity.js" path="C:\shoppingcart-app\src\Components\Quantity.js">
        <metrics statements="15" coveredstatements="15" conditionals="4" coveredconditionals="4" methods="5" coveredmethods="5"/>
        <line num="8" count="7" type="stmt"/>
        <line num="31" count="7" type="stmt"/>
        <line num="32" count="30" type="stmt"/>
        <line num="33" count="30" type="stmt"/>
        <line num="34" count="30" type="stmt"/>
        <line num="36" count="30" type="stmt"/>
        <line num="37" count="1" type="stmt"/>
        <line num="38" count="1" type="stmt"/>
        <line num="41" count="30" type="stmt"/>
        <line num="42" count="2" type="cond" truecount="4" falsecount="0"/>
        <line num="43" count="1" type="stmt"/>
        <line num="44" count="1" type="stmt"/>
        <line num="48" count="30" type="stmt"/>
        <line num="52" count="2" type="stmt"/>
        <line num="56" count="1" type="stmt"/>
      </file>
      <file name="RatingsAndAddressCard.js" path="C:\shoppingcart-app\src\Components\RatingsAndAddressCard.js">
        <metrics statements="10" coveredstatements="10" conditionals="0" coveredconditionals="0" methods="2" coveredmethods="2"/>
        <line num="4" count="4" type="stmt"/>
        <line num="23" count="4" type="stmt"/>
        <line num="24" count="40" type="stmt"/>
        <line num="26" count="40" type="stmt"/>
        <line num="46" count="4" type="stmt"/>
        <line num="47" count="12" type="stmt"/>
        <line num="48" count="12" type="stmt"/>
        <line num="49" count="12" type="stmt"/>
        <line num="50" count="12" type="stmt"/>
        <line num="52" count="12" type="stmt"/>
      </file>
      <file name="RecentlyViewedProducts.js" path="C:\shoppingcart-app\src\Components\RecentlyViewedProducts.js">
        <metrics statements="17" coveredstatements="16" conditionals="21" coveredconditionals="21" methods="7" coveredmethods="6"/>
        <line num="12" count="1" type="stmt"/>
        <line num="23" count="1" type="stmt"/>
        <line num="24" count="9" type="stmt"/>
        <line num="26" count="9" type="stmt"/>
        <line num="27" count="9" type="stmt"/>
        <line num="28" count="9" type="stmt"/>
        <line num="29" count="154" type="stmt"/>
        <line num="33" count="9" type="stmt"/>
        <line num="35" count="9" type="stmt"/>
        <line num="36" count="9" type="stmt"/>
        <line num="37" count="9" type="stmt"/>
        <line num="38" count="9" type="stmt"/>
        <line num="39" count="0" type="stmt"/>
        <line num="41" count="9" type="stmt"/>
        <line num="43" count="9" type="stmt"/>
        <line num="46" count="9" type="stmt"/>
        <line num="48" count="9" type="stmt"/>
      </file>
      <file name="Registration.js" path="C:\shoppingcart-app\src\Components\Registration.js">
        <metrics statements="62" coveredstatements="54" conditionals="68" coveredconditionals="59" methods="3" coveredmethods="3"/>
        <line num="7" count="1" type="stmt"/>
        <line num="8" count="1" type="stmt"/>
        <line num="9" count="1" type="stmt"/>
        <line num="11" count="1" type="stmt"/>
        <line num="12" count="38" type="stmt"/>
        <line num="29" count="37" type="stmt"/>
        <line num="30" count="37" type="stmt"/>
        <line num="31" count="37" type="stmt"/>
        <line num="33" count="37" type="stmt"/>
        <line num="34" count="18" type="stmt"/>
        <line num="35" count="18" type="cond" truecount="2" falsecount="0"/>
        <line num="36" count="5" type="cond" truecount="1" falsecount="1"/>
        <line num="37" count="0" type="stmt"/>
        <line num="43" count="5" type="stmt"/>
        <line num="51" count="18" type="cond" truecount="2" falsecount="0"/>
        <line num="52" count="5" type="cond" truecount="2" falsecount="0"/>
        <line num="53" count="4" type="stmt"/>
        <line num="60" count="1" type="cond" truecount="1" falsecount="1"/>
        <line num="61" count="0" type="stmt"/>
        <line num="67" count="1" type="stmt"/>
        <line num="75" count="18" type="cond" truecount="2" falsecount="0"/>
        <line num="76" count="4" type="cond" truecount="2" falsecount="0"/>
        <line num="77" count="3" type="stmt"/>
        <line num="84" count="1" type="cond" truecount="1" falsecount="1"/>
        <line num="85" count="0" type="stmt"/>
        <line num="91" count="1" type="stmt"/>
        <line num="99" count="18" type="cond" truecount="2" falsecount="0"/>
        <line num="100" count="2" type="cond" truecount="2" falsecount="0"/>
        <line num="101" count="1" type="stmt"/>
        <line num="108" count="1" type="cond" truecount="1" falsecount="1"/>
        <line num="109" count="0" type="stmt"/>
        <line num="115" count="1" type="stmt"/>
        <line num="123" count="18" type="cond" truecount="2" falsecount="0"/>
        <line num="124" count="2" type="cond" truecount="2" falsecount="0"/>
        <line num="125" count="1" type="stmt"/>
        <line num="132" count="1" type="cond" truecount="1" falsecount="1"/>
        <line num="133" count="0" type="stmt"/>
        <line num="139" count="1" type="stmt"/>
        <line num="149" count="37" type="stmt"/>
        <line num="150" count="8" type="stmt"/>
        <line num="151" count="8" type="cond" truecount="2" falsecount="0"/>
        <line num="152" count="3" type="stmt"/>
        <line num="154" count="5" type="cond" truecount="2" falsecount="0"/>
        <line num="155" count="1" type="stmt"/>
        <line num="156" count="4" type="cond" truecount="2" falsecount="0"/>
        <line num="157" count="1" type="stmt"/>
        <line num="158" count="3" type="cond" truecount="2" falsecount="0"/>
        <line num="159" count="2" type="stmt"/>
        <line num="160" count="1" type="cond" truecount="1" falsecount="1"/>
        <line num="161" count="0" type="stmt"/>
        <line num="166" count="1" type="cond" truecount="1" falsecount="1"/>
        <line num="174" count="0" type="stmt"/>
        <line num="176" count="1" type="cond" truecount="1" falsecount="1"/>
        <line num="177" count="0" type="stmt"/>
        <line num="179" count="1" type="cond" truecount="2" falsecount="0"/>
        <line num="180" count="1" type="stmt"/>
        <line num="190" count="1" type="stmt"/>
        <line num="199" count="1" type="stmt"/>
        <line num="200" count="1" type="stmt"/>
        <line num="201" count="1" type="stmt"/>
        <line num="202" count="1" type="stmt"/>
        <line num="208" count="37" type="stmt"/>
      </file>
      <file name="RemoveProduct.js" path="C:\shoppingcart-app\src\Components\RemoveProduct.js">
        <metrics statements="10" coveredstatements="10" conditionals="0" coveredconditionals="0" methods="3" coveredmethods="3"/>
        <line num="7" count="7" type="stmt"/>
        <line num="16" count="7" type="stmt"/>
        <line num="17" count="1" type="stmt"/>
        <line num="18" count="1" type="stmt"/>
        <line num="19" count="1" type="stmt"/>
        <line num="21" count="1" type="stmt"/>
        <line num="22" count="1" type="stmt"/>
        <line num="23" count="1" type="stmt"/>
        <line num="26" count="1" type="stmt"/>
        <line num="30" count="1" type="stmt"/>
      </file>
      <file name="RemoveProductFromCart.js" path="C:\shoppingcart-app\src\Components\RemoveProductFromCart.js">
        <metrics statements="8" coveredstatements="8" conditionals="0" coveredconditionals="0" methods="3" coveredmethods="3"/>
        <line num="6" count="3" type="stmt"/>
        <line num="7" count="7" type="stmt"/>
        <line num="8" count="7" type="stmt"/>
        <line num="10" count="7" type="stmt"/>
        <line num="11" count="1" type="stmt"/>
        <line num="12" count="1" type="stmt"/>
        <line num="15" count="7" type="stmt"/>
        <line num="19" count="1" type="stmt"/>
      </file>
      <file name="ScrollTop.js" path="C:\shoppingcart-app\src\Components\ScrollTop.js">
        <metrics statements="12" coveredstatements="11" conditionals="4" coveredconditionals="3" methods="4" coveredmethods="4"/>
        <line num="7" count="1" type="stmt"/>
        <line num="23" count="1" type="stmt"/>
        <line num="24" count="3" type="stmt"/>
        <line num="25" count="3" type="stmt"/>
        <line num="27" count="3" type="stmt"/>
        <line num="28" count="3" type="stmt"/>
        <line num="29" count="5" type="cond" truecount="1" falsecount="1"/>
        <line num="30" count="5" type="stmt"/>
        <line num="32" count="0" type="stmt"/>
        <line num="37" count="3" type="stmt"/>
        <line num="38" count="1" type="stmt"/>
        <line num="44" count="3" type="stmt"/>
      </file>
      <file name="Search.js" path="C:\shoppingcart-app\src\Components\Search.js">
        <metrics statements="4" coveredstatements="4" conditionals="2" coveredconditionals="1" methods="1" coveredmethods="1"/>
        <line num="6" count="6" type="stmt"/>
        <line num="29" count="6" type="stmt"/>
        <line num="30" count="3" type="stmt"/>
        <line num="31" count="3" type="stmt"/>
      </file>
      <file name="Sidebar.js" path="C:\shoppingcart-app\src\Components\Sidebar.js">
        <metrics statements="13" coveredstatements="13" conditionals="2" coveredconditionals="2" methods="5" coveredmethods="5"/>
        <line num="11" count="1" type="stmt"/>
        <line num="62" count="1" type="stmt"/>
        <line num="63" count="8" type="stmt"/>
        <line num="64" count="8" type="stmt"/>
        <line num="65" count="8" type="stmt"/>
        <line num="66" count="8" type="stmt"/>
        <line num="67" count="8" type="stmt"/>
        <line num="69" count="8" type="stmt"/>
        <line num="70" count="1" type="stmt"/>
        <line num="71" count="1" type="stmt"/>
        <line num="74" count="8" type="stmt"/>
        <line num="84" count="40" type="stmt"/>
        <line num="85" count="1" type="stmt"/>
      </file>
      <file name="SimilarProducts.js" path="C:\shoppingcart-app\src\Components\SimilarProducts.js">
        <metrics statements="8" coveredstatements="8" conditionals="0" coveredconditionals="0" methods="2" coveredmethods="2"/>
        <line num="9" count="1" type="stmt"/>
        <line num="25" count="1" type="stmt"/>
        <line num="26" count="20" type="stmt"/>
        <line num="27" count="20" type="stmt"/>
        <line num="29" count="20" type="stmt"/>
        <line num="30" count="20" type="stmt"/>
        <line num="31" count="116" type="stmt"/>
        <line num="33" count="20" type="stmt"/>
      </file>
      <file name="Snackbar.js" path="C:\shoppingcart-app\src\Components\Snackbar.js">
        <metrics statements="5" coveredstatements="5" conditionals="0" coveredconditionals="0" methods="2" coveredmethods="2"/>
        <line num="6" count="1" type="stmt"/>
        <line num="7" count="4" type="stmt"/>
        <line num="9" count="4" type="stmt"/>
        <line num="10" count="1" type="stmt"/>
        <line num="13" count="4" type="stmt"/>
      </file>
      <file name="Specification.js" path="C:\shoppingcart-app\src\Components\Specification.js">
        <metrics statements="5" coveredstatements="5" conditionals="0" coveredconditionals="0" methods="1" coveredmethods="1"/>
        <line num="14" count="1" type="stmt"/>
        <line num="46" count="1" type="stmt"/>
        <line num="47" count="20" type="stmt"/>
        <line num="48" count="20" type="stmt"/>
        <line num="50" count="20" type="stmt"/>
      </file>
      <file name="Wishlist.js" path="C:\shoppingcart-app\src\Components\Wishlist.js">
        <metrics statements="6" coveredstatements="6" conditionals="6" coveredconditionals="6" methods="1" coveredmethods="1"/>
        <line num="9" count="2" type="stmt"/>
        <line num="10" count="9" type="stmt"/>
        <line num="11" count="4" type="stmt"/>
        <line num="13" count="4" type="cond" truecount="2" falsecount="0"/>
        <line num="14" count="1" type="stmt"/>
        <line num="20" count="3" type="stmt"/>
      </file>
      <file name="WishlistNavbar.js" path="C:\shoppingcart-app\src\Components\WishlistNavbar.js">
        <metrics statements="13" coveredstatements="13" conditionals="4" coveredconditionals="4" methods="2" coveredmethods="2"/>
        <line num="9" count="2" type="stmt"/>
        <line num="36" count="2" type="stmt"/>
        <line num="37" count="10" type="stmt"/>
        <line num="38" count="10" type="stmt"/>
        <line num="39" count="10" type="stmt"/>
        <line num="40" count="10" type="stmt"/>
        <line num="42" count="10" type="stmt"/>
        <line num="43" count="2" type="cond" truecount="2" falsecount="0"/>
        <line num="44" count="1" type="stmt"/>
        <line num="45" count="1" type="stmt"/>
        <line num="47" count="1" type="stmt"/>
        <line num="48" count="1" type="stmt"/>
        <line num="52" count="10" type="stmt"/>
      </file>
      <file name="cartContext.js" path="C:\shoppingcart-app\src\Components\cartContext.js">
        <metrics statements="142" coveredstatements="142" conditionals="48" coveredconditionals="47" methods="35" coveredmethods="34"/>
        <line num="4" count="18" type="stmt"/>
        <line num="6" count="18" type="stmt"/>
        <line num="7" count="171" type="stmt"/>
        <line num="8" count="171" type="stmt"/>
        <line num="9" count="171" type="stmt"/>
        <line num="10" count="171" type="stmt"/>
        <line num="11" count="171" type="stmt"/>
        <line num="12" count="171" type="stmt"/>
        <line num="13" count="171" type="stmt"/>
        <line num="14" count="171" type="stmt"/>
        <line num="15" count="171" type="stmt"/>
        <line num="17" count="171" type="stmt"/>
        <line num="18" count="7" type="stmt"/>
        <line num="19" count="7" type="stmt"/>
        <line num="20" count="8" type="stmt"/>
        <line num="22" count="7" type="stmt"/>
        <line num="25" count="171" type="stmt"/>
        <line num="26" count="1" type="stmt"/>
        <line num="27" count="1" type="stmt"/>
        <line num="31" count="171" type="stmt"/>
        <line num="32" count="6" type="stmt"/>
        <line num="33" count="6" type="stmt"/>
        <line num="34" count="7" type="stmt"/>
        <line num="36" count="6" type="stmt"/>
        <line num="39" count="171" type="stmt"/>
        <line num="40" count="1" type="stmt"/>
        <line num="41" count="1" type="stmt"/>
        <line num="44" count="171" type="stmt"/>
        <line num="45" count="4" type="cond" truecount="2" falsecount="0"/>
        <line num="46" count="1" type="stmt"/>
        <line num="47" count="1" type="stmt"/>
        <line num="49" count="3" type="stmt"/>
        <line num="50" count="3" type="stmt"/>
        <line num="51" count="4" type="stmt"/>
        <line num="53" count="3" type="stmt"/>
        <line num="57" count="171" type="stmt"/>
        <line num="58" count="1" type="stmt"/>
        <line num="59" count="1" type="stmt"/>
        <line num="62" count="171" type="stmt"/>
        <line num="63" count="2" type="stmt"/>
        <line num="64" count="2" type="stmt"/>
        <line num="65" count="2" type="stmt"/>
        <line num="68" count="171" type="stmt"/>
        <line num="69" count="12" type="cond" truecount="2" falsecount="0"/>
        <line num="70" count="3" type="stmt"/>
        <line num="72" count="3" type="stmt"/>
        <line num="73" count="9" type="stmt"/>
        <line num="75" count="3" type="stmt"/>
        <line num="78" count="9" type="stmt"/>
        <line num="82" count="171" type="stmt"/>
        <line num="83" count="5" type="cond" truecount="2" falsecount="0"/>
        <line num="84" count="2" type="stmt"/>
        <line num="85" count="1" type="stmt"/>
        <line num="87" count="2" type="cond" truecount="4" falsecount="0"/>
        <line num="88" count="1" type="stmt"/>
        <line num="89" count="1" type="cond" truecount="1" falsecount="1"/>
        <line num="90" count="1" type="stmt"/>
        <line num="94" count="3" type="stmt"/>
        <line num="98" count="171" type="stmt"/>
        <line num="99" count="3" type="cond" truecount="2" falsecount="0"/>
        <line num="100" count="2" type="stmt"/>
        <line num="101" count="2" type="stmt"/>
        <line num="103" count="2" type="cond" truecount="2" falsecount="0"/>
        <line num="106" count="1" type="stmt"/>
        <line num="109" count="1" type="stmt"/>
        <line num="112" count="1" type="stmt"/>
        <line num="116" count="171" type="stmt"/>
        <line num="117" count="3" type="cond" truecount="2" falsecount="0"/>
        <line num="118" count="2" type="stmt"/>
        <line num="119" count="2" type="stmt"/>
        <line num="121" count="2" type="cond" truecount="2" falsecount="0"/>
        <line num="125" count="1" type="stmt"/>
        <line num="128" count="1" type="stmt"/>
        <line num="132" count="1" type="stmt"/>
        <line num="136" count="171" type="stmt"/>
        <line num="137" count="3" type="cond" truecount="2" falsecount="0"/>
        <line num="138" count="2" type="stmt"/>
        <line num="139" count="2" type="stmt"/>
        <line num="140" count="6" type="stmt"/>
        <line num="142" count="2" type="stmt"/>
        <line num="143" count="2" type="stmt"/>
        <line num="145" count="2" type="cond" truecount="2" falsecount="0"/>
        <line num="148" count="1" type="stmt"/>
        <line num="150" count="1" type="stmt"/>
        <line num="154" count="1" type="stmt"/>
        <line num="158" count="171" type="stmt"/>
        <line num="181" count="171" type="stmt"/>
        <line num="184" count="18" type="stmt"/>
        <line num="185" count="43" type="stmt"/>
        <line num="187" count="43" type="cond" truecount="2" falsecount="0"/>
        <line num="188" count="4" type="stmt"/>
        <line num="190" count="39" type="stmt"/>
        <line num="191" count="39" type="stmt"/>
        <line num="193" count="39" type="stmt"/>
        <line num="202" count="18" type="stmt"/>
        <line num="203" count="50" type="stmt"/>
        <line num="205" count="49" type="cond" truecount="2" falsecount="0"/>
        <line num="206" count="8" type="stmt"/>
        <line num="208" count="41" type="stmt"/>
        <line num="209" count="41" type="stmt"/>
        <line num="217" count="18" type="stmt"/>
        <line num="218" count="25" type="stmt"/>
        <line num="220" count="24" type="cond" truecount="2" falsecount="0"/>
        <line num="221" count="4" type="stmt"/>
        <line num="223" count="20" type="stmt"/>
        <line num="225" count="20" type="stmt"/>
        <line num="232" count="18" type="stmt"/>
        <line num="233" count="279" type="stmt"/>
        <line num="235" count="279" type="cond" truecount="2" falsecount="0"/>
        <line num="236" count="4" type="stmt"/>
        <line num="238" count="275" type="stmt"/>
        <line num="240" count="275" type="stmt"/>
        <line num="248" count="18" type="stmt"/>
        <line num="249" count="45" type="stmt"/>
        <line num="251" count="45" type="cond" truecount="2" falsecount="0"/>
        <line num="252" count="4" type="stmt"/>
        <line num="254" count="41" type="stmt"/>
        <line num="256" count="41" type="stmt"/>
        <line num="262" count="18" type="stmt"/>
        <line num="263" count="49" type="stmt"/>
        <line num="265" count="49" type="cond" truecount="2" falsecount="0"/>
        <line num="266" count="4" type="stmt"/>
        <line num="268" count="45" type="stmt"/>
        <line num="270" count="45" type="stmt"/>
        <line num="276" count="18" type="stmt"/>
        <line num="277" count="11" type="stmt"/>
        <line num="279" count="11" type="cond" truecount="2" falsecount="0"/>
        <line num="280" count="4" type="stmt"/>
        <line num="282" count="7" type="stmt"/>
        <line num="284" count="7" type="stmt"/>
        <line num="289" count="18" type="stmt"/>
        <line num="290" count="11" type="stmt"/>
        <line num="292" count="11" type="cond" truecount="2" falsecount="0"/>
        <line num="293" count="4" type="stmt"/>
        <line num="295" count="7" type="stmt"/>
        <line num="297" count="7" type="stmt"/>
        <line num="302" count="18" type="stmt"/>
        <line num="303" count="11" type="stmt"/>
        <line num="305" count="11" type="cond" truecount="2" falsecount="0"/>
        <line num="306" count="4" type="stmt"/>
        <line num="308" count="7" type="stmt"/>
        <line num="310" count="7" type="stmt"/>
      </file>
      <file name="imageCarousel.js" path="C:\shoppingcart-app\src\Components\imageCarousel.js">
        <metrics statements="14" coveredstatements="14" conditionals="0" coveredconditionals="0" methods="5" coveredmethods="5"/>
        <line num="11" count="3" type="stmt"/>
        <line num="33" count="3" type="stmt"/>
        <line num="34" count="5" type="stmt"/>
        <line num="35" count="5" type="stmt"/>
        <line num="36" count="5" type="stmt"/>
        <line num="37" count="5" type="stmt"/>
        <line num="39" count="5" type="stmt"/>
        <line num="40" count="4" type="stmt"/>
        <line num="43" count="5" type="stmt"/>
        <line num="44" count="5" type="stmt"/>
        <line num="46" count="5" type="stmt"/>
        <line num="50" count="9" type="stmt"/>
        <line num="51" count="9" type="stmt"/>
        <line num="59" count="4" type="stmt"/>
      </file>
    </package>
    <package name="src.Components.Util">
      <metrics statements="58" coveredstatements="58" conditionals="21" coveredconditionals="17" methods="20" coveredmethods="20"/>
      <file name="CommonCarouselComponets.js" path="C:\shoppingcart-app\src\Components\Util\CommonCarouselComponets.js">
        <metrics statements="32" coveredstatements="32" conditionals="13" coveredconditionals="13" methods="14" coveredmethods="14"/>
        <line num="16" count="3" type="stmt"/>
        <line num="93" count="3" type="stmt"/>
        <line num="162" count="3" type="stmt"/>
        <line num="226" count="3" type="stmt"/>
        <line num="227" count="23" type="stmt"/>
        <line num="228" count="23" type="stmt"/>
        <line num="230" count="23" type="stmt"/>
        <line num="231" count="1" type="stmt"/>
        <line num="234" count="23" type="stmt"/>
        <line num="237" count="131" type="stmt"/>
        <line num="238" count="131" type="stmt"/>
        <line num="242" count="1" type="stmt"/>
        <line num="262" count="3" type="stmt"/>
        <line num="263" count="8" type="stmt"/>
        <line num="264" count="8" type="stmt"/>
        <line num="265" count="8" type="stmt"/>
        <line num="267" count="8" type="stmt"/>
        <line num="268" count="6" type="stmt"/>
        <line num="271" count="8" type="stmt"/>
        <line num="339" count="8" type="stmt"/>
        <line num="344" count="3" type="stmt"/>
        <line num="345" count="3" type="stmt"/>
        <line num="347" count="1" type="stmt"/>
        <line num="366" count="6" type="stmt"/>
        <line num="367" count="6" type="stmt"/>
        <line num="369" count="2" type="stmt"/>
        <line num="389" count="9" type="stmt"/>
        <line num="390" count="9" type="stmt"/>
        <line num="392" count="2" type="stmt"/>
        <line num="411" count="4" type="stmt"/>
        <line num="412" count="4" type="stmt"/>
        <line num="414" count="1" type="stmt"/>
      </file>
      <file name="CommonProductTemplate.js" path="C:\shoppingcart-app\src\Components\Util\CommonProductTemplate.js">
        <metrics statements="9" coveredstatements="9" conditionals="8" coveredconditionals="4" methods="2" coveredmethods="2"/>
        <line num="11" count="6" type="stmt"/>
        <line num="42" count="6" type="stmt"/>
        <line num="43" count="7" type="stmt"/>
        <line num="44" count="7" type="stmt"/>
        <line num="45" count="7" type="stmt"/>
        <line num="46" count="7" type="stmt"/>
        <line num="48" count="7" type="stmt"/>
        <line num="51" count="13" type="stmt"/>
        <line num="52" count="13" type="stmt"/>
      </file>
      <file name="MuiStyles.js" path="C:\shoppingcart-app\src\Components\Util\MuiStyles.js">
        <metrics statements="3" coveredstatements="3" conditionals="0" coveredconditionals="0" methods="0" coveredmethods="0"/>
        <line num="3" count="4" type="stmt"/>
        <line num="19" count="4" type="stmt"/>
        <line num="31" count="4" type="stmt"/>
      </file>
      <file name="ProductData.js" path="C:\shoppingcart-app\src\Components\Util\ProductData.js">
        <metrics statements="1" coveredstatements="1" conditionals="0" coveredconditionals="0" methods="0" coveredmethods="0"/>
        <line num="1" count="3" type="stmt"/>
      </file>
      <file name="SidebarData.js" path="C:\shoppingcart-app\src\Components\Util\SidebarData.js">
        <metrics statements="1" coveredstatements="1" conditionals="0" coveredconditionals="0" methods="0" coveredmethods="0"/>
        <line num="8" count="1" type="stmt"/>
      </file>
      <file name="UserTestAPI.js" path="C:\shoppingcart-app\src\Components\Util\UserTestAPI.js">
        <metrics statements="4" coveredstatements="4" conditionals="0" coveredconditionals="0" methods="2" coveredmethods="2"/>
        <line num="4" count="2" type="stmt"/>
        <line num="5" count="1" type="stmt"/>
        <line num="8" count="2" type="stmt"/>
        <line num="9" count="1" type="stmt"/>
      </file>
      <file name="imageCarouselSettings.js" path="C:\shoppingcart-app\src\Components\Util\imageCarouselSettings.js">
        <metrics statements="7" coveredstatements="7" conditionals="0" coveredconditionals="0" methods="2" coveredmethods="2"/>
        <line num="4" count="3" type="stmt"/>
        <line num="5" count="1" type="stmt"/>
        <line num="7" count="1" type="stmt"/>
        <line num="16" count="3" type="stmt"/>
        <line num="17" count="1" type="stmt"/>
        <line num="19" count="1" type="stmt"/>
        <line num="28" count="3" type="stmt"/>
      </file>
      <file name="useCheckoutStyles.js" path="C:\shoppingcart-app\src\Components\Util\useCheckoutStyles.js">
        <metrics statements="1" coveredstatements="1" conditionals="0" coveredconditionals="0" methods="0" coveredmethods="0"/>
        <line num="3" count="4" type="stmt"/>
      </file>
    </package>
  </project>
</coverage>
