{"C:\\shoppingcart-app\\src\\App.js": {"path":"C:\\shoppingcart-app\\src\\App.js","statementMap":{"0":{"start":{"line":17,"column":21},"end":{"line":17,"column":68}},"1":{"start":{"line":17,"column":32},"end":{"line":17,"column":67}},"2":{"start":{"line":18,"column":14},"end":{"line":18,"column":54}},"3":{"start":{"line":18,"column":25},"end":{"line":18,"column":53}},"4":{"start":{"line":19,"column":16},"end":{"line":19,"column":58}},"5":{"start":{"line":19,"column":27},"end":{"line":19,"column":57}},"6":{"start":{"line":20,"column":19},"end":{"line":20,"column":64}},"7":{"start":{"line":20,"column":30},"end":{"line":20,"column":63}},"8":{"start":{"line":21,"column":15},"end":{"line":21,"column":56}},"9":{"start":{"line":21,"column":26},"end":{"line":21,"column":55}},"10":{"start":{"line":22,"column":17},"end":{"line":22,"column":60}},"11":{"start":{"line":22,"column":28},"end":{"line":22,"column":59}},"12":{"start":{"line":23,"column":13},"end":{"line":23,"column":52}},"13":{"start":{"line":23,"column":24},"end":{"line":23,"column":51}},"14":{"start":{"line":24,"column":19},"end":{"line":24,"column":64}},"15":{"start":{"line":24,"column":30},"end":{"line":24,"column":63}},"16":{"start":{"line":25,"column":16},"end":{"line":25,"column":58}},"17":{"start":{"line":25,"column":27},"end":{"line":25,"column":57}},"18":{"start":{"line":26,"column":21},"end":{"line":26,"column":68}},"19":{"start":{"line":26,"column":32},"end":{"line":26,"column":67}},"20":{"start":{"line":28,"column":20},"end":{"line":28,"column":37}},"21":{"start":{"line":31,"column":18},"end":{"line":31,"column":33}},"22":{"start":{"line":32,"column":2},"end":{"line":158,"column":4}}},"fnMap":{"0":{"name":"(anonymous_0)","decl":{"start":{"line":17,"column":26},"end":{"line":17,"column":27}},"loc":{"start":{"line":17,"column":32},"end":{"line":17,"column":67}},"line":17},"1":{"name":"(anonymous_1)","decl":{"start":{"line":18,"column":19},"end":{"line":18,"column":20}},"loc":{"start":{"line":18,"column":25},"end":{"line":18,"column":53}},"line":18},"2":{"name":"(anonymous_2)","decl":{"start":{"line":19,"column":21},"end":{"line":19,"column":22}},"loc":{"start":{"line":19,"column":27},"end":{"line":19,"column":57}},"line":19},"3":{"name":"(anonymous_3)","decl":{"start":{"line":20,"column":24},"end":{"line":20,"column":25}},"loc":{"start":{"line":20,"column":30},"end":{"line":20,"column":63}},"line":20},"4":{"name":"(anonymous_4)","decl":{"start":{"line":21,"column":20},"end":{"line":21,"column":21}},"loc":{"start":{"line":21,"column":26},"end":{"line":21,"column":55}},"line":21},"5":{"name":"(anonymous_5)","decl":{"start":{"line":22,"column":22},"end":{"line":22,"column":23}},"loc":{"start":{"line":22,"column":28},"end":{"line":22,"column":59}},"line":22},"6":{"name":"(anonymous_6)","decl":{"start":{"line":23,"column":18},"end":{"line":23,"column":19}},"loc":{"start":{"line":23,"column":24},"end":{"line":23,"column":51}},"line":23},"7":{"name":"(anonymous_7)","decl":{"start":{"line":24,"column":24},"end":{"line":24,"column":25}},"loc":{"start":{"line":24,"column":30},"end":{"line":24,"column":63}},"line":24},"8":{"name":"(anonymous_8)","decl":{"start":{"line":25,"column":21},"end":{"line":25,"column":22}},"loc":{"start":{"line":25,"column":27},"end":{"line":25,"column":57}},"line":25},"9":{"name":"(anonymous_9)","decl":{"start":{"line":26,"column":26},"end":{"line":26,"column":27}},"loc":{"start":{"line":26,"column":32},"end":{"line":26,"column":67}},"line":26},"10":{"name":"App","decl":{"start":{"line":30,"column":9},"end":{"line":30,"column":12}},"loc":{"start":{"line":30,"column":15},"end":{"line":159,"column":1}},"line":30}},"branchMap":{},"s":{"0":0,"1":0,"2":0,"3":0,"4":0,"5":0,"6":0,"7":0,"8":0,"9":0,"10":0,"11":0,"12":0,"13":0,"14":0,"15":0,"16":0,"17":0,"18":0,"19":0,"20":0,"21":0,"22":0},"f":{"0":0,"1":0,"2":0,"3":0,"4":0,"5":0,"6":0,"7":0,"8":0,"9":0,"10":0},"b":{}}
,"C:\\shoppingcart-app\\src\\index.js": {"path":"C:\\shoppingcart-app\\src\\index.js","statementMap":{"0":{"start":{"line":7,"column":13},"end":{"line":7,"column":65}},"1":{"start":{"line":8,"column":0},"end":{"line":12,"column":2}},"2":{"start":{"line":14,"column":0},"end":{"line":14,"column":18}}},"fnMap":{},"branchMap":{},"s":{"0":0,"1":0,"2":0},"f":{},"b":{}}
,"C:\\shoppingcart-app\\src\\reportWebVitals.js": {"path":"C:\\shoppingcart-app\\src\\reportWebVitals.js","statementMap":{"0":{"start":{"line":1,"column":24},"end":{"line":11,"column":1}},"1":{"start":{"line":2,"column":2},"end":{"line":10,"column":3}},"2":{"start":{"line":3,"column":4},"end":{"line":9,"column":7}},"3":{"start":{"line":4,"column":6},"end":{"line":4,"column":26}},"4":{"start":{"line":5,"column":6},"end":{"line":5,"column":26}},"5":{"start":{"line":6,"column":6},"end":{"line":6,"column":26}},"6":{"start":{"line":7,"column":6},"end":{"line":7,"column":26}},"7":{"start":{"line":8,"column":6},"end":{"line":8,"column":27}}},"fnMap":{"0":{"name":"(anonymous_0)","decl":{"start":{"line":1,"column":24},"end":{"line":1,"column":25}},"loc":{"start":{"line":1,"column":39},"end":{"line":11,"column":1}},"line":1},"1":{"name":"(anonymous_1)","decl":{"start":{"line":3,"column":30},"end":{"line":3,"column":31}},"loc":{"start":{"line":3,"column":79},"end":{"line":9,"column":5}},"line":3}},"branchMap":{"0":{"loc":{"start":{"line":2,"column":2},"end":{"line":10,"column":3}},"type":"if","locations":[{"start":{"line":2,"column":2},"end":{"line":10,"column":3}},{"start":{},"end":{}}],"line":2},"1":{"loc":{"start":{"line":2,"column":6},"end":{"line":2,"column":52}},"type":"binary-expr","locations":[{"start":{"line":2,"column":6},"end":{"line":2,"column":17}},{"start":{"line":2,"column":21},"end":{"line":2,"column":52}}],"line":2}},"s":{"0":0,"1":0,"2":0,"3":0,"4":0,"5":0,"6":0,"7":0},"f":{"0":0,"1":0},"b":{"0":[0,0],"1":[0,0]}}
,"C:\\shoppingcart-app\\src\\Components\\AddToCart.js": {"path":"C:\\shoppingcart-app\\src\\Components\\AddToCart.js","statementMap":{"0":{"start":{"line":6,"column":18},"end":{"line":38,"column":1}},"1":{"start":{"line":7,"column":33},"end":{"line":7,"column":42}},"2":{"start":{"line":8,"column":30},"end":{"line":8,"column":43}},"3":{"start":{"line":10,"column":19},"end":{"line":18,"column":4}},"4":{"start":{"line":20,"column":22},"end":{"line":29,"column":3}},"5":{"start":{"line":21,"column":4},"end":{"line":28,"column":5}},"6":{"start":{"line":21,"column":33},"end":{"line":21,"column":47}},"7":{"start":{"line":22,"column":8},"end":{"line":22,"column":65}},"8":{"start":{"line":24,"column":6},"end":{"line":24,"column":79}},"9":{"start":{"line":25,"column":6},"end":{"line":27,"column":9}},"10":{"start":{"line":31,"column":2},"end":{"line":37,"column":4}},"11":{"start":{"line":33,"column":31},"end":{"line":33,"column":46}}},"fnMap":{"0":{"name":"(anonymous_0)","decl":{"start":{"line":6,"column":18},"end":{"line":6,"column":19}},"loc":{"start":{"line":6,"column":37},"end":{"line":38,"column":1}},"line":6},"1":{"name":"(anonymous_1)","decl":{"start":{"line":20,"column":22},"end":{"line":20,"column":23}},"loc":{"start":{"line":20,"column":30},"end":{"line":29,"column":3}},"line":20},"2":{"name":"(anonymous_2)","decl":{"start":{"line":21,"column":23},"end":{"line":21,"column":24}},"loc":{"start":{"line":21,"column":33},"end":{"line":21,"column":47}},"line":21},"3":{"name":"(anonymous_3)","decl":{"start":{"line":33,"column":25},"end":{"line":33,"column":26}},"loc":{"start":{"line":33,"column":31},"end":{"line":33,"column":46}},"line":33}},"branchMap":{"0":{"loc":{"start":{"line":21,"column":4},"end":{"line":28,"column":5}},"type":"if","locations":[{"start":{"line":21,"column":4},"end":{"line":28,"column":5}},{"start":{"line":23,"column":11},"end":{"line":28,"column":5}}],"line":21}},"s":{"0":7,"1":37,"2":37,"3":37,"4":37,"5":2,"6":1,"7":1,"8":1,"9":1,"10":37,"11":2},"f":{"0":37,"1":2,"2":1,"3":2},"b":{"0":[1,1]},"_coverageSchema":"1a1c01bbd47fc00a2c39e90264f33305004495a9","hash":"20e0ce94a18934d92fa2750dcb83e4ef3517e241"}
,"C:\\shoppingcart-app\\src\\Components\\AddToWishList.js": {"path":"C:\\shoppingcart-app\\src\\Components\\AddToWishList.js","statementMap":{"0":{"start":{"line":7,"column":22},"end":{"line":37,"column":1}},"1":{"start":{"line":8,"column":65},"end":{"line":8,"column":78}},"2":{"start":{"line":9,"column":30},"end":{"line":9,"column":43}},"3":{"start":{"line":10,"column":24},"end":{"line":10,"column":54}},"4":{"start":{"line":11,"column":19},"end":{"line":11,"column":32}},"5":{"start":{"line":13,"column":22},"end":{"line":26,"column":3}},"6":{"start":{"line":14,"column":4},"end":{"line":25,"column":5}},"7":{"start":{"line":15,"column":6},"end":{"line":21,"column":7}},"8":{"start":{"line":15,"column":39},"end":{"line":15,"column":53}},"9":{"start":{"line":16,"column":8},"end":{"line":16,"column":35}},"10":{"start":{"line":17,"column":8},"end":{"line":17,"column":76}},"11":{"start":{"line":19,"column":8},"end":{"line":19,"column":32}},"12":{"start":{"line":20,"column":7},"end":{"line":20,"column":85}},"13":{"start":{"line":23,"column":6},"end":{"line":23,"column":55}},"14":{"start":{"line":24,"column":6},"end":{"line":24,"column":24}},"15":{"start":{"line":28,"column":2},"end":{"line":36,"column":4}},"16":{"start":{"line":31,"column":37},"end":{"line":31,"column":51}},"17":{"start":{"line":32,"column":85},"end":{"line":32,"column":100}},"18":{"start":{"line":33,"column":86},"end":{"line":33,"column":101}}},"fnMap":{"0":{"name":"(anonymous_0)","decl":{"start":{"line":7,"column":22},"end":{"line":7,"column":23}},"loc":{"start":{"line":7,"column":41},"end":{"line":37,"column":1}},"line":7},"1":{"name":"(anonymous_1)","decl":{"start":{"line":13,"column":22},"end":{"line":13,"column":23}},"loc":{"start":{"line":13,"column":30},"end":{"line":26,"column":3}},"line":13},"2":{"name":"(anonymous_2)","decl":{"start":{"line":15,"column":29},"end":{"line":15,"column":30}},"loc":{"start":{"line":15,"column":39},"end":{"line":15,"column":53}},"line":15},"3":{"name":"(anonymous_3)","decl":{"start":{"line":31,"column":27},"end":{"line":31,"column":28}},"loc":{"start":{"line":31,"column":37},"end":{"line":31,"column":51}},"line":31},"4":{"name":"(anonymous_4)","decl":{"start":{"line":32,"column":79},"end":{"line":32,"column":80}},"loc":{"start":{"line":32,"column":85},"end":{"line":32,"column":100}},"line":32},"5":{"name":"(anonymous_5)","decl":{"start":{"line":33,"column":80},"end":{"line":33,"column":81}},"loc":{"start":{"line":33,"column":86},"end":{"line":33,"column":101}},"line":33}},"branchMap":{"0":{"loc":{"start":{"line":14,"column":4},"end":{"line":25,"column":5}},"type":"if","locations":[{"start":{"line":14,"column":4},"end":{"line":25,"column":5}},{"start":{"line":22,"column":11},"end":{"line":25,"column":5}}],"line":14},"1":{"loc":{"start":{"line":15,"column":6},"end":{"line":21,"column":7}},"type":"if","locations":[{"start":{"line":15,"column":6},"end":{"line":21,"column":7}},{"start":{"line":18,"column":13},"end":{"line":21,"column":7}}],"line":15},"2":{"loc":{"start":{"line":31,"column":8},"end":{"line":33,"column":105}},"type":"cond-expr","locations":[{"start":{"line":32,"column":12},"end":{"line":32,"column":104}},{"start":{"line":33,"column":12},"end":{"line":33,"column":105}}],"line":31}},"s":{"0":7,"1":48,"2":44,"3":44,"4":44,"5":44,"6":3,"7":2,"8":1,"9":1,"10":1,"11":1,"12":1,"13":1,"14":1,"15":44,"16":10,"17":1,"18":2},"f":{"0":48,"1":3,"2":1,"3":10,"4":1,"5":2},"b":{"0":[2,1],"1":[1,1],"2":[7,37]},"_coverageSchema":"1a1c01bbd47fc00a2c39e90264f33305004495a9","hash":"7f5ed62484ae960ca7419cf053caf53bbf971aa6"}
,"C:\\shoppingcart-app\\src\\Components\\BreadCrumb.js": {"path":"C:\\shoppingcart-app\\src\\Components\\BreadCrumb.js","statementMap":{"0":{"start":{"line":6,"column":27},"end":{"line":17,"column":2}},"1":{"start":{"line":19,"column":19},"end":{"line":69,"column":1}},"2":{"start":{"line":20,"column":19},"end":{"line":20,"column":32}},"3":{"start":{"line":21,"column":18},"end":{"line":21,"column":38}},"4":{"start":{"line":23,"column":25},"end":{"line":67,"column":3}},"5":{"start":{"line":24,"column":25},"end":{"line":24,"column":33}},"6":{"start":{"line":25,"column":22},"end":{"line":25,"column":64}},"7":{"start":{"line":25,"column":59},"end":{"line":25,"column":63}},"8":{"start":{"line":26,"column":22},"end":{"line":26,"column":53}},"9":{"start":{"line":28,"column":4},"end":{"line":30,"column":5}},"10":{"start":{"line":29,"column":6},"end":{"line":29,"column":27}},"11":{"start":{"line":32,"column":23},"end":{"line":32,"column":68}},"12":{"start":{"line":32,"column":30},"end":{"line":32,"column":68}},"13":{"start":{"line":34,"column":4},"end":{"line":66,"column":6}},"14":{"start":{"line":47,"column":28},"end":{"line":47,"column":73}},"15":{"start":{"line":48,"column":27},"end":{"line":48,"column":57}},"16":{"start":{"line":49,"column":12},"end":{"line":62,"column":14}},"17":{"start":{"line":68,"column":2},"end":{"line":68,"column":33}}},"fnMap":{"0":{"name":"(anonymous_0)","decl":{"start":{"line":19,"column":19},"end":{"line":19,"column":20}},"loc":{"start":{"line":19,"column":25},"end":{"line":69,"column":1}},"line":19},"1":{"name":"(anonymous_1)","decl":{"start":{"line":23,"column":25},"end":{"line":23,"column":26}},"loc":{"start":{"line":23,"column":31},"end":{"line":67,"column":3}},"line":23},"2":{"name":"(anonymous_2)","decl":{"start":{"line":25,"column":49},"end":{"line":25,"column":50}},"loc":{"start":{"line":25,"column":59},"end":{"line":25,"column":63}},"line":25},"3":{"name":"(anonymous_3)","decl":{"start":{"line":32,"column":23},"end":{"line":32,"column":24}},"loc":{"start":{"line":32,"column":30},"end":{"line":32,"column":68}},"line":32},"4":{"name":"(anonymous_4)","decl":{"start":{"line":46,"column":25},"end":{"line":46,"column":26}},"loc":{"start":{"line":46,"column":42},"end":{"line":63,"column":11}},"line":46}},"branchMap":{"0":{"loc":{"start":{"line":28,"column":4},"end":{"line":30,"column":5}},"type":"if","locations":[{"start":{"line":28,"column":4},"end":{"line":30,"column":5}},{"start":{},"end":{}}],"line":28},"1":{"loc":{"start":{"line":37,"column":11},"end":{"line":45,"column":11}},"type":"cond-expr","locations":[{"start":{"line":38,"column":12},"end":{"line":40,"column":25}},{"start":{"line":42,"column":12},"end":{"line":44,"column":25}}],"line":37},"2":{"loc":{"start":{"line":49,"column":19},"end":{"line":62,"column":13}},"type":"cond-expr","locations":[{"start":{"line":50,"column":14},"end":{"line":55,"column":27}},{"start":{"line":57,"column":14},"end":{"line":61,"column":27}}],"line":49}},"s":{"0":1,"1":1,"2":5,"3":5,"4":5,"5":5,"6":5,"7":14,"8":5,"9":5,"10":1,"11":5,"12":7,"13":5,"14":7,"15":7,"16":7,"17":5},"f":{"0":5,"1":5,"2":14,"3":7,"4":7},"b":{"0":[1,4],"1":[4,1],"2":[4,3]},"_coverageSchema":"1a1c01bbd47fc00a2c39e90264f33305004495a9","hash":"d1188df80dd3816424c47e5d2c07d8b3a3c697a2"}
,"C:\\shoppingcart-app\\src\\Components\\Buynow.js": {"path":"C:\\shoppingcart-app\\src\\Components\\Buynow.js","statementMap":{"0":{"start":{"line":29,"column":23},"end":{"line":125,"column":2}},"1":{"start":{"line":127,"column":15},"end":{"line":441,"column":1}},"2":{"start":{"line":128,"column":44},"end":{"line":128,"column":55}},"3":{"start":{"line":129,"column":40},"end":{"line":140,"column":4}},"4":{"start":{"line":141,"column":19},"end":{"line":141,"column":32}},"5":{"start":{"line":142,"column":18},"end":{"line":142,"column":34}},"6":{"start":{"line":143,"column":21},"end":{"line":143,"column":40}},"7":{"start":{"line":145,"column":27},"end":{"line":177,"column":3}},"8":{"start":{"line":146,"column":21},"end":{"line":146,"column":22}},"9":{"start":{"line":147,"column":4},"end":{"line":151,"column":7}},"10":{"start":{"line":148,"column":6},"end":{"line":150,"column":8}},"11":{"start":{"line":152,"column":4},"end":{"line":158,"column":7}},"12":{"start":{"line":159,"column":4},"end":{"line":176,"column":5}},"13":{"start":{"line":160,"column":6},"end":{"line":175,"column":7}},"14":{"start":{"line":161,"column":8},"end":{"line":166,"column":11}},"15":{"start":{"line":167,"column":13},"end":{"line":175,"column":7}},"16":{"start":{"line":168,"column":8},"end":{"line":172,"column":11}},"17":{"start":{"line":174,"column":8},"end":{"line":174,"column":54}},"18":{"start":{"line":174,"column":42},"end":{"line":174,"column":54}},"19":{"start":{"line":181,"column":2},"end":{"line":183,"column":82}},"20":{"start":{"line":182,"column":4},"end":{"line":182,"column":23}},"21":{"start":{"line":185,"column":19},"end":{"line":188,"column":3}},"22":{"start":{"line":186,"column":4},"end":{"line":186,"column":19}},"23":{"start":{"line":187,"column":4},"end":{"line":187,"column":75}},"24":{"start":{"line":190,"column":19},"end":{"line":195,"column":3}},"25":{"start":{"line":191,"column":4},"end":{"line":194,"column":5}},"26":{"start":{"line":192,"column":6},"end":{"line":192,"column":21}},"27":{"start":{"line":193,"column":6},"end":{"line":193,"column":77}},"28":{"start":{"line":197,"column":23},"end":{"line":199,"column":3}},"29":{"start":{"line":198,"column":4},"end":{"line":198,"column":67}},"30":{"start":{"line":201,"column":23},"end":{"line":209,"column":3}},"31":{"start":{"line":202,"column":4},"end":{"line":208,"column":7}},"32":{"start":{"line":211,"column":20},"end":{"line":278,"column":3}},"33":{"start":{"line":212,"column":4},"end":{"line":277,"column":5}},"34":{"start":{"line":214,"column":8},"end":{"line":230,"column":9}},"35":{"start":{"line":215,"column":23},"end":{"line":215,"column":54}},"36":{"start":{"line":216,"column":10},"end":{"line":222,"column":13}},"37":{"start":{"line":224,"column":10},"end":{"line":229,"column":13}},"38":{"start":{"line":231,"column":8},"end":{"line":231,"column":14}},"39":{"start":{"line":233,"column":8},"end":{"line":250,"column":9}},"40":{"start":{"line":234,"column":23},"end":{"line":234,"column":68}},"41":{"start":{"line":235,"column":10},"end":{"line":242,"column":13}},"42":{"start":{"line":244,"column":10},"end":{"line":249,"column":13}},"43":{"start":{"line":251,"column":8},"end":{"line":251,"column":14}},"44":{"start":{"line":253,"column":8},"end":{"line":269,"column":9}},"45":{"start":{"line":254,"column":23},"end":{"line":254,"column":67}},"46":{"start":{"line":255,"column":10},"end":{"line":261,"column":13}},"47":{"start":{"line":263,"column":10},"end":{"line":268,"column":13}},"48":{"start":{"line":270,"column":8},"end":{"line":270,"column":14}},"49":{"start":{"line":272,"column":8},"end":{"line":276,"column":11}},"50":{"start":{"line":279,"column":2},"end":{"line":440,"column":3}},"51":{"start":{"line":280,"column":4},"end":{"line":280,"column":18}},"52":{"start":{"line":281,"column":9},"end":{"line":440,"column":3}},"53":{"start":{"line":282,"column":4},"end":{"line":282,"column":18}},"54":{"start":{"line":284,"column":4},"end":{"line":439,"column":6}},"55":{"start":{"line":304,"column":20},"end":{"line":304,"column":24}},"56":{"start":{"line":305,"column":16},"end":{"line":332,"column":18}},"57":{"start":{"line":319,"column":39},"end":{"line":319,"column":53}},"58":{"start":{"line":323,"column":39},"end":{"line":323,"column":53}},"59":{"start":{"line":327,"column":26},"end":{"line":327,"column":70}}},"fnMap":{"0":{"name":"(anonymous_0)","decl":{"start":{"line":127,"column":15},"end":{"line":127,"column":16}},"loc":{"start":{"line":127,"column":21},"end":{"line":441,"column":1}},"line":127},"1":{"name":"(anonymous_1)","decl":{"start":{"line":145,"column":27},"end":{"line":145,"column":28}},"loc":{"start":{"line":145,"column":33},"end":{"line":177,"column":3}},"line":145},"2":{"name":"(anonymous_2)","decl":{"start":{"line":147,"column":20},"end":{"line":147,"column":21}},"loc":{"start":{"line":147,"column":30},"end":{"line":151,"column":5}},"line":147},"3":{"name":"(anonymous_3)","decl":{"start":{"line":181,"column":12},"end":{"line":181,"column":13}},"loc":{"start":{"line":181,"column":18},"end":{"line":183,"column":3}},"line":181},"4":{"name":"(anonymous_4)","decl":{"start":{"line":185,"column":19},"end":{"line":185,"column":20}},"loc":{"start":{"line":185,"column":29},"end":{"line":188,"column":3}},"line":185},"5":{"name":"(anonymous_5)","decl":{"start":{"line":190,"column":19},"end":{"line":190,"column":20}},"loc":{"start":{"line":190,"column":29},"end":{"line":195,"column":3}},"line":190},"6":{"name":"(anonymous_6)","decl":{"start":{"line":197,"column":23},"end":{"line":197,"column":24}},"loc":{"start":{"line":197,"column":30},"end":{"line":199,"column":3}},"line":197},"7":{"name":"(anonymous_7)","decl":{"start":{"line":201,"column":23},"end":{"line":201,"column":24}},"loc":{"start":{"line":201,"column":29},"end":{"line":209,"column":3}},"line":201},"8":{"name":"(anonymous_8)","decl":{"start":{"line":211,"column":20},"end":{"line":211,"column":21}},"loc":{"start":{"line":211,"column":26},"end":{"line":278,"column":3}},"line":211},"9":{"name":"(anonymous_9)","decl":{"start":{"line":295,"column":31},"end":{"line":295,"column":32}},"loc":{"start":{"line":295,"column":41},"end":{"line":333,"column":15}},"line":295},"10":{"name":"(anonymous_10)","decl":{"start":{"line":319,"column":33},"end":{"line":319,"column":34}},"loc":{"start":{"line":319,"column":39},"end":{"line":319,"column":53}},"line":319},"11":{"name":"(anonymous_11)","decl":{"start":{"line":323,"column":33},"end":{"line":323,"column":34}},"loc":{"start":{"line":323,"column":39},"end":{"line":323,"column":53}},"line":323},"12":{"name":"(anonymous_12)","decl":{"start":{"line":326,"column":33},"end":{"line":326,"column":34}},"loc":{"start":{"line":327,"column":26},"end":{"line":327,"column":70}},"line":327}},"branchMap":{"0":{"loc":{"start":{"line":159,"column":4},"end":{"line":176,"column":5}},"type":"if","locations":[{"start":{"line":159,"column":4},"end":{"line":176,"column":5}},{"start":{},"end":{}}],"line":159},"1":{"loc":{"start":{"line":159,"column":8},"end":{"line":159,"column":70}},"type":"binary-expr","locations":[{"start":{"line":159,"column":8},"end":{"line":159,"column":36}},{"start":{"line":159,"column":40},"end":{"line":159,"column":70}}],"line":159},"2":{"loc":{"start":{"line":160,"column":6},"end":{"line":175,"column":7}},"type":"if","locations":[{"start":{"line":160,"column":6},"end":{"line":175,"column":7}},{"start":{"line":167,"column":13},"end":{"line":175,"column":7}}],"line":160},"3":{"loc":{"start":{"line":160,"column":10},"end":{"line":160,"column":64}},"type":"binary-expr","locations":[{"start":{"line":160,"column":10},"end":{"line":160,"column":41}},{"start":{"line":160,"column":45},"end":{"line":160,"column":64}}],"line":160},"4":{"loc":{"start":{"line":167,"column":13},"end":{"line":175,"column":7}},"type":"if","locations":[{"start":{"line":167,"column":13},"end":{"line":175,"column":7}},{"start":{"line":173,"column":13},"end":{"line":175,"column":7}}],"line":167},"5":{"loc":{"start":{"line":174,"column":8},"end":{"line":174,"column":54}},"type":"if","locations":[{"start":{"line":174,"column":8},"end":{"line":174,"column":54}},{"start":{},"end":{}}],"line":174},"6":{"loc":{"start":{"line":191,"column":4},"end":{"line":194,"column":5}},"type":"if","locations":[{"start":{"line":191,"column":4},"end":{"line":194,"column":5}},{"start":{},"end":{}}],"line":191},"7":{"loc":{"start":{"line":212,"column":4},"end":{"line":277,"column":5}},"type":"switch","locations":[{"start":{"line":213,"column":6},"end":{"line":231,"column":14}},{"start":{"line":232,"column":6},"end":{"line":251,"column":14}},{"start":{"line":252,"column":6},"end":{"line":270,"column":14}},{"start":{"line":271,"column":6},"end":{"line":276,"column":11}}],"line":212},"8":{"loc":{"start":{"line":214,"column":8},"end":{"line":230,"column":9}},"type":"if","locations":[{"start":{"line":214,"column":8},"end":{"line":230,"column":9}},{"start":{"line":223,"column":15},"end":{"line":230,"column":9}}],"line":214},"9":{"loc":{"start":{"line":233,"column":8},"end":{"line":250,"column":9}},"type":"if","locations":[{"start":{"line":233,"column":8},"end":{"line":250,"column":9}},{"start":{"line":243,"column":15},"end":{"line":250,"column":9}}],"line":233},"10":{"loc":{"start":{"line":253,"column":8},"end":{"line":269,"column":9}},"type":"if","locations":[{"start":{"line":253,"column":8},"end":{"line":269,"column":9}},{"start":{"line":262,"column":15},"end":{"line":269,"column":9}}],"line":253},"11":{"loc":{"start":{"line":279,"column":2},"end":{"line":440,"column":3}},"type":"if","locations":[{"start":{"line":279,"column":2},"end":{"line":440,"column":3}},{"start":{"line":281,"column":9},"end":{"line":440,"column":3}}],"line":279},"12":{"loc":{"start":{"line":281,"column":9},"end":{"line":440,"column":3}},"type":"if","locations":[{"start":{"line":281,"column":9},"end":{"line":440,"column":3}},{"start":{"line":283,"column":9},"end":{"line":440,"column":3}}],"line":281},"13":{"loc":{"start":{"line":341,"column":17},"end":{"line":374,"column":17}},"type":"cond-expr","locations":[{"start":{"line":341,"column":49},"end":{"line":346,"column":19}},{"start":{"line":348,"column":18},"end":{"line":373,"column":21}}],"line":341},"14":{"loc":{"start":{"line":363,"column":21},"end":{"line":372,"column":21}},"type":"cond-expr","locations":[{"start":{"line":364,"column":22},"end":{"line":367,"column":28}},{"start":{"line":369,"column":22},"end":{"line":371,"column":28}}],"line":363}},"s":{"0":2,"1":2,"2":93,"3":88,"4":87,"5":87,"6":87,"7":87,"8":45,"9":45,"10":45,"11":45,"12":45,"13":6,"14":0,"15":6,"16":0,"17":6,"18":6,"19":87,"20":45,"21":87,"22":1,"23":1,"24":87,"25":4,"26":2,"27":2,"28":87,"29":9,"30":87,"31":1,"32":87,"33":15,"34":8,"35":7,"36":7,"37":1,"38":8,"39":3,"40":2,"41":2,"42":1,"43":3,"44":3,"45":2,"46":2,"47":1,"48":3,"49":1,"50":87,"51":3,"52":84,"53":3,"54":81,"55":84,"56":84,"57":3,"58":1,"59":1},"f":{"0":93,"1":45,"2":45,"3":45,"4":1,"5":4,"6":9,"7":1,"8":15,"9":84,"10":3,"11":1,"12":1},"b":{"0":[6,39],"1":[45,6],"2":[0,6],"3":[6,0],"4":[0,6],"5":[6,0],"6":[2,2],"7":[8,3,3,1],"8":[7,1],"9":[2,1],"10":[2,1],"11":[3,84],"12":[3,81],"13":[12,69],"14":[1,68]},"_coverageSchema":"1a1c01bbd47fc00a2c39e90264f33305004495a9","hash":"508f96170678c569cc19df410f1b4d8cd4e163a8"}
,"C:\\shoppingcart-app\\src\\Components\\BuynowButton.js": {"path":"C:\\shoppingcart-app\\src\\Components\\BuynowButton.js","statementMap":{"0":{"start":{"line":8,"column":21},"end":{"line":38,"column":1}},"1":{"start":{"line":9,"column":28},"end":{"line":9,"column":39}},"2":{"start":{"line":10,"column":19},"end":{"line":10,"column":32}},"3":{"start":{"line":12,"column":22},"end":{"line":19,"column":3}},"4":{"start":{"line":13,"column":4},"end":{"line":18,"column":5}},"5":{"start":{"line":14,"column":6},"end":{"line":14,"column":28}},"6":{"start":{"line":15,"column":6},"end":{"line":15,"column":26}},"7":{"start":{"line":17,"column":6},"end":{"line":17,"column":25}},"8":{"start":{"line":21,"column":19},"end":{"line":31,"column":4}},"9":{"start":{"line":33,"column":2},"end":{"line":37,"column":4}},"10":{"start":{"line":34,"column":29},"end":{"line":34,"column":44}}},"fnMap":{"0":{"name":"(anonymous_0)","decl":{"start":{"line":8,"column":21},"end":{"line":8,"column":22}},"loc":{"start":{"line":8,"column":33},"end":{"line":38,"column":1}},"line":8},"1":{"name":"(anonymous_1)","decl":{"start":{"line":12,"column":22},"end":{"line":12,"column":23}},"loc":{"start":{"line":12,"column":30},"end":{"line":19,"column":3}},"line":12},"2":{"name":"(anonymous_2)","decl":{"start":{"line":34,"column":23},"end":{"line":34,"column":24}},"loc":{"start":{"line":34,"column":29},"end":{"line":34,"column":44}},"line":34}},"branchMap":{"0":{"loc":{"start":{"line":13,"column":4},"end":{"line":18,"column":5}},"type":"if","locations":[{"start":{"line":13,"column":4},"end":{"line":18,"column":5}},{"start":{"line":16,"column":11},"end":{"line":18,"column":5}}],"line":13}},"s":{"0":6,"1":60,"2":60,"3":60,"4":2,"5":1,"6":1,"7":1,"8":60,"9":60,"10":2},"f":{"0":60,"1":2,"2":2},"b":{"0":[1,1]},"_coverageSchema":"1a1c01bbd47fc00a2c39e90264f33305004495a9","hash":"5715ebc153ce6094dca983f14a5df3fbaf602f44"}
,"C:\\shoppingcart-app\\src\\Components\\BuynowSubItems.js": {"path":"C:\\shoppingcart-app\\src\\Components\\BuynowSubItems.js","statementMap":{"0":{"start":{"line":7,"column":27},"end":{"line":42,"column":2}},"1":{"start":{"line":44,"column":19},"end":{"line":52,"column":1}},"2":{"start":{"line":45,"column":18},"end":{"line":45,"column":38}},"3":{"start":{"line":46,"column":2},"end":{"line":51,"column":4}},"4":{"start":{"line":56,"column":36},"end":{"line":76,"column":1}},"5":{"start":{"line":57,"column":18},"end":{"line":57,"column":38}},"6":{"start":{"line":58,"column":72},"end":{"line":58,"column":76}},"7":{"start":{"line":60,"column":2},"end":{"line":75,"column":4}},"8":{"start":{"line":78,"column":32},"end":{"line":93,"column":1}},"9":{"start":{"line":79,"column":16},"end":{"line":79,"column":36}},"10":{"start":{"line":80,"column":19},"end":{"line":80,"column":32}},"11":{"start":{"line":82,"column":21},"end":{"line":84,"column":3}},"12":{"start":{"line":83,"column":4},"end":{"line":83,"column":28}},"13":{"start":{"line":86,"column":2},"end":{"line":92,"column":4}},"14":{"start":{"line":95,"column":29},"end":{"line":108,"column":1}},"15":{"start":{"line":96,"column":18},"end":{"line":96,"column":38}},"16":{"start":{"line":98,"column":2},"end":{"line":107,"column":3}}},"fnMap":{"0":{"name":"(anonymous_0)","decl":{"start":{"line":44,"column":19},"end":{"line":44,"column":20}},"loc":{"start":{"line":44,"column":46},"end":{"line":52,"column":1}},"line":44},"1":{"name":"(anonymous_1)","decl":{"start":{"line":56,"column":36},"end":{"line":56,"column":37}},"loc":{"start":{"line":56,"column":50},"end":{"line":76,"column":1}},"line":56},"2":{"name":"(anonymous_2)","decl":{"start":{"line":78,"column":32},"end":{"line":78,"column":33}},"loc":{"start":{"line":78,"column":38},"end":{"line":93,"column":1}},"line":78},"3":{"name":"(anonymous_3)","decl":{"start":{"line":82,"column":21},"end":{"line":82,"column":22}},"loc":{"start":{"line":82,"column":27},"end":{"line":84,"column":3}},"line":82},"4":{"name":"(anonymous_4)","decl":{"start":{"line":95,"column":29},"end":{"line":95,"column":30}},"loc":{"start":{"line":95,"column":33},"end":{"line":108,"column":1}},"line":95}},"branchMap":{"0":{"loc":{"start":{"line":49,"column":7},"end":{"line":49,"column":47}},"type":"cond-expr","locations":[{"start":{"line":49,"column":31},"end":{"line":49,"column":38}},{"start":{"line":49,"column":41},"end":{"line":49,"column":47}}],"line":49}},"s":{"0":2,"1":2,"2":81,"3":81,"4":2,"5":84,"6":84,"7":84,"8":2,"9":81,"10":81,"11":81,"12":1,"13":81,"14":2,"15":81,"16":81},"f":{"0":81,"1":84,"2":81,"3":1,"4":81},"b":{"0":[3,78]},"_coverageSchema":"1a1c01bbd47fc00a2c39e90264f33305004495a9","hash":"017a4623b6bdc123035d6a5ca62730ee52636ee6"}
,"C:\\shoppingcart-app\\src\\Components\\Cart.js": {"path":"C:\\shoppingcart-app\\src\\Components\\Cart.js","statementMap":{"0":{"start":{"line":17,"column":21},"end":{"line":32,"column":2}},"1":{"start":{"line":34,"column":13},"end":{"line":135,"column":1}},"2":{"start":{"line":35,"column":57},"end":{"line":35,"column":66}},"3":{"start":{"line":36,"column":38},"end":{"line":36,"column":49}},"4":{"start":{"line":37,"column":21},"end":{"line":37,"column":37}},"5":{"start":{"line":38,"column":34},"end":{"line":38,"column":45}},"6":{"start":{"line":39,"column":18},"end":{"line":39,"column":29}},"7":{"start":{"line":40,"column":26},"end":{"line":40,"column":42}},"8":{"start":{"line":41,"column":17},"end":{"line":41,"column":35}},"9":{"start":{"line":42,"column":21},"end":{"line":42,"column":35}},"10":{"start":{"line":44,"column":19},"end":{"line":47,"column":3}},"11":{"start":{"line":45,"column":4},"end":{"line":45,"column":22}},"12":{"start":{"line":46,"column":4},"end":{"line":46,"column":30}},"13":{"start":{"line":49,"column":19},"end":{"line":54,"column":3}},"14":{"start":{"line":50,"column":4},"end":{"line":53,"column":5}},"15":{"start":{"line":51,"column":6},"end":{"line":51,"column":24}},"16":{"start":{"line":52,"column":6},"end":{"line":52,"column":32}},"17":{"start":{"line":56,"column":2},"end":{"line":134,"column":3}},"18":{"start":{"line":57,"column":4},"end":{"line":63,"column":6}},"19":{"start":{"line":65,"column":4},"end":{"line":133,"column":6}},"20":{"start":{"line":75,"column":72},"end":{"line":75,"column":79}},"21":{"start":{"line":76,"column":12},"end":{"line":116,"column":14}},"22":{"start":{"line":102,"column":37},"end":{"line":102,"column":54}},"23":{"start":{"line":107,"column":37},"end":{"line":107,"column":54}}},"fnMap":{"0":{"name":"(anonymous_0)","decl":{"start":{"line":34,"column":13},"end":{"line":34,"column":14}},"loc":{"start":{"line":34,"column":47},"end":{"line":135,"column":1}},"line":34},"1":{"name":"(anonymous_1)","decl":{"start":{"line":44,"column":19},"end":{"line":44,"column":20}},"loc":{"start":{"line":44,"column":32},"end":{"line":47,"column":3}},"line":44},"2":{"name":"(anonymous_2)","decl":{"start":{"line":49,"column":19},"end":{"line":49,"column":20}},"loc":{"start":{"line":49,"column":32},"end":{"line":54,"column":3}},"line":49},"3":{"name":"(anonymous_3)","decl":{"start":{"line":74,"column":25},"end":{"line":74,"column":26}},"loc":{"start":{"line":74,"column":38},"end":{"line":117,"column":11}},"line":74},"4":{"name":"(anonymous_4)","decl":{"start":{"line":102,"column":31},"end":{"line":102,"column":32}},"loc":{"start":{"line":102,"column":37},"end":{"line":102,"column":54}},"line":102},"5":{"name":"(anonymous_5)","decl":{"start":{"line":107,"column":31},"end":{"line":107,"column":32}},"loc":{"start":{"line":107,"column":37},"end":{"line":107,"column":54}},"line":107}},"branchMap":{"0":{"loc":{"start":{"line":50,"column":4},"end":{"line":53,"column":5}},"type":"if","locations":[{"start":{"line":50,"column":4},"end":{"line":53,"column":5}},{"start":{},"end":{}}],"line":50},"1":{"loc":{"start":{"line":50,"column":8},"end":{"line":50,"column":40}},"type":"binary-expr","locations":[{"start":{"line":50,"column":8},"end":{"line":50,"column":20}},{"start":{"line":50,"column":24},"end":{"line":50,"column":40}}],"line":50},"2":{"loc":{"start":{"line":56,"column":2},"end":{"line":134,"column":3}},"type":"if","locations":[{"start":{"line":56,"column":2},"end":{"line":134,"column":3}},{"start":{"line":64,"column":9},"end":{"line":134,"column":3}}],"line":56},"3":{"loc":{"start":{"line":67,"column":9},"end":{"line":119,"column":9}},"type":"cond-expr","locations":[{"start":{"line":68,"column":10},"end":{"line":72,"column":13}},{"start":{"line":73,"column":13},"end":{"line":118,"column":15}}],"line":67},"4":{"loc":{"start":{"line":67,"column":9},"end":{"line":67,"column":56}},"type":"binary-expr","locations":[{"start":{"line":67,"column":9},"end":{"line":67,"column":26}},{"start":{"line":67,"column":30},"end":{"line":67,"column":56}}],"line":67},"5":{"loc":{"start":{"line":120,"column":9},"end":{"line":131,"column":9}},"type":"cond-expr","locations":[{"start":{"line":121,"column":10},"end":{"line":121,"column":12}},{"start":{"line":123,"column":10},"end":{"line":130,"column":13}}],"line":120}},"s":{"0":2,"1":2,"2":13,"3":9,"4":9,"5":9,"6":9,"7":9,"8":9,"9":9,"10":9,"11":1,"12":1,"13":9,"14":2,"15":1,"16":1,"17":9,"18":1,"19":8,"20":8,"21":8,"22":2,"23":1},"f":{"0":13,"1":1,"2":2,"3":8,"4":2,"5":1},"b":{"0":[1,1],"1":[2,2],"2":[1,8],"3":[1,7],"4":[8,1],"5":[1,7]},"_coverageSchema":"1a1c01bbd47fc00a2c39e90264f33305004495a9","hash":"5a7aa41d2de52f3b49955f6eccea6f6962a74052"}
,"C:\\shoppingcart-app\\src\\Components\\CartNavbar.js": {"path":"C:\\shoppingcart-app\\src\\Components\\CartNavbar.js","statementMap":{"0":{"start":{"line":8,"column":28},"end":{"line":26,"column":2}},"1":{"start":{"line":28,"column":19},"end":{"line":43,"column":1}},"2":{"start":{"line":29,"column":18},"end":{"line":29,"column":39}},"3":{"start":{"line":30,"column":2},"end":{"line":42,"column":4}}},"fnMap":{"0":{"name":"(anonymous_0)","decl":{"start":{"line":28,"column":19},"end":{"line":28,"column":20}},"loc":{"start":{"line":28,"column":43},"end":{"line":43,"column":1}},"line":28}},"branchMap":{"0":{"loc":{"start":{"line":38,"column":11},"end":{"line":38,"column":54}},"type":"cond-expr","locations":[{"start":{"line":38,"column":32},"end":{"line":38,"column":46}},{"start":{"line":38,"column":49},"end":{"line":38,"column":54}}],"line":38}},"s":{"0":2,"1":2,"2":8,"3":8},"f":{"0":8},"b":{"0":[1,7]},"_coverageSchema":"1a1c01bbd47fc00a2c39e90264f33305004495a9","hash":"339c57faf22662d0457c85c5caced33678fff341"}
,"C:\\shoppingcart-app\\src\\Components\\Categories.js": {"path":"C:\\shoppingcart-app\\src\\Components\\Categories.js","statementMap":{"0":{"start":{"line":10,"column":19},"end":{"line":33,"column":1}},"1":{"start":{"line":11,"column":18},"end":{"line":11,"column":29}},"2":{"start":{"line":12,"column":21},"end":{"line":12,"column":42}},"3":{"start":{"line":13,"column":23},"end":{"line":13,"column":34}},"4":{"start":{"line":14,"column":22},"end":{"line":14,"column":38}},"5":{"start":{"line":15,"column":19},"end":{"line":15,"column":55}},"6":{"start":{"line":17,"column":21},"end":{"line":19,"column":3}},"7":{"start":{"line":18,"column":4},"end":{"line":18,"column":64}},"8":{"start":{"line":21,"column":2},"end":{"line":32,"column":4}}},"fnMap":{"0":{"name":"(anonymous_0)","decl":{"start":{"line":10,"column":19},"end":{"line":10,"column":20}},"loc":{"start":{"line":10,"column":25},"end":{"line":33,"column":1}},"line":10},"1":{"name":"(anonymous_1)","decl":{"start":{"line":17,"column":33},"end":{"line":17,"column":34}},"loc":{"start":{"line":18,"column":4},"end":{"line":18,"column":64}},"line":18}},"branchMap":{"0":{"loc":{"start":{"line":23,"column":7},"end":{"line":29,"column":13}},"type":"cond-expr","locations":[{"start":{"line":24,"column":8},"end":{"line":26,"column":14}},{"start":{"line":27,"column":10},"end":{"line":29,"column":13}}],"line":23}},"s":{"0":2,"1":7,"2":6,"3":2,"4":2,"5":2,"6":2,"7":4,"8":2},"f":{"0":7,"1":4},"b":{"0":[0,2]},"_coverageSchema":"1a1c01bbd47fc00a2c39e90264f33305004495a9","hash":"d566bfcb9be14285642c818137025bb3c916478e"}
,"C:\\shoppingcart-app\\src\\Components\\Checkout.js": {"path":"C:\\shoppingcart-app\\src\\Components\\Checkout.js","statementMap":{"0":{"start":{"line":22,"column":17},"end":{"line":560,"column":1}},"1":{"start":{"line":23,"column":22},"end":{"line":23,"column":69}},"2":{"start":{"line":24,"column":23},"end":{"line":24,"column":33}},"3":{"start":{"line":25,"column":22},"end":{"line":25,"column":74}},"4":{"start":{"line":26,"column":24},"end":{"line":26,"column":54}},"5":{"start":{"line":27,"column":18},"end":{"line":27,"column":36}},"6":{"start":{"line":28,"column":30},"end":{"line":28,"column":43}},"7":{"start":{"line":29,"column":44},"end":{"line":32,"column":4}},"8":{"start":{"line":33,"column":46},"end":{"line":51,"column":4}},"9":{"start":{"line":53,"column":28},"end":{"line":55,"column":3}},"10":{"start":{"line":54,"column":14},"end":{"line":54,"column":45}},"11":{"start":{"line":56,"column":25},"end":{"line":58,"column":3}},"12":{"start":{"line":57,"column":11},"end":{"line":57,"column":52}},"13":{"start":{"line":59,"column":26},"end":{"line":61,"column":3}},"14":{"start":{"line":60,"column":11},"end":{"line":60,"column":50}},"15":{"start":{"line":63,"column":28},"end":{"line":171,"column":3}},"16":{"start":{"line":64,"column":32},"end":{"line":64,"column":40}},"17":{"start":{"line":65,"column":4},"end":{"line":71,"column":5}},"18":{"start":{"line":66,"column":6},"end":{"line":70,"column":9}},"19":{"start":{"line":72,"column":4},"end":{"line":93,"column":5}},"20":{"start":{"line":73,"column":6},"end":{"line":92,"column":7}},"21":{"start":{"line":74,"column":8},"end":{"line":78,"column":11}},"22":{"start":{"line":80,"column":8},"end":{"line":91,"column":9}},"23":{"start":{"line":81,"column":10},"end":{"line":85,"column":13}},"24":{"start":{"line":87,"column":10},"end":{"line":90,"column":13}},"25":{"start":{"line":94,"column":4},"end":{"line":115,"column":5}},"26":{"start":{"line":95,"column":6},"end":{"line":114,"column":7}},"27":{"start":{"line":96,"column":8},"end":{"line":100,"column":11}},"28":{"start":{"line":102,"column":8},"end":{"line":113,"column":9}},"29":{"start":{"line":103,"column":10},"end":{"line":107,"column":13}},"30":{"start":{"line":109,"column":10},"end":{"line":112,"column":13}},"31":{"start":{"line":116,"column":4},"end":{"line":122,"column":5}},"32":{"start":{"line":117,"column":6},"end":{"line":121,"column":9}},"33":{"start":{"line":123,"column":4},"end":{"line":125,"column":5}},"34":{"start":{"line":124,"column":6},"end":{"line":124,"column":66}},"35":{"start":{"line":126,"column":4},"end":{"line":141,"column":5}},"36":{"start":{"line":127,"column":6},"end":{"line":140,"column":7}},"37":{"start":{"line":128,"column":8},"end":{"line":132,"column":11}},"38":{"start":{"line":134,"column":8},"end":{"line":139,"column":11}},"39":{"start":{"line":142,"column":4},"end":{"line":152,"column":5}},"40":{"start":{"line":143,"column":6},"end":{"line":151,"column":7}},"41":{"start":{"line":144,"column":8},"end":{"line":148,"column":11}},"42":{"start":{"line":150,"column":8},"end":{"line":150,"column":70}},"43":{"start":{"line":153,"column":4},"end":{"line":163,"column":5}},"44":{"start":{"line":154,"column":6},"end":{"line":162,"column":7}},"45":{"start":{"line":155,"column":8},"end":{"line":159,"column":11}},"46":{"start":{"line":161,"column":8},"end":{"line":161,"column":69}},"47":{"start":{"line":164,"column":4},"end":{"line":170,"column":5}},"48":{"start":{"line":165,"column":6},"end":{"line":169,"column":9}},"49":{"start":{"line":173,"column":27},"end":{"line":202,"column":3}},"50":{"start":{"line":174,"column":38},"end":{"line":174,"column":55}},"51":{"start":{"line":175,"column":4},"end":{"line":179,"column":7}},"52":{"start":{"line":180,"column":4},"end":{"line":196,"column":5}},"53":{"start":{"line":181,"column":28},"end":{"line":181,"column":66}},"54":{"start":{"line":183,"column":8},"end":{"line":183,"column":21}},"55":{"start":{"line":184,"column":6},"end":{"line":195,"column":9}},"56":{"start":{"line":197,"column":4},"end":{"line":201,"column":7}},"57":{"start":{"line":204,"column":22},"end":{"line":278,"column":3}},"58":{"start":{"line":205,"column":4},"end":{"line":205,"column":23}},"59":{"start":{"line":216,"column":8},"end":{"line":216,"column":22}},"60":{"start":{"line":217,"column":4},"end":{"line":277,"column":5}},"61":{"start":{"line":218,"column":6},"end":{"line":221,"column":9}},"62":{"start":{"line":222,"column":11},"end":{"line":277,"column":5}},"63":{"start":{"line":223,"column":6},"end":{"line":226,"column":9}},"64":{"start":{"line":227,"column":11},"end":{"line":277,"column":5}},"65":{"start":{"line":228,"column":6},"end":{"line":231,"column":9}},"66":{"start":{"line":232,"column":11},"end":{"line":277,"column":5}},"67":{"start":{"line":233,"column":6},"end":{"line":236,"column":9}},"68":{"start":{"line":237,"column":11},"end":{"line":277,"column":5}},"69":{"start":{"line":238,"column":6},"end":{"line":241,"column":9}},"70":{"start":{"line":242,"column":11},"end":{"line":277,"column":5}},"71":{"start":{"line":243,"column":6},"end":{"line":246,"column":9}},"72":{"start":{"line":247,"column":11},"end":{"line":277,"column":5}},"73":{"start":{"line":248,"column":6},"end":{"line":251,"column":9}},"74":{"start":{"line":252,"column":11},"end":{"line":277,"column":5}},"75":{"start":{"line":253,"column":6},"end":{"line":256,"column":9}},"76":{"start":{"line":258,"column":6},"end":{"line":258,"column":69}},"77":{"start":{"line":259,"column":24},"end":{"line":266,"column":7}},"78":{"start":{"line":267,"column":6},"end":{"line":267,"column":63}},"79":{"start":{"line":268,"column":23},"end":{"line":275,"column":8}},"80":{"start":{"line":269,"column":8},"end":{"line":274,"column":9}},"81":{"start":{"line":270,"column":10},"end":{"line":270,"column":51}},"82":{"start":{"line":271,"column":10},"end":{"line":271,"column":41}},"83":{"start":{"line":272,"column":10},"end":{"line":272,"column":41}},"84":{"start":{"line":273,"column":10},"end":{"line":273,"column":43}},"85":{"start":{"line":276,"column":6},"end":{"line":276,"column":68}},"86":{"start":{"line":280,"column":2},"end":{"line":559,"column":4}},"87":{"start":{"line":341,"column":39},"end":{"line":341,"column":59}},"88":{"start":{"line":361,"column":39},"end":{"line":361,"column":59}},"89":{"start":{"line":382,"column":39},"end":{"line":382,"column":59}},"90":{"start":{"line":402,"column":39},"end":{"line":402,"column":59}},"91":{"start":{"line":426,"column":39},"end":{"line":426,"column":59}},"92":{"start":{"line":458,"column":41},"end":{"line":458,"column":61}},"93":{"start":{"line":461,"column":26},"end":{"line":465,"column":28}},"94":{"start":{"line":499,"column":41},"end":{"line":499,"column":61}},"95":{"start":{"line":502,"column":26},"end":{"line":506,"column":28}},"96":{"start":{"line":533,"column":41},"end":{"line":533,"column":61}},"97":{"start":{"line":536,"column":26},"end":{"line":538,"column":28}}},"fnMap":{"0":{"name":"(anonymous_0)","decl":{"start":{"line":22,"column":17},"end":{"line":22,"column":18}},"loc":{"start":{"line":22,"column":23},"end":{"line":560,"column":1}},"line":22},"1":{"name":"(anonymous_1)","decl":{"start":{"line":54,"column":4},"end":{"line":54,"column":5}},"loc":{"start":{"line":54,"column":14},"end":{"line":54,"column":45}},"line":54},"2":{"name":"(anonymous_2)","decl":{"start":{"line":57,"column":4},"end":{"line":57,"column":5}},"loc":{"start":{"line":57,"column":11},"end":{"line":57,"column":52}},"line":57},"3":{"name":"(anonymous_3)","decl":{"start":{"line":60,"column":4},"end":{"line":60,"column":5}},"loc":{"start":{"line":60,"column":11},"end":{"line":60,"column":50}},"line":60},"4":{"name":"(anonymous_4)","decl":{"start":{"line":63,"column":28},"end":{"line":63,"column":29}},"loc":{"start":{"line":63,"column":35},"end":{"line":171,"column":3}},"line":63},"5":{"name":"(anonymous_5)","decl":{"start":{"line":173,"column":27},"end":{"line":173,"column":28}},"loc":{"start":{"line":173,"column":33},"end":{"line":202,"column":3}},"line":173},"6":{"name":"(anonymous_6)","decl":{"start":{"line":204,"column":22},"end":{"line":204,"column":23}},"loc":{"start":{"line":204,"column":29},"end":{"line":278,"column":3}},"line":204},"7":{"name":"(anonymous_7)","decl":{"start":{"line":268,"column":39},"end":{"line":268,"column":40}},"loc":{"start":{"line":268,"column":56},"end":{"line":275,"column":7}},"line":268},"8":{"name":"(anonymous_8)","decl":{"start":{"line":341,"column":32},"end":{"line":341,"column":33}},"loc":{"start":{"line":341,"column":39},"end":{"line":341,"column":59}},"line":341},"9":{"name":"(anonymous_9)","decl":{"start":{"line":361,"column":32},"end":{"line":361,"column":33}},"loc":{"start":{"line":361,"column":39},"end":{"line":361,"column":59}},"line":361},"10":{"name":"(anonymous_10)","decl":{"start":{"line":382,"column":32},"end":{"line":382,"column":33}},"loc":{"start":{"line":382,"column":39},"end":{"line":382,"column":59}},"line":382},"11":{"name":"(anonymous_11)","decl":{"start":{"line":402,"column":32},"end":{"line":402,"column":33}},"loc":{"start":{"line":402,"column":39},"end":{"line":402,"column":59}},"line":402},"12":{"name":"(anonymous_12)","decl":{"start":{"line":426,"column":32},"end":{"line":426,"column":33}},"loc":{"start":{"line":426,"column":39},"end":{"line":426,"column":59}},"line":426},"13":{"name":"(anonymous_13)","decl":{"start":{"line":458,"column":34},"end":{"line":458,"column":35}},"loc":{"start":{"line":458,"column":41},"end":{"line":458,"column":61}},"line":458},"14":{"name":"(anonymous_14)","decl":{"start":{"line":460,"column":52},"end":{"line":460,"column":53}},"loc":{"start":{"line":460,"column":70},"end":{"line":466,"column":25}},"line":460},"15":{"name":"(anonymous_15)","decl":{"start":{"line":499,"column":34},"end":{"line":499,"column":35}},"loc":{"start":{"line":499,"column":41},"end":{"line":499,"column":61}},"line":499},"16":{"name":"(anonymous_16)","decl":{"start":{"line":501,"column":52},"end":{"line":501,"column":53}},"loc":{"start":{"line":501,"column":68},"end":{"line":507,"column":25}},"line":501},"17":{"name":"(anonymous_17)","decl":{"start":{"line":533,"column":34},"end":{"line":533,"column":35}},"loc":{"start":{"line":533,"column":41},"end":{"line":533,"column":61}},"line":533},"18":{"name":"(anonymous_18)","decl":{"start":{"line":535,"column":53},"end":{"line":535,"column":54}},"loc":{"start":{"line":535,"column":68},"end":{"line":539,"column":25}},"line":535}},"branchMap":{"0":{"loc":{"start":{"line":25,"column":33},"end":{"line":25,"column":73}},"type":"binary-expr","locations":[{"start":{"line":25,"column":33},"end":{"line":25,"column":65}},{"start":{"line":25,"column":69},"end":{"line":25,"column":73}}],"line":25},"1":{"loc":{"start":{"line":65,"column":4},"end":{"line":71,"column":5}},"type":"if","locations":[{"start":{"line":65,"column":4},"end":{"line":71,"column":5}},{"start":{},"end":{}}],"line":65},"2":{"loc":{"start":{"line":72,"column":4},"end":{"line":93,"column":5}},"type":"if","locations":[{"start":{"line":72,"column":4},"end":{"line":93,"column":5}},{"start":{},"end":{}}],"line":72},"3":{"loc":{"start":{"line":73,"column":6},"end":{"line":92,"column":7}},"type":"if","locations":[{"start":{"line":73,"column":6},"end":{"line":92,"column":7}},{"start":{"line":79,"column":13},"end":{"line":92,"column":7}}],"line":73},"4":{"loc":{"start":{"line":80,"column":8},"end":{"line":91,"column":9}},"type":"if","locations":[{"start":{"line":80,"column":8},"end":{"line":91,"column":9}},{"start":{"line":86,"column":15},"end":{"line":91,"column":9}}],"line":80},"5":{"loc":{"start":{"line":94,"column":4},"end":{"line":115,"column":5}},"type":"if","locations":[{"start":{"line":94,"column":4},"end":{"line":115,"column":5}},{"start":{},"end":{}}],"line":94},"6":{"loc":{"start":{"line":95,"column":6},"end":{"line":114,"column":7}},"type":"if","locations":[{"start":{"line":95,"column":6},"end":{"line":114,"column":7}},{"start":{"line":101,"column":13},"end":{"line":114,"column":7}}],"line":95},"7":{"loc":{"start":{"line":102,"column":8},"end":{"line":113,"column":9}},"type":"if","locations":[{"start":{"line":102,"column":8},"end":{"line":113,"column":9}},{"start":{"line":108,"column":15},"end":{"line":113,"column":9}}],"line":102},"8":{"loc":{"start":{"line":116,"column":4},"end":{"line":122,"column":5}},"type":"if","locations":[{"start":{"line":116,"column":4},"end":{"line":122,"column":5}},{"start":{},"end":{}}],"line":116},"9":{"loc":{"start":{"line":123,"column":4},"end":{"line":125,"column":5}},"type":"if","locations":[{"start":{"line":123,"column":4},"end":{"line":125,"column":5}},{"start":{},"end":{}}],"line":123},"10":{"loc":{"start":{"line":126,"column":4},"end":{"line":141,"column":5}},"type":"if","locations":[{"start":{"line":126,"column":4},"end":{"line":141,"column":5}},{"start":{},"end":{}}],"line":126},"11":{"loc":{"start":{"line":127,"column":6},"end":{"line":140,"column":7}},"type":"if","locations":[{"start":{"line":127,"column":6},"end":{"line":140,"column":7}},{"start":{"line":133,"column":13},"end":{"line":140,"column":7}}],"line":127},"12":{"loc":{"start":{"line":142,"column":4},"end":{"line":152,"column":5}},"type":"if","locations":[{"start":{"line":142,"column":4},"end":{"line":152,"column":5}},{"start":{},"end":{}}],"line":142},"13":{"loc":{"start":{"line":143,"column":6},"end":{"line":151,"column":7}},"type":"if","locations":[{"start":{"line":143,"column":6},"end":{"line":151,"column":7}},{"start":{"line":149,"column":13},"end":{"line":151,"column":7}}],"line":143},"14":{"loc":{"start":{"line":153,"column":4},"end":{"line":163,"column":5}},"type":"if","locations":[{"start":{"line":153,"column":4},"end":{"line":163,"column":5}},{"start":{},"end":{}}],"line":153},"15":{"loc":{"start":{"line":154,"column":6},"end":{"line":162,"column":7}},"type":"if","locations":[{"start":{"line":154,"column":6},"end":{"line":162,"column":7}},{"start":{"line":160,"column":13},"end":{"line":162,"column":7}}],"line":154},"16":{"loc":{"start":{"line":164,"column":4},"end":{"line":170,"column":5}},"type":"if","locations":[{"start":{"line":164,"column":4},"end":{"line":170,"column":5}},{"start":{},"end":{}}],"line":164},"17":{"loc":{"start":{"line":180,"column":4},"end":{"line":196,"column":5}},"type":"if","locations":[{"start":{"line":180,"column":4},"end":{"line":196,"column":5}},{"start":{},"end":{}}],"line":180},"18":{"loc":{"start":{"line":217,"column":4},"end":{"line":277,"column":5}},"type":"if","locations":[{"start":{"line":217,"column":4},"end":{"line":277,"column":5}},{"start":{"line":222,"column":11},"end":{"line":277,"column":5}}],"line":217},"19":{"loc":{"start":{"line":222,"column":11},"end":{"line":277,"column":5}},"type":"if","locations":[{"start":{"line":222,"column":11},"end":{"line":277,"column":5}},{"start":{"line":227,"column":11},"end":{"line":277,"column":5}}],"line":222},"20":{"loc":{"start":{"line":227,"column":11},"end":{"line":277,"column":5}},"type":"if","locations":[{"start":{"line":227,"column":11},"end":{"line":277,"column":5}},{"start":{"line":232,"column":11},"end":{"line":277,"column":5}}],"line":227},"21":{"loc":{"start":{"line":232,"column":11},"end":{"line":277,"column":5}},"type":"if","locations":[{"start":{"line":232,"column":11},"end":{"line":277,"column":5}},{"start":{"line":237,"column":11},"end":{"line":277,"column":5}}],"line":232},"22":{"loc":{"start":{"line":237,"column":11},"end":{"line":277,"column":5}},"type":"if","locations":[{"start":{"line":237,"column":11},"end":{"line":277,"column":5}},{"start":{"line":242,"column":11},"end":{"line":277,"column":5}}],"line":237},"23":{"loc":{"start":{"line":242,"column":11},"end":{"line":277,"column":5}},"type":"if","locations":[{"start":{"line":242,"column":11},"end":{"line":277,"column":5}},{"start":{"line":247,"column":11},"end":{"line":277,"column":5}}],"line":242},"24":{"loc":{"start":{"line":247,"column":11},"end":{"line":277,"column":5}},"type":"if","locations":[{"start":{"line":247,"column":11},"end":{"line":277,"column":5}},{"start":{"line":252,"column":11},"end":{"line":277,"column":5}}],"line":247},"25":{"loc":{"start":{"line":252,"column":11},"end":{"line":277,"column":5}},"type":"if","locations":[{"start":{"line":252,"column":11},"end":{"line":277,"column":5}},{"start":{"line":257,"column":11},"end":{"line":277,"column":5}}],"line":252},"26":{"loc":{"start":{"line":269,"column":8},"end":{"line":274,"column":9}},"type":"if","locations":[{"start":{"line":269,"column":8},"end":{"line":274,"column":9}},{"start":{},"end":{}}],"line":269},"27":{"loc":{"start":{"line":285,"column":7},"end":{"line":557,"column":7}},"type":"cond-expr","locations":[{"start":{"line":286,"column":8},"end":{"line":302,"column":9}},{"start":{"line":304,"column":8},"end":{"line":556,"column":14}}],"line":285},"28":{"loc":{"start":{"line":286,"column":8},"end":{"line":302,"column":9}},"type":"cond-expr","locations":[{"start":{"line":287,"column":10},"end":{"line":295,"column":17}},{"start":{"line":297,"column":10},"end":{"line":301,"column":16}}],"line":286},"29":{"loc":{"start":{"line":305,"column":11},"end":{"line":555,"column":11}},"type":"cond-expr","locations":[{"start":{"line":306,"column":12},"end":{"line":314,"column":19}},{"start":{"line":316,"column":12},"end":{"line":554,"column":19}}],"line":305}},"s":{"0":3,"1":150,"2":150,"3":150,"4":150,"5":150,"6":148,"7":144,"8":144,"9":144,"10":64,"11":144,"12":576,"13":144,"14":93,"15":144,"16":31,"17":31,"18":2,"19":31,"20":8,"21":6,"22":2,"23":1,"24":1,"25":31,"26":10,"27":8,"28":2,"29":1,"30":1,"31":31,"32":5,"33":31,"34":0,"35":31,"36":0,"37":0,"38":0,"39":31,"40":0,"41":0,"42":0,"43":31,"44":0,"45":0,"46":0,"47":31,"48":6,"49":144,"50":12,"51":12,"52":12,"53":11,"54":11,"55":11,"56":12,"57":144,"58":9,"59":9,"60":9,"61":1,"62":8,"63":1,"64":7,"65":1,"66":6,"67":1,"68":5,"69":1,"70":4,"71":1,"72":3,"73":1,"74":2,"75":1,"76":1,"77":1,"78":1,"79":1,"80":1,"81":1,"82":1,"83":1,"84":1,"85":1,"86":144,"87":2,"88":10,"89":8,"90":6,"91":5,"92":0,"93":204,"94":0,"95":220,"96":0,"97":160},"f":{"0":150,"1":64,"2":576,"3":93,"4":31,"5":12,"6":9,"7":1,"8":2,"9":10,"10":8,"11":6,"12":5,"13":0,"14":204,"15":0,"16":220,"17":0,"18":160},"b":{"0":[150,84],"1":[2,29],"2":[8,23],"3":[6,2],"4":[1,1],"5":[10,21],"6":[8,2],"7":[1,1],"8":[5,26],"9":[0,31],"10":[0,31],"11":[0,0],"12":[0,31],"13":[0,0],"14":[0,31],"15":[0,0],"16":[6,25],"17":[11,1],"18":[1,8],"19":[1,7],"20":[1,6],"21":[1,5],"22":[1,4],"23":[1,3],"24":[1,2],"25":[1,1],"26":[1,0],"27":[92,52],"28":[11,81],"29":[1,51]},"_coverageSchema":"1a1c01bbd47fc00a2c39e90264f33305004495a9","hash":"811775883eaa7c21774ed8820bd9300bfaec0d7d"}
,"C:\\shoppingcart-app\\src\\Components\\Description.js": {"path":"C:\\shoppingcart-app\\src\\Components\\Description.js","statementMap":{"0":{"start":{"line":10,"column":29},"end":{"line":20,"column":2}},"1":{"start":{"line":22,"column":20},"end":{"line":74,"column":1}},"2":{"start":{"line":23,"column":19},"end":{"line":23,"column":32}},"3":{"start":{"line":24,"column":19},"end":{"line":24,"column":32}},"4":{"start":{"line":25,"column":23},"end":{"line":25,"column":31}},"5":{"start":{"line":26,"column":20},"end":{"line":26,"column":39}},"6":{"start":{"line":27,"column":28},"end":{"line":27,"column":44}},"7":{"start":{"line":28,"column":18},"end":{"line":28,"column":40}},"8":{"start":{"line":29,"column":30},"end":{"line":29,"column":51}},"9":{"start":{"line":30,"column":26},"end":{"line":30,"column":45}},"10":{"start":{"line":32,"column":30},"end":{"line":36,"column":3}},"11":{"start":{"line":33,"column":4},"end":{"line":33,"column":21}},"12":{"start":{"line":34,"column":4},"end":{"line":34,"column":25}},"13":{"start":{"line":35,"column":4},"end":{"line":35,"column":31}},"14":{"start":{"line":38,"column":2},"end":{"line":73,"column":4}},"15":{"start":{"line":57,"column":16},"end":{"line":57,"column":35}}},"fnMap":{"0":{"name":"(anonymous_0)","decl":{"start":{"line":22,"column":20},"end":{"line":22,"column":21}},"loc":{"start":{"line":22,"column":71},"end":{"line":74,"column":1}},"line":22},"1":{"name":"(anonymous_1)","decl":{"start":{"line":32,"column":30},"end":{"line":32,"column":31}},"loc":{"start":{"line":32,"column":36},"end":{"line":36,"column":3}},"line":32},"2":{"name":"(anonymous_2)","decl":{"start":{"line":56,"column":24},"end":{"line":56,"column":25}},"loc":{"start":{"line":56,"column":45},"end":{"line":58,"column":15}},"line":56}},"branchMap":{"0":{"loc":{"start":{"line":67,"column":11},"end":{"line":69,"column":21}},"type":"cond-expr","locations":[{"start":{"line":68,"column":12},"end":{"line":68,"column":51}},{"start":{"line":69,"column":15},"end":{"line":69,"column":20}}],"line":67}},"s":{"0":7,"1":7,"2":27,"3":27,"4":27,"5":27,"6":27,"7":27,"8":27,"9":27,"10":27,"11":1,"12":1,"13":1,"14":27,"15":0},"f":{"0":27,"1":1,"2":0},"b":{"0":[6,21]},"_coverageSchema":"1a1c01bbd47fc00a2c39e90264f33305004495a9","hash":"c57607a7d4dc7635aa0d58c87e34eb7d111fc83c"}
,"C:\\shoppingcart-app\\src\\Components\\FinalOrder.js": {"path":"C:\\shoppingcart-app\\src\\Components\\FinalOrder.js","statementMap":{"0":{"start":{"line":5,"column":21},"end":{"line":14,"column":2}},"1":{"start":{"line":16,"column":19},"end":{"line":27,"column":1}},"2":{"start":{"line":17,"column":16},"end":{"line":17,"column":32}},"3":{"start":{"line":19,"column":2},"end":{"line":26,"column":4}}},"fnMap":{"0":{"name":"(anonymous_0)","decl":{"start":{"line":16,"column":19},"end":{"line":16,"column":20}},"loc":{"start":{"line":16,"column":25},"end":{"line":27,"column":1}},"line":16}},"branchMap":{},"s":{"0":1,"1":1,"2":1,"3":1},"f":{"0":1},"b":{},"_coverageSchema":"1a1c01bbd47fc00a2c39e90264f33305004495a9","hash":"f9a666fe782b21faad789c51df59bdaa2ed32641"}
,"C:\\shoppingcart-app\\src\\Components\\Footer.js": {"path":"C:\\shoppingcart-app\\src\\Components\\Footer.js","statementMap":{"0":{"start":{"line":9,"column":21},"end":{"line":20,"column":2}},"1":{"start":{"line":22,"column":15},"end":{"line":36,"column":1}},"2":{"start":{"line":23,"column":16},"end":{"line":23,"column":32}},"3":{"start":{"line":25,"column":2},"end":{"line":35,"column":4}}},"fnMap":{"0":{"name":"(anonymous_0)","decl":{"start":{"line":22,"column":15},"end":{"line":22,"column":16}},"loc":{"start":{"line":22,"column":21},"end":{"line":36,"column":1}},"line":22}},"branchMap":{},"s":{"0":1,"1":1,"2":1,"3":1},"f":{"0":1},"b":{},"_coverageSchema":"1a1c01bbd47fc00a2c39e90264f33305004495a9","hash":"8cb1a2dfcd938bb7b7c44b153390c5b19b9ff6ae"}
,"C:\\shoppingcart-app\\src\\Components\\Imageslider.js": {"path":"C:\\shoppingcart-app\\src\\Components\\Imageslider.js","statementMap":{"0":{"start":{"line":10,"column":26},"end":{"line":33,"column":2}},"1":{"start":{"line":35,"column":20},"end":{"line":74,"column":1}},"2":{"start":{"line":36,"column":36},"end":{"line":36,"column":59}},"3":{"start":{"line":37,"column":18},"end":{"line":37,"column":39}},"4":{"start":{"line":39,"column":20},"end":{"line":41,"column":3}},"5":{"start":{"line":40,"column":4},"end":{"line":40,"column":32}},"6":{"start":{"line":43,"column":2},"end":{"line":73,"column":4}},"7":{"start":{"line":57,"column":12},"end":{"line":68,"column":14}},"8":{"start":{"line":64,"column":36},"end":{"line":64,"column":61}}},"fnMap":{"0":{"name":"(anonymous_0)","decl":{"start":{"line":35,"column":20},"end":{"line":35,"column":21}},"loc":{"start":{"line":35,"column":40},"end":{"line":74,"column":1}},"line":35},"1":{"name":"(anonymous_1)","decl":{"start":{"line":39,"column":20},"end":{"line":39,"column":21}},"loc":{"start":{"line":39,"column":39},"end":{"line":41,"column":3}},"line":39},"2":{"name":"(anonymous_2)","decl":{"start":{"line":56,"column":26},"end":{"line":56,"column":27}},"loc":{"start":{"line":56,"column":53},"end":{"line":69,"column":11}},"line":56},"3":{"name":"(anonymous_3)","decl":{"start":{"line":64,"column":29},"end":{"line":64,"column":30}},"loc":{"start":{"line":64,"column":36},"end":{"line":64,"column":61}},"line":64}},"branchMap":{},"s":{"0":2,"1":2,"2":3,"3":3,"4":3,"5":1,"6":3,"7":9,"8":1},"f":{"0":3,"1":1,"2":9,"3":1},"b":{},"_coverageSchema":"1a1c01bbd47fc00a2c39e90264f33305004495a9","hash":"c935e7243b773cf8eee8d3d36da73369ccfddda4"}
,"C:\\shoppingcart-app\\src\\Components\\Login.js": {"path":"C:\\shoppingcart-app\\src\\Components\\Login.js","statementMap":{"0":{"start":{"line":7,"column":22},"end":{"line":31,"column":2}},"1":{"start":{"line":33,"column":14},"end":{"line":219,"column":1}},"2":{"start":{"line":34,"column":38},"end":{"line":43,"column":4}},"3":{"start":{"line":44,"column":42},"end":{"line":44,"column":57}},"4":{"start":{"line":45,"column":22},"end":{"line":45,"column":52}},"5":{"start":{"line":46,"column":19},"end":{"line":46,"column":32}},"6":{"start":{"line":47,"column":30},"end":{"line":47,"column":43}},"7":{"start":{"line":48,"column":18},"end":{"line":48,"column":33}},"8":{"start":{"line":50,"column":4},"end":{"line":50,"column":64}},"9":{"start":{"line":52,"column":2},"end":{"line":57,"column":9}},"10":{"start":{"line":53,"column":4},"end":{"line":56,"column":5}},"11":{"start":{"line":54,"column":6},"end":{"line":54,"column":39}},"12":{"start":{"line":55,"column":6},"end":{"line":55,"column":28}},"13":{"start":{"line":59,"column":26},"end":{"line":84,"column":3}},"14":{"start":{"line":60,"column":17},"end":{"line":60,"column":31}},"15":{"start":{"line":61,"column":4},"end":{"line":83,"column":5}},"16":{"start":{"line":62,"column":6},"end":{"line":67,"column":9}},"17":{"start":{"line":69,"column":6},"end":{"line":82,"column":7}},"18":{"start":{"line":70,"column":8},"end":{"line":75,"column":11}},"19":{"start":{"line":77,"column":8},"end":{"line":81,"column":11}},"20":{"start":{"line":86,"column":26},"end":{"line":101,"column":3}},"21":{"start":{"line":87,"column":17},"end":{"line":87,"column":31}},"22":{"start":{"line":88,"column":4},"end":{"line":100,"column":5}},"23":{"start":{"line":89,"column":6},"end":{"line":93,"column":9}},"24":{"start":{"line":95,"column":6},"end":{"line":99,"column":9}},"25":{"start":{"line":103,"column":23},"end":{"line":153,"column":3}},"26":{"start":{"line":104,"column":4},"end":{"line":104,"column":23}},"27":{"start":{"line":105,"column":21},"end":{"line":105,"column":73}},"28":{"start":{"line":106,"column":22},"end":{"line":116,"column":6}},"29":{"start":{"line":107,"column":6},"end":{"line":115,"column":7}},"30":{"start":{"line":111,"column":8},"end":{"line":114,"column":10}},"31":{"start":{"line":117,"column":4},"end":{"line":152,"column":5}},"32":{"start":{"line":118,"column":6},"end":{"line":118,"column":39}},"33":{"start":{"line":119,"column":6},"end":{"line":119,"column":28}},"34":{"start":{"line":120,"column":6},"end":{"line":120,"column":58}},"35":{"start":{"line":121,"column":6},"end":{"line":121,"column":64}},"36":{"start":{"line":123,"column":29},"end":{"line":123,"column":60}},"37":{"start":{"line":123,"column":49},"end":{"line":123,"column":59}},"38":{"start":{"line":124,"column":29},"end":{"line":124,"column":60}},"39":{"start":{"line":124,"column":49},"end":{"line":124,"column":59}},"40":{"start":{"line":125,"column":6},"end":{"line":151,"column":7}},"41":{"start":{"line":127,"column":8},"end":{"line":127,"column":67}},"42":{"start":{"line":128,"column":13},"end":{"line":151,"column":7}},"43":{"start":{"line":132,"column":8},"end":{"line":136,"column":11}},"44":{"start":{"line":137,"column":13},"end":{"line":151,"column":7}},"45":{"start":{"line":138,"column":8},"end":{"line":141,"column":11}},"46":{"start":{"line":142,"column":13},"end":{"line":151,"column":7}},"47":{"start":{"line":144,"column":8},"end":{"line":150,"column":11}},"48":{"start":{"line":155,"column":2},"end":{"line":218,"column":4}}},"fnMap":{"0":{"name":"(anonymous_0)","decl":{"start":{"line":33,"column":14},"end":{"line":33,"column":15}},"loc":{"start":{"line":33,"column":20},"end":{"line":219,"column":1}},"line":33},"1":{"name":"(anonymous_1)","decl":{"start":{"line":52,"column":12},"end":{"line":52,"column":13}},"loc":{"start":{"line":52,"column":18},"end":{"line":57,"column":3}},"line":52},"2":{"name":"(anonymous_2)","decl":{"start":{"line":59,"column":26},"end":{"line":59,"column":27}},"loc":{"start":{"line":59,"column":33},"end":{"line":84,"column":3}},"line":59},"3":{"name":"(anonymous_3)","decl":{"start":{"line":86,"column":26},"end":{"line":86,"column":27}},"loc":{"start":{"line":86,"column":33},"end":{"line":101,"column":3}},"line":86},"4":{"name":"(anonymous_4)","decl":{"start":{"line":103,"column":23},"end":{"line":103,"column":24}},"loc":{"start":{"line":103,"column":30},"end":{"line":153,"column":3}},"line":103},"5":{"name":"(anonymous_5)","decl":{"start":{"line":106,"column":38},"end":{"line":106,"column":39}},"loc":{"start":{"line":106,"column":51},"end":{"line":116,"column":5}},"line":106},"6":{"name":"(anonymous_6)","decl":{"start":{"line":123,"column":42},"end":{"line":123,"column":43}},"loc":{"start":{"line":123,"column":49},"end":{"line":123,"column":59}},"line":123},"7":{"name":"(anonymous_7)","decl":{"start":{"line":124,"column":42},"end":{"line":124,"column":43}},"loc":{"start":{"line":124,"column":49},"end":{"line":124,"column":59}},"line":124}},"branchMap":{"0":{"loc":{"start":{"line":53,"column":4},"end":{"line":56,"column":5}},"type":"if","locations":[{"start":{"line":53,"column":4},"end":{"line":56,"column":5}},{"start":{},"end":{}}],"line":53},"1":{"loc":{"start":{"line":61,"column":4},"end":{"line":83,"column":5}},"type":"if","locations":[{"start":{"line":61,"column":4},"end":{"line":83,"column":5}},{"start":{"line":68,"column":11},"end":{"line":83,"column":5}}],"line":61},"2":{"loc":{"start":{"line":69,"column":6},"end":{"line":82,"column":7}},"type":"if","locations":[{"start":{"line":69,"column":6},"end":{"line":82,"column":7}},{"start":{"line":76,"column":13},"end":{"line":82,"column":7}}],"line":69},"3":{"loc":{"start":{"line":88,"column":4},"end":{"line":100,"column":5}},"type":"if","locations":[{"start":{"line":88,"column":4},"end":{"line":100,"column":5}},{"start":{"line":94,"column":11},"end":{"line":100,"column":5}}],"line":88},"4":{"loc":{"start":{"line":105,"column":32},"end":{"line":105,"column":72}},"type":"binary-expr","locations":[{"start":{"line":105,"column":32},"end":{"line":105,"column":64}},{"start":{"line":105,"column":68},"end":{"line":105,"column":72}}],"line":105},"5":{"loc":{"start":{"line":107,"column":6},"end":{"line":115,"column":7}},"type":"if","locations":[{"start":{"line":107,"column":6},"end":{"line":115,"column":7}},{"start":{},"end":{}}],"line":107},"6":{"loc":{"start":{"line":108,"column":8},"end":{"line":109,"column":48}},"type":"binary-expr","locations":[{"start":{"line":108,"column":8},"end":{"line":108,"column":48}},{"start":{"line":109,"column":8},"end":{"line":109,"column":48}}],"line":108},"7":{"loc":{"start":{"line":112,"column":10},"end":{"line":113,"column":50}},"type":"binary-expr","locations":[{"start":{"line":112,"column":10},"end":{"line":112,"column":50}},{"start":{"line":113,"column":10},"end":{"line":113,"column":50}}],"line":112},"8":{"loc":{"start":{"line":117,"column":4},"end":{"line":152,"column":5}},"type":"if","locations":[{"start":{"line":117,"column":4},"end":{"line":152,"column":5}},{"start":{"line":122,"column":11},"end":{"line":152,"column":5}}],"line":117},"9":{"loc":{"start":{"line":125,"column":6},"end":{"line":151,"column":7}},"type":"if","locations":[{"start":{"line":125,"column":6},"end":{"line":151,"column":7}},{"start":{"line":128,"column":13},"end":{"line":151,"column":7}}],"line":125},"10":{"loc":{"start":{"line":128,"column":13},"end":{"line":151,"column":7}},"type":"if","locations":[{"start":{"line":128,"column":13},"end":{"line":151,"column":7}},{"start":{"line":137,"column":13},"end":{"line":151,"column":7}}],"line":128},"11":{"loc":{"start":{"line":129,"column":8},"end":{"line":130,"column":53}},"type":"binary-expr","locations":[{"start":{"line":129,"column":8},"end":{"line":129,"column":39}},{"start":{"line":130,"column":8},"end":{"line":130,"column":53}}],"line":129},"12":{"loc":{"start":{"line":137,"column":13},"end":{"line":151,"column":7}},"type":"if","locations":[{"start":{"line":137,"column":13},"end":{"line":151,"column":7}},{"start":{"line":142,"column":13},"end":{"line":151,"column":7}}],"line":137},"13":{"loc":{"start":{"line":142,"column":13},"end":{"line":151,"column":7}},"type":"if","locations":[{"start":{"line":142,"column":13},"end":{"line":151,"column":7}},{"start":{},"end":{}}],"line":142},"14":{"loc":{"start":{"line":142,"column":17},"end":{"line":143,"column":53}},"type":"binary-expr","locations":[{"start":{"line":142,"column":17},"end":{"line":142,"column":48}},{"start":{"line":143,"column":8},"end":{"line":143,"column":53}}],"line":142},"15":{"loc":{"start":{"line":157,"column":7},"end":{"line":216,"column":7}},"type":"cond-expr","locations":[{"start":{"line":158,"column":8},"end":{"line":158,"column":21}},{"start":{"line":160,"column":8},"end":{"line":215,"column":14}}],"line":157},"16":{"loc":{"start":{"line":173,"column":17},"end":{"line":184,"column":17}},"type":"cond-expr","locations":[{"start":{"line":174,"column":18},"end":{"line":175,"column":71}},{"start":{"line":176,"column":20},"end":{"line":184,"column":17}}],"line":173},"17":{"loc":{"start":{"line":176,"column":20},"end":{"line":184,"column":17}},"type":"cond-expr","locations":[{"start":{"line":177,"column":18},"end":{"line":179,"column":31}},{"start":{"line":180,"column":20},"end":{"line":184,"column":17}}],"line":176},"18":{"loc":{"start":{"line":180,"column":20},"end":{"line":184,"column":17}},"type":"cond-expr","locations":[{"start":{"line":181,"column":18},"end":{"line":181,"column":113}},{"start":{"line":183,"column":18},"end":{"line":183,"column":20}}],"line":180},"19":{"loc":{"start":{"line":196,"column":17},"end":{"line":200,"column":17}},"type":"cond-expr","locations":[{"start":{"line":197,"column":18},"end":{"line":197,"column":115}},{"start":{"line":199,"column":18},"end":{"line":199,"column":20}}],"line":196},"20":{"loc":{"start":{"line":201,"column":17},"end":{"line":205,"column":17}},"type":"binary-expr","locations":[{"start":{"line":201,"column":17},"end":{"line":201,"column":38}},{"start":{"line":202,"column":18},"end":{"line":204,"column":31}}],"line":201}},"s":{"0":1,"1":1,"2":20,"3":20,"4":20,"5":20,"6":20,"7":20,"8":20,"9":20,"10":7,"11":1,"12":1,"13":20,"14":5,"15":5,"16":4,"17":1,"18":0,"19":1,"20":20,"21":2,"22":2,"23":0,"24":2,"25":20,"26":5,"27":5,"28":5,"29":4,"30":1,"31":5,"32":1,"33":1,"34":1,"35":1,"36":4,"37":3,"38":4,"39":3,"40":4,"41":1,"42":3,"43":1,"44":2,"45":1,"46":1,"47":1,"48":20},"f":{"0":20,"1":7,"2":5,"3":2,"4":5,"5":4,"6":3,"7":3},"b":{"0":[1,6],"1":[4,1],"2":[0,1],"3":[0,2],"4":[5,1],"5":[1,3],"6":[4,3],"7":[1,1],"8":[1,4],"9":[1,3],"10":[1,2],"11":[3,3],"12":[1,1],"13":[1,0],"14":[1,1],"15":[2,18],"16":[1,17],"17":[1,16],"18":[1,15],"19":[1,17],"20":[18,1]},"_coverageSchema":"1a1c01bbd47fc00a2c39e90264f33305004495a9","hash":"a131b8791cd245b9735a59ef1d394941231db0bb"}
,"C:\\shoppingcart-app\\src\\Components\\Logout.js": {"path":"C:\\shoppingcart-app\\src\\Components\\Logout.js","statementMap":{"0":{"start":{"line":9,"column":25},"end":{"line":48,"column":2}},"1":{"start":{"line":50,"column":15},"end":{"line":79,"column":1}},"2":{"start":{"line":51,"column":19},"end":{"line":51,"column":32}},"3":{"start":{"line":52,"column":19},"end":{"line":52,"column":49}},"4":{"start":{"line":53,"column":18},"end":{"line":53,"column":29}},"5":{"start":{"line":54,"column":30},"end":{"line":54,"column":43}},"6":{"start":{"line":56,"column":17},"end":{"line":61,"column":3}},"7":{"start":{"line":57,"column":4},"end":{"line":57,"column":38}},"8":{"start":{"line":58,"column":4},"end":{"line":58,"column":17}},"9":{"start":{"line":59,"column":4},"end":{"line":59,"column":16}},"10":{"start":{"line":60,"column":4},"end":{"line":60,"column":62}},"11":{"start":{"line":63,"column":2},"end":{"line":78,"column":4}}},"fnMap":{"0":{"name":"(anonymous_0)","decl":{"start":{"line":50,"column":15},"end":{"line":50,"column":16}},"loc":{"start":{"line":50,"column":21},"end":{"line":79,"column":1}},"line":50},"1":{"name":"(anonymous_1)","decl":{"start":{"line":56,"column":17},"end":{"line":56,"column":18}},"loc":{"start":{"line":56,"column":23},"end":{"line":61,"column":3}},"line":56}},"branchMap":{"0":{"loc":{"start":{"line":63,"column":9},"end":{"line":78,"column":3}},"type":"cond-expr","locations":[{"start":{"line":64,"column":4},"end":{"line":67,"column":10}},{"start":{"line":68,"column":7},"end":{"line":77,"column":5}}],"line":63}},"s":{"0":2,"1":2,"2":8,"3":8,"4":8,"5":8,"6":8,"7":1,"8":1,"9":1,"10":1,"11":8},"f":{"0":8,"1":1},"b":{"0":[1,7]},"_coverageSchema":"1a1c01bbd47fc00a2c39e90264f33305004495a9","hash":"bfc3ae4cf4ce3961b5579fd73fc91d1f69186fc1"}
,"C:\\shoppingcart-app\\src\\Components\\Navbar.js": {"path":"C:\\shoppingcart-app\\src\\Components\\Navbar.js","statementMap":{"0":{"start":{"line":13,"column":24},"end":{"line":51,"column":2}},"1":{"start":{"line":53,"column":15},"end":{"line":94,"column":1}},"2":{"start":{"line":54,"column":18},"end":{"line":54,"column":35}},"3":{"start":{"line":55,"column":24},"end":{"line":55,"column":54}},"4":{"start":{"line":56,"column":24},"end":{"line":56,"column":33}},"5":{"start":{"line":57,"column":25},"end":{"line":57,"column":41}},"6":{"start":{"line":58,"column":28},"end":{"line":58,"column":41}},"7":{"start":{"line":59,"column":28},"end":{"line":59,"column":48}},"8":{"start":{"line":60,"column":41},"end":{"line":60,"column":62}},"9":{"start":{"line":61,"column":27},"end":{"line":61,"column":46}},"10":{"start":{"line":63,"column":19},"end":{"line":63,"column":32}},"11":{"start":{"line":65,"column":26},"end":{"line":68,"column":3}},"12":{"start":{"line":66,"column":4},"end":{"line":66,"column":17}},"13":{"start":{"line":67,"column":4},"end":{"line":67,"column":20}},"14":{"start":{"line":70,"column":22},"end":{"line":72,"column":3}},"15":{"start":{"line":71,"column":4},"end":{"line":71,"column":25}},"16":{"start":{"line":74,"column":2},"end":{"line":93,"column":4}}},"fnMap":{"0":{"name":"(anonymous_0)","decl":{"start":{"line":53,"column":15},"end":{"line":53,"column":16}},"loc":{"start":{"line":53,"column":21},"end":{"line":94,"column":1}},"line":53},"1":{"name":"(anonymous_1)","decl":{"start":{"line":65,"column":26},"end":{"line":65,"column":27}},"loc":{"start":{"line":65,"column":32},"end":{"line":68,"column":3}},"line":65},"2":{"name":"(anonymous_2)","decl":{"start":{"line":70,"column":22},"end":{"line":70,"column":23}},"loc":{"start":{"line":70,"column":28},"end":{"line":72,"column":3}},"line":70}},"branchMap":{},"s":{"0":1,"1":1,"2":6,"3":6,"4":6,"5":6,"6":6,"7":6,"8":6,"9":6,"10":6,"11":6,"12":1,"13":1,"14":6,"15":1,"16":6},"f":{"0":6,"1":1,"2":1},"b":{},"_coverageSchema":"1a1c01bbd47fc00a2c39e90264f33305004495a9","hash":"fa28cd338b013f93858161f8b64681eb9bbcaeea"}
,"C:\\shoppingcart-app\\src\\Components\\NavbarDropDown.js": {"path":"C:\\shoppingcart-app\\src\\Components\\NavbarDropDown.js","statementMap":{"0":{"start":{"line":15,"column":18},"end":{"line":87,"column":2}},"1":{"start":{"line":89,"column":30},"end":{"line":284,"column":1}},"2":{"start":{"line":90,"column":34},"end":{"line":90,"column":48}},"3":{"start":{"line":91,"column":38},"end":{"line":91,"column":50}},"4":{"start":{"line":92,"column":41},"end":{"line":92,"column":62}},"5":{"start":{"line":93,"column":27},"end":{"line":93,"column":46}},"6":{"start":{"line":94,"column":29},"end":{"line":94,"column":50}},"7":{"start":{"line":95,"column":26},"end":{"line":95,"column":43}},"8":{"start":{"line":96,"column":31},"end":{"line":96,"column":52}},"9":{"start":{"line":97,"column":18},"end":{"line":97,"column":29}},"10":{"start":{"line":98,"column":15},"end":{"line":98,"column":32}},"11":{"start":{"line":99,"column":19},"end":{"line":99,"column":32}},"12":{"start":{"line":100,"column":23},"end":{"line":100,"column":31}},"13":{"start":{"line":101,"column":20},"end":{"line":101,"column":39}},"14":{"start":{"line":103,"column":22},"end":{"line":105,"column":3}},"15":{"start":{"line":104,"column":4},"end":{"line":104,"column":37}},"16":{"start":{"line":107,"column":22},"end":{"line":109,"column":3}},"17":{"start":{"line":108,"column":4},"end":{"line":108,"column":22}},"18":{"start":{"line":111,"column":24},"end":{"line":115,"column":3}},"19":{"start":{"line":112,"column":4},"end":{"line":112,"column":23}},"20":{"start":{"line":113,"column":4},"end":{"line":113,"column":24}},"21":{"start":{"line":114,"column":4},"end":{"line":114,"column":25}},"22":{"start":{"line":117,"column":24},"end":{"line":145,"column":3}},"23":{"start":{"line":118,"column":4},"end":{"line":144,"column":5}},"24":{"start":{"line":122,"column":28},"end":{"line":122,"column":40}},"25":{"start":{"line":123,"column":6},"end":{"line":123,"column":53}},"26":{"start":{"line":124,"column":6},"end":{"line":124,"column":36}},"27":{"start":{"line":125,"column":11},"end":{"line":144,"column":5}},"28":{"start":{"line":129,"column":6},"end":{"line":129,"column":37}},"29":{"start":{"line":130,"column":6},"end":{"line":130,"column":36}},"30":{"start":{"line":131,"column":11},"end":{"line":144,"column":5}},"31":{"start":{"line":135,"column":6},"end":{"line":135,"column":34}},"32":{"start":{"line":136,"column":6},"end":{"line":136,"column":36}},"33":{"start":{"line":137,"column":11},"end":{"line":144,"column":5}},"34":{"start":{"line":138,"column":6},"end":{"line":138,"column":38}},"35":{"start":{"line":139,"column":6},"end":{"line":139,"column":36}},"36":{"start":{"line":141,"column":6},"end":{"line":141,"column":27}},"37":{"start":{"line":142,"column":6},"end":{"line":142,"column":23}},"38":{"start":{"line":143,"column":6},"end":{"line":143,"column":24}},"39":{"start":{"line":147,"column":2},"end":{"line":149,"column":26}},"40":{"start":{"line":148,"column":4},"end":{"line":148,"column":22}},"41":{"start":{"line":151,"column":22},"end":{"line":155,"column":3}},"42":{"start":{"line":152,"colum
[...]
nd":{"line":123,"column":30}}],"line":122},"12":{"loc":{"start":{"line":137,"column":4},"end":{"line":155,"column":5}},"type":"if","locations":[{"start":{"line":137,"column":4},"end":{"line":155,"column":5}},{"start":{"line":153,"column":12},"end":{"line":155,"column":5}}],"line":137},"13":{"loc":{"start":{"line":145,"column":6},"end":{"line":151,"column":9}},"type":"if","locations":[{"start":{"line":145,"column":6},"end":{"line":151,"column":9}},{"start":{"line":149,"column":12},"end":{"line":151,"column":9}}],"line":145},"14":{"loc":{"start":{"line":146,"column":8},"end":{"line":147,"column":28}},"type":"binary-expr","locations":[{"start":{"line":146,"column":8},"end":{"line":146,"column":44}},{"start":{"line":147,"column":8},"end":{"line":147,"column":28}}],"line":146},"15":{"loc":{"start":{"line":187,"column":2},"end":{"line":189,"column":3}},"type":"if","locations":[{"start":{"line":187,"column":2},"end":{"line":189,"column":3}},{"start":{},"end":{}}],"line":187},"16":{"loc":{"start":{"line":205,"column":4},"end":{"line":207,"column":5}},"type":"if","locations":[{"start":{"line":205,"column":4},"end":{"line":207,"column":5}},{"start":{},"end":{}}],"line":205},"17":{"loc":{"start":{"line":220,"column":4},"end":{"line":222,"column":5}},"type":"if","locations":[{"start":{"line":220,"column":4},"end":{"line":222,"column":5}},{"start":{},"end":{}}],"line":220},"18":{"loc":{"start":{"line":235,"column":4},"end":{"line":237,"column":5}},"type":"if","locations":[{"start":{"line":235,"column":4},"end":{"line":237,"column":5}},{"start":{},"end":{}}],"line":235},"19":{"loc":{"start":{"line":251,"column":4},"end":{"line":253,"column":5}},"type":"if","locations":[{"start":{"line":251,"column":4},"end":{"line":253,"column":5}},{"start":{},"end":{}}],"line":251},"20":{"loc":{"start":{"line":265,"column":4},"end":{"line":267,"column":5}},"type":"if","locations":[{"start":{"line":265,"column":4},"end":{"line":267,"column":5}},{"start":{},"end":{}}],"line":265},"21":{"loc":{"start":{"line":279,"column":4},"end":{"line":281,"column":5}},"type":"if","locations":[{"start":{"line":279,"column":4},"end":{"line":281,"column":5}},{"start":{},"end":{}}],"line":279},"22":{"loc":{"start":{"line":292,"column":4},"end":{"line":294,"column":5}},"type":"if","locations":[{"start":{"line":292,"column":4},"end":{"line":294,"column":5}},{"start":{},"end":{}}],"line":292},"23":{"loc":{"start":{"line":305,"column":4},"end":{"line":307,"column":5}},"type":"if","locations":[{"start":{"line":305,"column":4},"end":{"line":307,"column":5}},{"start":{},"end":{}}],"line":305}},"s":{"0":18,"1":18,"2":171,"3":171,"4":171,"5":171,"6":171,"7":171,"8":171,"9":171,"10":171,"11":171,"12":7,"13":7,"14":8,"15":7,"16":171,"17":1,"18":1,"19":1,"20":171,"21":6,"22":6,"23":7,"24":6,"25":171,"26":1,"27":1,"28":1,"29":171,"30":4,"31":1,"32":1,"33":3,"34":3,"35":4,"36":3,"37":171,"38":1,"39":1,"40":1,"41":171,"42":2,"43":2,"44":2,"45":171,"46":12,"47":3,"48":3,"49":9,"50":3,"51":9,"52":171,"53":5,"54":2,"55":1,"56":2,"57":1,"58":1,"59":1,"60":3,"61":171,"62":3,"63":2,"64":2,"65":2,"66":1,"67":1,"68":1,"69":171,"70":3,"71":2,"72":2,"73":2,"74":1,"75":1,"76":1,"77":171,"78":3,"79":2,"80":2,"81":6,"82":2,"83":2,"84":2,"85":1,"86":1,"87":1,"88":171,"89":171,"90":18,"91":43,"92":43,"93":4,"94":39,"95":39,"96":0,"97":39,"98":18,"99":50,"100":49,"101":8,"102":41,"103":41,"104":18,"105":25,"106":24,"107":4,"108":20,"109":20,"110":18,"111":279,"112":279,"113":4,"114":275,"115":275,"116":18,"117":45,"118":45,"119":4,"120":41,"121":41,"122":18,"123":49,"124":49,"125":4,"126":45,"127":45,"128":18,"129":11,"130":11,"131":4,"132":7,"133":7,"134":18,"135":11,"136":11,"137":4,"138":7,"139":7,"140":18,"141":11,"142":11,"143":4,"144":7,"145":7},"f":{"0":171,"1":7,"2":8,"3":1,"4":1,"5":6,"6":7,"7":1,"8":1,"9":4,"10":4,"11":1,"12":1,"13":2,"14":12,"15":9,"16":5,"17":1,"18":3,"19":2,"20":3,"21":2,"22":3,"23":6,"24":2,"25":43,"26":0,"27":50,"28":25,"29":279,"30":45,"31":49,"32":11,"33":11,"34":11},"b":{"0":[1,3],"1":[3,9],"2":[2,3],"3":[1,1],"4":[2,1],"5":[1,0],"6":[2,1],"7":[1,1],"8":[2,1],"9":[2,1],"10":[1,1],"11":[2,1],"12":[2,1],"13":[1,1],"14":[2,1],"15":[4,39],"16":[8,41],"17":[4,20],"18":[4,275],"19":[4,41],"20":[4,45],"21":[4,7],"22":[4,7],"23":[4,7]},"_coverageSchema":"1a1c01bbd47fc00a2c39e90264f33305004495a9","hash":"88d1d5732ea7a8d9215edb228a6740db1c1a6997"}
,"C:\\shoppingcart-app\\src\\Components\\imageCarousel.js": {"path":"C:\\shoppingcart-app\\src\\Components\\imageCarousel.js","statementMap":{"0":{"start":{"line":11,"column":34},"end":{"line":31,"column":2}},"1":{"start":{"line":33,"column":22},"end":{"line":68,"column":1}},"2":{"start":{"line":34,"column":18},"end":{"line":34,"column":38}},"3":{"start":{"line":35,"column":19},"end":{"line":35,"column":32}},"4":{"start":{"line":36,"column":31},"end":{"line":36,"column":52}},"5":{"start":{"line":37,"column":17},"end":{"line":37,"column":29}},"6":{"start":{"line":39,"column":30},"end":{"line":41,"column":3}},"7":{"start":{"line":40,"column":4},"end":{"line":40,"column":31}},"8":{"start":{"line":43,"column":22},"end":{"line":45,"column":3}},"9":{"start":{"line":44,"column":4},"end":{"line":44,"column":25}},"10":{"start":{"line":46,"column":2},"end":{"line":67,"column":4}},"11":{"start":{"line":50,"column":39},"end":{"line":50,"column":43}},"12":{"start":{"line":51,"column":10},"end":{"line":63,"column":12}},"13":{"start":{"line":59,"column":34},"end":{"line":59,"column":57}}},"fnMap":{"0":{"name":"(anonymous_0)","decl":{"start":{"line":33,"column":22},"end":{"line":33,"column":23}},"loc":{"start":{"line":33,"column":40},"end":{"line":68,"column":1}},"line":33},"1":{"name":"(anonymous_1)","decl":{"start":{"line":39,"column":30},"end":{"line":39,"column":31}},"loc":{"start":{"line":39,"column":38},"end":{"line":41,"column":3}},"line":39},"2":{"name":"(anonymous_2)","decl":{"start":{"line":43,"column":22},"end":{"line":43,"column":23}},"loc":{"start":{"line":43,"column":28},"end":{"line":45,"column":3}},"line":43},"3":{"name":"(anonymous_3)","decl":{"start":{"line":49,"column":23},"end":{"line":49,"column":24}},"loc":{"start":{"line":49,"column":33},"end":{"line":64,"column":9}},"line":49},"4":{"name":"(anonymous_4)","decl":{"start":{"line":59,"column":27},"end":{"line":59,"column":28}},"loc":{"start":{"line":59,"column":34},"end":{"line":59,"column":57}},"line":59}},"branchMap":{},"s":{"0":3,"1":3,"2":5,"3":5,"4":5,"5":5,"6":5,"7":4,"8":5,"9":5,"10":5,"11":9,"12":9,"13":4},"f":{"0":5,"1":4,"2":5,"3":9,"4":4},"b":{},"_coverageSchema":"1a1c01bbd47fc00a2c39e90264f33305004495a9","hash":"8ef7fd182488b5defc748f9798b0395ee0ac4656"}
,"C:\\shoppingcart-app\\src\\Components\\Util\\CommonCarouselComponets.js": {"path":"C:\\shoppingcart-app\\src\\Components\\Util\\CommonCarouselComponets.js","statementMap":{"0":{"start":{"line":16,"column":24},"end":{"line":91,"column":1}},"1":{"start":{"line":93,"column":33},"end":{"line":160,"column":1}},"2":{"start":{"line":162,"column":26},"end":{"line":224,"column":2}},"3":{"start":{"line":226,"column":38},"end":{"line":260,"column":1}},"4":{"start":{"line":227,"column":19},"end":{"line":227,"column":32}},"5":{"start":{"line":228,"column":18},"end":{"line":228,"column":37}},"6":{"start":{"line":230,"column":31},"end":{"line":232,"column":3}},"7":{"start":{"line":231,"column":4},"end":{"line":231,"column":31}},"8":{"start":{"line":234,"column":2},"end":{"line":259,"column":4}},"9":{"start":{"line":237,"column":44},"end":{"line":237,"column":48}},"10":{"start":{"line":238,"column":8},"end":{"line":256,"column":10}},"11":{"start":{"line":242,"column":30},"end":{"line":242,"column":54}},"12":{"start":{"line":262,"column":46},"end":{"line":436,"column":1}},"13":{"start":{"line":263,"column":19},"end":{"line":263,"column":32}},"14":{"start":{"line":264,"column":18},"end":{"line":264,"column":37}},"15":{"start":{"line":265,"column":31},"end":{"line":265,"column":46}},"16":{"start":{"line":267,"column":31},"end":{"line":269,"column":3}},"17":{"start":{"line":268,"column":4},"end":{"line":268,"column":31}},"18":{"start":{"line":271,"column":18},"end":{"line":338,"column":3}},"19":{"start":{"line":339,"column":2},"end":{"line":435,"column":4}},"20":{"start":{"line":344,"column":48},"end":{"line":344,"column":52}},"21":{"start":{"line":345,"column":12},"end":{"line":360,"column":14}},"22":{"start":{"line":347,"column":37},"end":{"line":347,"column":61}},"23":{"start":{"line":366,"column":48},"end":{"line":366,"column":52}},"24":{"start":{"line":367,"column":12},"end":{"line":382,"column":14}},"25":{"start":{"line":369,"column":37},"end":{"line":369,"column":61}},"26":{"start":{"line":389,"column":48},"end":{"line":389,"column":52}},"27":{"start":{"line":390,"column":12},"end":{"line":405,"column":14}},"28":{"start":{"line":392,"column":37},"end":{"line":392,"column":61}},"29":{"start":{"line":411,"column":48},"end":{"line":411,"column":52}},"30":{"start":{"line":412,"column":12},"end":{"line":430,"column":14}},"31":{"start":{"line":414,"column":37},"end":{"line":414,"column":61}}},"fnMap":{"0":{"name":"(anonymous_0)","decl":{"start":{"line":226,"column":38},"end":{"line":226,"column":39}},"loc":{"start":{"line":226,"column":56},"end":{"line":260,"column":1}},"line":226},"1":{"name":"(anonymous_1)","decl":{"start":{"line":230,"column":31},"end":{"line":230,"column":32}},"loc":{"start":{"line":230,"column":39},"end":{"line":232,"column":3}},"line":230},"2":{"name":"(anonymous_2)","decl":{"start":{"line":236,"column":20},"end":{"line":236,"column":21}},"loc":{"start":{"line":236,"column":30},"end":{"line":257,"column":7}},"line":236},"3":{"name":"(anonymous_3)","decl":{"start":{"line":242,"column":23},"end":{"line":242,"column":24}},"loc":{"start":{"line":242,"column":30},"end":{"line":242,"column":54}},"line":242},"4":{"name":"(anonymous_4)","decl":{"start":{"line":262,"column":46},"end":{"line":262,"column":47}},"loc":{"start":{"line":262,"column":64},"end":{"line":436,"column":1}},"line":262},"5":{"name":"(anonymous_5)","decl":{"start":{"line":267,"column":31},"end":{"line":267,"column":32}},"loc":{"start":{"line":267,"column":39},"end":{"line":269,"column":3}},"line":267},"6":{"name":"(anonymous_6)","decl":{"start":{"line":343,"column":24},"end":{"line":343,"column":25}},"loc":{"start":{"line":343,"column":34},"end":{"line":361,"column":11}},"line":343},"7":{"name":"(anonymous_7)","decl":{"start":{"line":347,"column":30},"end":{"line":347,"column":31}},"loc":{"start":{"line":347,"column":37},"end":{"line":347,"column":61}},"line":347},"8":{"name":"(anonymous_8)","decl":{"start":{"line":365,"column":24},"end":{"line":365,"column":25}},"loc":{"start":{"line":365,"column":34},"end":{"line":383,"column":11}},"line":365},"9":{"name":"(anonymous_9)","decl":{"start":{"line":369,"column":30},"end":{"line":369,"column":31}},"loc":{"start":{"line":369,"column":37},"end":{"line":369,"column":61}},"line":369},"10":{"name":"(anonymous_10)","decl":{"start":{"line":388,"column":24},"end":{"line":388,"column":25}},"loc":{"start":{"line":388,"column":34},"end":{"line":406,"column":11}},"line":388},"11":{"name":"(anonymous_11)","decl":{"start":{"line":392,"column":30},"end":{"line":392,"column":31}},"loc":{"start":{"line":392,"column":37},"end":{"line":392,"column":61}},"line":392},"12":{"name":"(anonymous_12)","decl":{"start":{"line":410,"column":24},"end":{"line":410,"column":25}},"loc":{"start":{"line":410,"column":34},"end":{"line":431,"column":11}},"line":410},"13":{"name":"(anonymous_13)","decl":{"start":{"line":414,"column":30},"end":{"line":414,"column":31}},"loc":{"start":{"line":414,"column":37},"end":{"line":414,"column":61}},"line":414}},"branchMap":{"0":{"loc":{"start":{"line":341,"column":7},"end":{"line":433,"column":7}},"type":"cond-expr","locations":[{"start":{"line":342,"column":8},"end":{"line":362,"column":14}},{"start":{"line":363,"column":10},"end":{"line":433,"column":7}}],"line":341},"1":{"loc":{"start":{"line":341,"column":7},"end":{"line":341,"column":60}},"type":"binary-expr","locations":[{"start":{"line":341,"column":7},"end":{"line":341,"column":32}},{"start":{"line":341,"column":36},"end":{"line":341,"column":60}}],"line":341},"2":{"loc":{"start":{"line":363,"column":10},"end":{"line":433,"column":7}},"type":"cond-expr","locations":[{"start":{"line":364,"column":8},"end":{"line":384,"column":14}},{"start":{"line":385,"column":10},"end":{"line":433,"column":7}}],"line":363},"3":{"loc":{"start":{"line":363,"column":10},"end":{"line":363,"column":64}},"type":"binary-expr","locations":[{"start":{"line":363,"column":10},"end":{"line":363,"column":36}},{"start":{"line":363,"column":40},"end":{"line":363,"column":64}}],"line":363},"4":{"loc":{"start":{"line":385,"column":10},"end":{"line":433,"column":7}},"type":"cond-expr","locations":[{"start":{"line":387,"column":8},"end":{"line":407,"column":14}},{"start":{"line":409,"column":8},"end":{"line":432,"column":17}}],"line":385},"5":{"loc":{"start":{"line":385,"column":10},"end":{"line":386,"column":32}},"type":"binary-expr","locations":[{"start":{"line":385,"column":11},"end":{"line":385,"column":37}},{"start":{"line":385,"column":41},"end":{"line":385,"column":67}},{"start":{"line":386,"column":8},"end":{"line":386,"column":32}}],"line":385}},"s":{"0":3,"1":3,"2":3,"3":3,"4":23,"5":23,"6":23,"7":1,"8":23,"9":131,"10":131,"11":1,"12":3,"13":8,"14":8,"15":8,"16":8,"17":6,"18":8,"19":8,"20":3,"21":3,"22":1,"23":6,"24":6,"25":2,"26":9,"27":9,"28":2,"29":4,"30":4,"31":1},"f":{"0":23,"1":1,"2":131,"3":1,"4":8,"5":6,"6":3,"7":1,"8":6,"9":2,"10":9,"11":2,"12":4,"13":1},"b":{"0":[2,6],"1":[8,4],"2":[2,4],"3":[6,2],"4":[2,2],"5":[4,3,2]},"_coverageSchema":"1a1c01bbd47fc00a2c39e90264f33305004495a9","hash":"329ad79f7be34862e3d86fceb0ed1cf8065c51a0"}
,"C:\\shoppingcart-app\\src\\Components\\Util\\CommonProductTemplate.js": {"path":"C:\\shoppingcart-app\\src\\Components\\Util\\CommonProductTemplate.js","statementMap":{"0":{"start":{"line":11,"column":25},"end":{"line":40,"column":2}},"1":{"start":{"line":42,"column":30},"end":{"line":100,"column":1}},"2":{"start":{"line":43,"column":18},"end":{"line":43,"column":29}},"3":{"start":{"line":44,"column":19},"end":{"line":44,"column":32}},"4":{"start":{"line":45,"column":23},"end":{"line":45,"column":31}},"5":{"start":{"line":46,"column":20},"end":{"line":46,"column":39}},"6":{"start":{"line":48,"column":2},"end":{"line":99,"column":4}},"7":{"start":{"line":51,"column":62},"end":{"line":51,"column":70}},"8":{"start":{"line":52,"column":8},"end":{"line":96,"column":10}}},"fnMap":{"0":{"name":"(anonymous_0)","decl":{"start":{"line":42,"column":30},"end":{"line":42,"column":31}},"loc":{"start":{"line":42,"column":47},"end":{"line":100,"column":1}},"line":42},"1":{"name":"(anonymous_1)","decl":{"start":{"line":50,"column":19},"end":{"line":50,"column":20}},"loc":{"start":{"line":50,"column":33},"end":{"line":97,"column":7}},"line":50}},"branchMap":{"0":{"loc":{"start":{"line":64,"column":15},"end":{"line":68,"column":15}},"type":"cond-expr","locations":[{"start":{"line":65,"column":16},"end":{"line":65,"column":21}},{"start":{"line":67,"column":16},"end":{"line":67,"column":55}}],"line":64},"1":{"loc":{"start":{"line":64,"column":34},"end":{"line":64,"column":54}},"type":"binary-expr","locations":[{"start":{"line":64,"column":34},"end":{"line":64,"column":44}},{"start":{"line":64,"column":48},"end":{"line":64,"column":54}}],"line":64},"2":{"loc":{"start":{"line":77,"column":15},"end":{"line":81,"column":15}},"type":"cond-expr","locations":[{"start":{"line":78,"column":16},"end":{"line":78,"column":21}},{"start":{"line":80,"column":16},"end":{"line":80,"column":47}}],"line":77},"3":{"loc":{"start":{"line":82,"column":15},"end":{"line":93,"column":15}},"type":"cond-expr","locations":[{"start":{"line":83,"column":16},"end":{"line":83,"column":21}},{"start":{"line":85,"column":16},"end":{"line":92,"column":30}}],"line":82}},"s":{"0":6,"1":6,"2":7,"3":7,"4":7,"5":7,"6":7,"7":13,"8":13},"f":{"0":7,"1":13},"b":{"0":[0,13],"1":[13,0],"2":[0,13],"3":[0,13]},"_coverageSchema":"1a1c01bbd47fc00a2c39e90264f33305004495a9","hash":"3a4daad5cda54307d08dbbeaad080e825363bf72"}
,"C:\\shoppingcart-app\\src\\Components\\Util\\MuiStyles.js": {"path":"C:\\shoppingcart-app\\src\\Components\\Util\\MuiStyles.js","statementMap":{"0":{"start":{"line":3,"column":30},"end":{"line":17,"column":2}},"1":{"start":{"line":19,"column":29},"end":{"line":29,"column":2}},"2":{"start":{"line":31,"column":35},"end":{"line":100,"column":2}}},"fnMap":{},"branchMap":{},"s":{"0":4,"1":4,"2":4},"f":{},"b":{},"_coverageSchema":"1a1c01bbd47fc00a2c39e90264f33305004495a9","hash":"39c23bf103d6d6ce0816c4bea148a3bc74c04aba"}
,"C:\\shoppingcart-app\\src\\Components\\Util\\ProductData.js": {"path":"C:\\shoppingcart-app\\src\\Components\\Util\\ProductData.js","statementMap":{"0":{"start":{"line":1,"column":27},"end":{"line":78,"column":1}}},"fnMap":{},"branchMap":{},"s":{"0":3},"f":{},"b":{},"_coverageSchema":"1a1c01bbd47fc00a2c39e90264f33305004495a9","hash":"1aa989a924dc7fd8348aa0da36f651606aa1bd50"}
,"C:\\shoppingcart-app\\src\\Components\\Util\\SidebarData.js": {"path":"C:\\shoppingcart-app\\src\\Components\\Util\\SidebarData.js","statementMap":{"0":{"start":{"line":8,"column":27},"end":{"line":39,"column":1}}},"fnMap":{},"branchMap":{},"s":{"0":1},"f":{},"b":{},"_coverageSchema":"1a1c01bbd47fc00a2c39e90264f33305004495a9","hash":"bdb02e6c2dee05415f6f177d6b01ba9f69badb9e"}
,"C:\\shoppingcart-app\\src\\Components\\Util\\UserTestAPI.js": {"path":"C:\\shoppingcart-app\\src\\Components\\Util\\UserTestAPI.js","statementMap":{"0":{"start":{"line":4,"column":23},"end":{"line":6,"column":1}},"1":{"start":{"line":5,"column":2},"end":{"line":5,"column":63}},"2":{"start":{"line":8,"column":25},"end":{"line":10,"column":1}},"3":{"start":{"line":9,"column":2},"end":{"line":9,"column":66}}},"fnMap":{"0":{"name":"(anonymous_0)","decl":{"start":{"line":4,"column":23},"end":{"line":4,"column":24}},"loc":{"start":{"line":4,"column":34},"end":{"line":6,"column":1}},"line":4},"1":{"name":"(anonymous_1)","decl":{"start":{"line":8,"column":25},"end":{"line":8,"column":26}},"loc":{"start":{"line":8,"column":35},"end":{"line":10,"column":1}},"line":8}},"branchMap":{},"s":{"0":2,"1":1,"2":2,"3":1},"f":{"0":1,"1":1},"b":{},"_coverageSchema":"1a1c01bbd47fc00a2c39e90264f33305004495a9","hash":"238613eda37bb140b0f090ca90f370ad9c0fcada"}
,"C:\\shoppingcart-app\\src\\Components\\Util\\imageCarouselSettings.js": {"path":"C:\\shoppingcart-app\\src\\Components\\Util\\imageCarouselSettings.js","statementMap":{"0":{"start":{"line":4,"column":27},"end":{"line":14,"column":3}},"1":{"start":{"line":5,"column":35},"end":{"line":5,"column":40}},"2":{"start":{"line":7,"column":4},"end":{"line":13,"column":6}},"3":{"start":{"line":16,"column":25},"end":{"line":26,"column":3}},"4":{"start":{"line":17,"column":35},"end":{"line":17,"column":40}},"5":{"start":{"line":19,"column":4},"end":{"line":25,"column":6}},"6":{"start":{"line":28,"column":38},"end":{"line":89,"column":3}}},"fnMap":{"0":{"name":"(anonymous_0)","decl":{"start":{"line":4,"column":27},"end":{"line":4,"column":28}},"loc":{"start":{"line":4,"column":38},"end":{"line":14,"column":3}},"line":4},"1":{"name":"(anonymous_1)","decl":{"start":{"line":16,"column":25},"end":{"line":16,"column":26}},"loc":{"start":{"line":16,"column":36},"end":{"line":26,"column":3}},"line":16}},"branchMap":{},"s":{"0":3,"1":1,"2":1,"3":3,"4":1,"5":1,"6":3},"f":{"0":1,"1":1},"b":{},"_coverageSchema":"1a1c01bbd47fc00a2c39e90264f33305004495a9","hash":"366533657fc86991ff3e34e809cc70367f018ef3"}
,"C:\\shoppingcart-app\\src\\Components\\Util\\useCheckoutStyles.js": {"path":"C:\\shoppingcart-app\\src\\Components\\Util\\useCheckoutStyles.js","statementMap":{"0":{"start":{"line":3,"column":25},"end":{"line":102,"column":2}}},"fnMap":{},"branchMap":{},"s":{"0":4},"f":{},"b":{},"_coverageSchema":"1a1c01bbd47fc00a2c39e90264f33305004495a9","hash":"ead91b801604390fc98dd9487a7a0b22e2d884df"}
}
