TN:
SF:src\App.js
FN:17,(anonymous_0)
FN:18,(anonymous_1)
FN:19,(anonymous_2)
FN:20,(anonymous_3)
FN:21,(anonymous_4)
FN:22,(anonymous_5)
FN:23,(anonymous_6)
FN:24,(anonymous_7)
FN:25,(anonymous_8)
FN:26,(anonymous_9)
FN:30,App
FNF:11
FNH:0
FNDA:0,(anonymous_0)
FNDA:0,(anonymous_1)
FNDA:0,(anonymous_2)
FNDA:0,(anonymous_3)
FNDA:0,(anonymous_4)
FNDA:0,(anonymous_5)
FNDA:0,(anonymous_6)
FNDA:0,(anonymous_7)
FNDA:0,(anonymous_8)
FNDA:0,(anonymous_9)
FNDA:0,App
DA:17,0
DA:18,0
DA:19,0
DA:20,0
DA:21,0
DA:22,0
DA:23,0
DA:24,0
DA:25,0
DA:26,0
DA:28,0
DA:31,0
DA:32,0
LF:13
LH:0
BRF:0
BRH:0
end_of_record
TN:
SF:src\index.js
FNF:0
FNH:0
DA:7,0
DA:8,0
DA:14,0
LF:3
LH:0
BRF:0
BRH:0
end_of_record
TN:
SF:src\reportWebVitals.js
FN:1,(anonymous_0)
FN:3,(anonymous_1)
FNF:2
FNH:0
FNDA:0,(anonymous_0)
FNDA:0,(anonymous_1)
DA:1,0
DA:2,0
DA:3,0
DA:4,0
DA:5,0
DA:6,0
DA:7,0
DA:8,0
LF:8
LH:0
BRDA:2,0,0,0
BRDA:2,0,1,0
BRDA:2,1,0,0
BRDA:2,1,1,0
BRF:4
BRH:0
end_of_record
TN:
SF:src\Components\AddToCart.js
FN:6,(anonymous_0)
FN:20,(anonymous_1)
FN:21,(anonymous_2)
FN:33,(anonymous_3)
FNF:4
FNH:4
FNDA:37,(anonymous_0)
FNDA:2,(anonymous_1)
FNDA:1,(anonymous_2)
FNDA:2,(anonymous_3)
DA:6,7
DA:7,37
DA:8,37
DA:10,37
DA:20,37
DA:21,2
DA:22,1
DA:24,1
DA:25,1
DA:31,37
DA:33,2
LF:11
LH:11
BRDA:21,0,0,1
BRDA:21,0,1,1
BRF:2
BRH:2
end_of_record
TN:
SF:src\Components\AddToWishList.js
FN:7,(anonymous_0)
FN:13,(anonymous_1)
FN:15,(anonymous_2)
FN:31,(anonymous_3)
FN:32,(anonymous_4)
FN:33,(anonymous_5)
FNF:6
FNH:6
FNDA:48,(anonymous_0)
FNDA:3,(anonymous_1)
FNDA:1,(anonymous_2)
FNDA:10,(anonymous_3)
FNDA:1,(anonymous_4)
FNDA:2,(anonymous_5)
DA:7,7
DA:8,48
DA:9,44
DA:10,44
DA:11,44
DA:13,44
DA:14,3
DA:15,2
DA:16,1
DA:17,1
DA:19,1
DA:20,1
DA:23,1
DA:24,1
DA:28,44
DA:31,10
DA:32,1
DA:33,2
LF:18
LH:18
BRDA:14,0,0,2
BRDA:14,0,1,1
BRDA:15,1,0,1
BRDA:15,1,1,1
BRDA:31,2,0,7
BRDA:31,2,1,37
BRF:6
BRH:6
end_of_record
TN:
SF:src\Components\BreadCrumb.js
FN:19,(anonymous_0)
FN:23,(anonymous_1)
FN:25,(anonymous_2)
FN:32,(anonymous_3)
FN:46,(anonymous_4)
FNF:5
FNH:5
FNDA:5,(anonymous_0)
FNDA:5,(anonymous_1)
FNDA:14,(anonymous_2)
FNDA:7,(anonymous_3)
FNDA:7,(anonymous_4)
DA:6,1
DA:19,1
DA:20,5
DA:21,5
DA:23,5
DA:24,5
DA:25,14
DA:26,5
DA:28,5
DA:29,1
DA:32,7
DA:34,5
DA:47,7
DA:48,7
DA:49,7
DA:68,5
LF:16
LH:16
BRDA:28,0,0,1
BRDA:28,0,1,4
BRDA:37,1,0,4
BRDA:37,1,1,1
BRDA:49,2,0,4
BRDA:49,2,1,3
BRF:6
BRH:6
end_of_record
TN:
SF:src\Components\Buynow.js
FN:127,(anonymous_0)
FN:145,(anonymous_1)
FN:147,(anonymous_2)
FN:181,(anonymous_3)
FN:185,(anonymous_4)
FN:190,(anonymous_5)
FN:197,(anonymous_6)
FN:201,(anonymous_7)
FN:211,(anonymous_8)
FN:295,(anonymous_9)
FN:319,(anonymous_10)
FN:323,(anonymous_11)
FN:326,(anonymous_12)
FNF:13
FNH:13
FNDA:93,(anonymous_0)
FNDA:45,(anonymous_1)
FNDA:45,(anonymous_2)
FNDA:45,(anonymous_3)
FNDA:1,(anonymous_4)
FNDA:4,(anonymous_5)
FNDA:9,(anonymous_6)
FNDA:1,(anonymous_7)
FNDA:15,(anonymous_8)
FNDA:84,(anonymous_9)
FNDA:3,(anonymous_10)
FNDA:1,(anonymous_11)
FNDA:1,(anonymous_12)
DA:29,2
DA:127,2
DA:128,93
DA:129,88
DA:141,87
DA:142,87
DA:143,87
DA:145,87
DA:146,45
DA:147,45
DA:148,45
DA:152,45
DA:159,45
DA:160,6
DA:161,0
DA:167,6
DA:168,0
DA:174,6
DA:181,87
DA:182,45
DA:185,87
DA:186,1
DA:187,1
DA:190,87
DA:191,4
DA:192,2
DA:193,2
DA:197,87
DA:198,9
DA:201,87
DA:202,1
DA:211,87
DA:212,15
DA:214,8
DA:215,7
DA:216,7
DA:224,1
DA:231,8
DA:233,3
DA:234,2
DA:235,2
DA:244,1
DA:251,3
DA:253,3
DA:254,2
DA:255,2
DA:263,1
DA:270,3
DA:272,1
DA:279,87
DA:280,3
DA:281,84
DA:282,3
DA:284,81
DA:304,84
DA:305,84
DA:319,3
DA:323,1
DA:327,1
LF:59
LH:57
BRDA:159,0,0,6
BRDA:159,0,1,39
BRDA:159,1,0,45
BRDA:159,1,1,6
BRDA:160,2,0,0
BRDA:160,2,1,6
BRDA:160,3,0,6
BRDA:160,3,1,0
BRDA:167,4,0,0
BRDA:167,4,1,6
BRDA:174,5,0,6
BRDA:174,5,1,0
BRDA:191,6,0,2
BRDA:191,6,1,2
BRDA:212,7,0,8
BRDA:212,7,1,3
BRDA:212,7,2,3
BRDA:212,7,3,1
BRDA:214,8,0,7
BRDA:214,8,1,1
BRDA:233,9,0,2
BRDA:233,9,1,1
BRDA:253,10,0,2
BRDA:253,10,1,1
BRDA:279,11,0,3
BRDA:279,11,1,84
BRDA:281,12,0,3
BRDA:281,12,1,81
BRDA:341,13,0,12
BRDA:341,13,1,69
BRDA:363,14,0,1
BRDA:363,14,1,68
BRF:32
BRH:28
end_of_record
TN:
SF:src\Components\BuynowButton.js
FN:8,(anonymous_0)
FN:12,(anonymous_1)
FN:34,(anonymous_2)
FNF:3
FNH:3
FNDA:60,(anonymous_0)
FNDA:2,(anonymous_1)
FNDA:2,(anonymous_2)
DA:8,6
DA:9,60
DA:10,60
DA:12,60
DA:13,2
DA:14,1
DA:15,1
DA:17,1
DA:21,60
DA:33,60
DA:34,2
LF:11
LH:11
BRDA:13,0,0,1
BRDA:13,0,1,1
BRF:2
BRH:2
end_of_record
TN:
SF:src\Components\BuynowSubItems.js
FN:44,(anonymous_0)
FN:56,(anonymous_1)
FN:78,(anonymous_2)
FN:82,(anonymous_3)
FN:95,(anonymous_4)
FNF:5
FNH:5
FNDA:81,(anonymous_0)
FNDA:84,(anonymous_1)
FNDA:81,(anonymous_2)
FNDA:1,(anonymous_3)
FNDA:81,(anonymous_4)
DA:7,2
DA:44,2
DA:45,81
DA:46,81
DA:56,2
DA:57,84
DA:58,84
DA:60,84
DA:78,2
DA:79,81
DA:80,81
DA:82,81
DA:83,1
DA:86,81
DA:95,2
DA:96,81
DA:98,81
LF:17
LH:17
BRDA:49,0,0,3
BRDA:49,0,1,78
BRF:2
BRH:2
end_of_record
TN:
SF:src\Components\Cart.js
FN:34,(anonymous_0)
FN:44,(anonymous_1)
FN:49,(anonymous_2)
FN:74,(anonymous_3)
FN:102,(anonymous_4)
FN:107,(anonymous_5)
FNF:6
FNH:6
FNDA:13,(anonymous_0)
FNDA:1,(anonymous_1)
FNDA:2,(anonymous_2)
FNDA:8,(anonymous_3)
FNDA:2,(anonymous_4)
FNDA:1,(anonymous_5)
DA:17,2
DA:34,2
DA:35,13
DA:36,9
DA:37,9
DA:38,9
DA:39,9
DA:40,9
DA:41,9
DA:42,9
DA:44,9
DA:45,1
DA:46,1
DA:49,9
DA:50,2
DA:51,1
DA:52,1
DA:56,9
DA:57,1
DA:65,8
DA:75,8
DA:76,8
DA:102,2
DA:107,1
LF:24
LH:24
BRDA:50,0,0,1
BRDA:50,0,1,1
BRDA:50,1,0,2
BRDA:50,1,1,2
BRDA:56,2,0,1
BRDA:56,2,1,8
BRDA:67,3,0,1
BRDA:67,3,1,7
BRDA:67,4,0,8
BRDA:67,4,1,1
BRDA:120,5,0,1
BRDA:120,5,1,7
BRF:12
BRH:12
end_of_record
TN:
SF:src\Components\CartNavbar.js
FN:28,(anonymous_0)
FNF:1
FNH:1
FNDA:8,(anonymous_0)
DA:8,2
DA:28,2
DA:29,8
DA:30,8
LF:4
LH:4
BRDA:38,0,0,1
BRDA:38,0,1,7
BRF:2
BRH:2
end_of_record
TN:
SF:src\Components\Categories.js
FN:10,(anonymous_0)
FN:17,(anonymous_1)
FNF:2
FNH:2
FNDA:7,(anonymous_0)
FNDA:4,(anonymous_1)
DA:10,2
DA:11,7
DA:12,6
DA:13,2
DA:14,2
DA:15,2
DA:17,2
DA:18,4
DA:21,2
LF:9
LH:9
BRDA:23,0,0,0
BRDA:23,0,1,2
BRF:2
BRH:1
end_of_record
TN:
SF:src\Components\Checkout.js
FN:22,(anonymous_0)
FN:54,(anonymous_1)
FN:57,(anonymous_2)
FN:60,(anonymous_3)
FN:63,(anonymous_4)
FN:173,(anonymous_5)
FN:204,(anonymous_6)
FN:268,(anonymous_7)
FN:341,(anonymous_8)
FN:361,(anonymous_9)
FN:382,(anonymous_10)
FN:402,(anonymous_11)
FN:426,(anonymous_12)
FN:458,(anonymous_13)
FN:460,(anonymous_14)
FN:499,(anonymous_15)
FN:501,(anonymous_16)
FN:533,(anonymous_17)
FN:535,(anonymous_18)
FNF:19
FNH:16
FNDA:150,(anonymous_0)
FNDA:64,(anonymous_1)
FNDA:576,(anonymous_2)
FNDA:93,(anonymous_3)
FNDA:31,(anonymous_4)
FNDA:12,(anonymous_5)
FNDA:9,(anonymous_6)
FNDA:1,(anonymous_7)
FNDA:2,(anonymous_8)
FNDA:10,(anonymous_9)
FNDA:8,(anonymous_10)
FNDA:6,(anonymous_11)
FNDA:5,(anonymous_12)
FNDA:0,(anonymous_13)
FNDA:204,(anonymous_14)
FNDA:0,(anonymous_15)
FNDA:220,(anonymous_16)
FNDA:0,(anonymous_17)
FNDA:160,(anonymous_18)
DA:22,3
DA:23,150
DA:24,150
DA:25,150
DA:26,150
DA:27,150
DA:28,148
DA:29,144
DA:33,144
DA:53,144
DA:54,64
DA:56,144
DA:57,576
DA:59,144
DA:60,93
DA:63,144
DA:64,31
DA:65,31
DA:66,2
DA:72,31
DA:73,8
DA:74,6
DA:80,2
DA:81,1
DA:87,1
DA:94,31
DA:95,10
DA:96,8
DA:102,2
DA:103,1
DA:109,1
DA:116,31
DA:117,5
DA:123,31
DA:124,0
DA:126,31
DA:127,0
DA:128,0
DA:134,0
DA:142,31
DA:143,0
DA:144,0
DA:150,0
DA:153,31
DA:154,0
DA:155,0
DA:161,0
DA:164,31
DA:165,6
DA:173,144
DA:174,12
DA:175,12
DA:180,12
DA:181,11
DA:183,11
DA:184,11
DA:197,12
DA:204,144
DA:205,9
DA:216,9
DA:217,9
DA:218,1
DA:222,8
DA:223,1
DA:227,7
DA:228,1
DA:232,6
DA:233,1
DA:237,5
DA:238,1
DA:242,4
DA:243,1
DA:247,3
DA:248,1
DA:252,2
DA:253,1
DA:258,1
DA:259,1
DA:267,1
DA:268,1
DA:269,1
DA:270,1
DA:271,1
DA:272,1
DA:273,1
DA:276,1
DA:280,144
DA:341,2
DA:361,10
DA:382,8
DA:402,6
DA:426,5
DA:458,0
DA:461,204
DA:499,0
DA:502,220
DA:533,0
DA:536,160
LF:98
LH:85
BRDA:25,0,0,150
BRDA:25,0,1,84
BRDA:65,1,0,2
BRDA:65,1,1,29
BRDA:72,2,0,8
BRDA:72,2,1,23
BRDA:73,3,0,6
BRDA:73,3,1,2
BRDA:80,4,0,1
BRDA:80,4,1,1
BRDA:94,5,0,10
BRDA:94,5,1,21
BRDA:95,6,0,8
BRDA:95,6,1,2
BRDA:102,7,0,1
BRDA:102,7,1,1
BRDA:116,8,0,5
BRDA:116,8,1,26
BRDA:123,9,0,0
BRDA:123,9,1,31
BRDA:126,10,0,0
BRDA:126,10,1,31
BRDA:127,11,0,0
BRDA:127,11,1,0
BRDA:142,12,0,0
BRDA:142,12,1,31
BRDA:143,13,0,0
BRDA:143,13,1,0
BRDA:153,14,0,0
BRDA:153,14,1,31
BRDA:154,15,0,0
BRDA:154,15,1,0
BRDA:164,16,0,6
BRDA:164,16,1,25
BRDA:180,17,0,11
BRDA:180,17,1,1
BRDA:217,18,0,1
BRDA:217,18,1,8
BRDA:222,19,0,1
BRDA:222,19,1,7
BRDA:227,20,0,1
BRDA:227,20,1,6
BRDA:232,21,0,1
BRDA:232,21,1,5
BRDA:237,22,0,1
BRDA:237,22,1,4
BRDA:242,23,0,1
BRDA:242,23,1,3
BRDA:247,24,0,1
BRDA:247,24,1,2
BRDA:252,25,0,1
BRDA:252,25,1,1
BRDA:269,26,0,1
BRDA:269,26,1,0
BRDA:285,27,0,92
BRDA:285,27,1,52
BRDA:286,28,0,11
BRDA:286,28,1,81
BRDA:305,29,0,1
BRDA:305,29,1,51
BRF:60
BRH:49
end_of_record
TN:
SF:src\Components\Description.js
FN:22,(anonymous_0)
FN:32,(anonymous_1)
FN:56,(anonymous_2)
FNF:3
FNH:2
FNDA:27,(anonymous_0)
FNDA:1,(anonymous_1)
FNDA:0,(anonymous_2)
DA:10,7
DA:22,7
DA:23,27
DA:24,27
DA:25,27
DA:26,27
DA:27,27
DA:28,27
DA:29,27
DA:30,27
DA:32,27
DA:33,1
DA:34,1
DA:35,1
DA:38,27
DA:57,0
LF:16
LH:15
BRDA:67,0,0,6
BRDA:67,0,1,21
BRF:2
BRH:2
end_of_record
TN:
SF:src\Components\FinalOrder.js
FN:16,(anonymous_0)
FNF:1
FNH:1
FNDA:1,(anonymous_0)
DA:5,1
DA:16,1
DA:17,1
DA:19,1
LF:4
LH:4
BRF:0
BRH:0
end_of_record
TN:
SF:src\Components\Footer.js
FN:22,(anonymous_0)
FNF:1
FNH:1
FNDA:1,(anonymous_0)
DA:9,1
DA:22,1
DA:23,1
DA:25,1
LF:4
LH:4
BRF:0
BRH:0
end_of_record
TN:
SF:src\Components\Imageslider.js
FN:35,(anonymous_0)
FN:39,(anonymous_1)
FN:56,(anonymous_2)
FN:64,(anonymous_3)
FNF:4
FNH:4
FNDA:3,(anonymous_0)
FNDA:1,(anonymous_1)
FNDA:9,(anonymous_2)
FNDA:1,(anonymous_3)
DA:10,2
DA:35,2
DA:36,3
DA:37,3
DA:39,3
DA:40,1
DA:43,3
DA:57,9
DA:64,1
LF:9
LH:9
BRF:0
BRH:0
end_of_record
TN:
SF:src\Components\Login.js
FN:33,(anonymous_0)
FN:52,(anonymous_1)
FN:59,(anonymous_2)
FN:86,(anonymous_3)
FN:103,(anonymous_4)
FN:106,(anonymous_5)
FN:123,(anonymous_6)
FN:124,(anonymous_7)
FNF:8
FNH:8
FNDA:20,(anonymous_0)
FNDA:7,(anonymous_1)
FNDA:5,(anonymous_2)
FNDA:2,(anonymous_3)
FNDA:5,(anonymous_4)
FNDA:4,(anonymous_5)
FNDA:3,(anonymous_6)
FNDA:3,(anonymous_7)
DA:7,1
DA:33,1
DA:34,20
DA:44,20
DA:45,20
DA:46,20
DA:47,20
DA:48,20
DA:50,20
DA:52,20
DA:53,7
DA:54,1
DA:55,1
DA:59,20
DA:60,5
DA:61,5
DA:62,4
DA:69,1
DA:70,0
DA:77,1
DA:86,20
DA:87,2
DA:88,2
DA:89,0
DA:95,2
DA:103,20
DA:104,5
DA:105,5
DA:106,5
DA:107,4
DA:111,1
DA:117,5
DA:118,1
DA:119,1
DA:120,1
DA:121,1
DA:123,4
DA:124,4
DA:125,4
DA:127,1
DA:128,3
DA:132,1
DA:137,2
DA:138,1
DA:142,1
DA:144,1
DA:155,20
LF:47
LH:45
BRDA:53,0,0,1
BRDA:53,0,1,6
BRDA:61,1,0,4
BRDA:61,1,1,1
BRDA:69,2,0,0
BRDA:69,2,1,1
BRDA:88,3,0,0
BRDA:88,3,1,2
BRDA:105,4,0,5
BRDA:105,4,1,1
BRDA:107,5,0,1
BRDA:107,5,1,3
BRDA:108,6,0,4
BRDA:108,6,1,3
BRDA:112,7,0,1
BRDA:112,7,1,1
BRDA:117,8,0,1
BRDA:117,8,1,4
BRDA:125,9,0,1
BRDA:125,9,1,3
BRDA:128,10,0,1
BRDA:128,10,1,2
BRDA:129,11,0,3
BRDA:129,11,1,3
BRDA:137,12,0,1
BRDA:137,12,1,1
BRDA:142,13,0,1
BRDA:142,13,1,0
BRDA:142,14,0,1
BRDA:142,14,1,1
BRDA:157,15,0,2
BRDA:157,15,1,18
BRDA:173,16,0,1
BRDA:173,16,1,17
BRDA:176,17,0,1
BRDA:176,17,1,16
BRDA:180,18,0,1
BRDA:180,18,1,15
BRDA:196,19,0,1
BRDA:196,19,1,17
BRDA:201,20,0,18
BRDA:201,20,1,1
BRF:42
BRH:39
end_of_record
TN:
SF:src\Components\Logout.js
FN:50,(anonymous_0)
FN:56,(anonymous_1)
FNF:2
FNH:2
FNDA:8,(anonymous_0)
FNDA:1,(anonymous_1)
DA:9,2
DA:50,2
DA:51,8
DA:52,8
DA:53,8
DA:54,8
DA:56,8
DA:57,1
DA:58,1
DA:59,1
DA:60,1
DA:63,8
LF:12
LH:12
BRDA:63,0,0,1
BRDA:63,0,1,7
BRF:2
BRH:2
end_of_record
TN:
SF:src\Components\Navbar.js
FN:53,(anonymous_0)
FN:65,(anonymous_1)
FN:70,(anonymous_2)
FNF:3
FNH:3
FNDA:6,(anonymous_0)
FNDA:1,(anonymous_1)
FNDA:1,(anonymous_2)
DA:13,1
DA:53,1
DA:54,6
DA:55,6
DA:56,6
DA:57,6
DA:58,6
DA:59,6
DA:60,6
DA:61,6
DA:63,6
DA:65,6
DA:66,1
DA:67,1
DA:70,6
DA:71,1
DA:74,6
LF:17
LH:17
BRF:0
BRH:0
end_of_record
TN:
SF:src\Components\NavbarDropDown.js
FN:89,(anonymous_0)
FN:103,(anonymous_1)
FN:107,(anonymous_2)
FN:111,(anonymous_3)
FN:117,(anonymous_4)
FN:147,(anonymous_5)
FN:151,(anonymous_6)
FN:235,(anonymous_7)
FN:243,(anonymous_8)
FN:251,(anonymous_9)
FN:253,(anonymous_10)
FN:259,(anonymous_11)
FN:261,(anonymous_12)
FN:267,(anonymous_13)
FN:269,(anonymous_14)
FN:274,(anonymous_15)
FN:276,(anonymous_16)
FNF:17
FNH:9
FNDA:54,(anonymous_0)
FNDA:2,(anonymous_1)
FNDA:1,(anonymous_2)
FNDA:4,(anonymous_3)
FNDA:9,(anonymous_4)
FNDA:16,(anonymous_5)
FNDA:3,(anonymous_6)
FNDA:2,(anonymous_7)
FNDA:2,(anonymous_8)
FNDA:0,(anonymous_9)
FNDA:0,(anonymous_10)
FNDA:0,(anonymous_11)
FNDA:0,(anonymous_12)
FNDA:0,(anonymous_13)
FNDA:0,(anonymous_14)
FNDA:0,(anonymous_15)
FNDA:0,(anonymous_16)
DA:15,5
DA:89,5
DA:90,54
DA:91,51
DA:92,51
DA:93,47
DA:94,47
DA:95,43
DA:96,39
DA:97,39
DA:98,39
DA:99,39
DA:100,39
DA:101,39
DA:103,39
DA:104,2
DA:107,39
DA:108,1
DA:111,39
DA:112,4
DA:113,4
DA:114,4
DA:117,39
DA:118,9
DA:122,3
DA:123,3
DA:124,3
DA:125,6
DA:129,1
DA:130,1
DA:131,5
DA:135,1
DA:136,1
DA:137,4
DA:138,3
DA:139,3
DA:141,1
DA:142,1
DA:143,1
DA:147,39
DA:148,16
DA:151,39
DA:152,3
DA:153,3
DA:154,3
DA:157,39
DA:162,39
DA:236,2
DA:243,2
DA:252,0
DA:253,0
DA:260,0
DA:261,0
DA:268,0
DA:269,0
DA:275,0
DA:276,0
LF:57
LH:49
BRDA:118,0,0,3
BRDA:118,0,1,6
BRDA:119,1,0,9
BRDA:119,1,1,4
BRDA:125,2,0,1
BRDA:125,2,1,5
BRDA:126,3,0,6
BRDA:126,3,1,1
BRDA:131,4,0,1
BRDA:131,4,1,4
BRDA:132,5,0,5
BRDA:132,5,1,1
BRDA:137,6,0,3
BRDA:137,6,1,1
BRDA:167,7,0,4
BRDA:167,7,1,35
BRDA:169,8,0,4
BRDA:169,8,1,35
BRDA:236,9,0,2
BRDA:236,9,1,0
BRDA:250,10,0,8
BRDA:250,10,1,31
BRDA:258,11,0,3
BRDA:258,11,1,28
BRDA:266,12,0,3
BRDA:266,12,1,25
BRF:26
BRH:25
end_of_record
TN:
SF:src\Components\NotFoundPage.js
FN:13,(anonymous_0)
FNF:1
FNH:1
FNDA:1,(anonymous_0)
DA:5,1
DA:13,1
DA:14,1
DA:16,1
LF:4
LH:4
BRF:0
BRH:0
end_of_record
TN:
SF:src\Components\PriceFormat.js
FN:4,(anonymous_0)
FN:25,(anonymous_1)
FNF:2
FNH:2
FNDA:498,(anonymous_0)
FNDA:82,(anonymous_1)
DA:4,10
DA:5,498
DA:11,10
DA:25,10
DA:26,82
DA:28,82
LF:6
LH:6
BRF:0
BRH:0
end_of_record
TN:
SF:src\Components\Product.js
FN:14,(anonymous_0)
FN:32,(anonymous_1)
FN:43,(anonymous_2)
FN:45,(anonymous_3)
FN:56,(anonymous_4)
FN:61,(anonymous_5)
FN:63,(anonymous_6)
FN:68,(anonymous_7)
FNF:8
FNH:8
FNDA:1,(anonymous_0)
FNDA:22,(anonymous_1)
FNDA:21,(anonymous_2)
FNDA:18,(anonymous_3)
FNDA:18,(anonymous_4)
FNDA:9,(anonymous_5)
FNDA:9,(anonymous_6)
FNDA:12,(anonymous_7)
DA:14,1
DA:16,1
DA:32,1
DA:33,22
DA:34,21
DA:35,21
DA:36,21
DA:37,21
DA:38,21
DA:39,21
DA:40,21
DA:41,21
DA:43,21
DA:45,21
DA:47,18
DA:48,18
DA:49,1
DA:51,18
DA:55,21
DA:56,18
DA:59,21
DA:61,21
DA:62,9
DA:63,9
DA:65,9
DA:68,21
DA:69,12
DA:70,9
DA:76,21
DA:77,21
LF:30
LH:30
BRDA:36,0,0,21
BRDA:36,0,1,2
BRDA:43,1,0,21
BRDA:43,1,1,4
BRDA:47,2,0,18
BRDA:47,2,1,0
BRDA:48,3,0,1
BRDA:48,3,1,17
BRDA:65,4,0,9
BRDA:65,4,1,0
BRDA:69,5,0,9
BRDA:69,5,1,3
BRDA:80,6,0,1
BRDA:80,6,1,20
BRDA:88,7,0,9
BRDA:88,7,1,11
BRF:16
BRH:14
end_of_record
TN:
SF:src\Components\ProductDetail2.js
FN:91,(anonymous_0)
FNF:1
FNH:1
FNDA:20,(anonymous_0)
DA:18,1
DA:91,1
DA:92,20
DA:107,20
DA:109,20
DA:111,20
LF:6
LH:6
BRDA:155,0,0,20
BRDA:155,0,1,0
BRF:2
BRH:1
end_of_record
TN:
SF:src\Components\ProductList.js
FN:15,(anonymous_0)
FN:57,(anonymous_1)
FN:61,(anonymous_2)
FNF:3
FNH:3
FNDA:1,(anonymous_0)
FNDA:1,(anonymous_1)
FNDA:9,(anonymous_2)
DA:15,2
DA:17,2
DA:57,2
DA:58,1
DA:61,2
DA:62,9
DA:64,7
DA:71,7
DA:73,3
LF:9
LH:9
BRDA:76,0,0,1
BRDA:76,0,1,2
BRDA:80,1,0,1
BRDA:80,1,1,1
BRF:4
BRH:4
end_of_record
TN:
SF:src\Components\Quantity.js
FN:31,(anonymous_0)
FN:36,(anonymous_1)
FN:41,(anonymous_2)
FN:52,(anonymous_3)
FN:56,(anonymous_4)
FNF:5
FNH:5
FNDA:30,(anonymous_0)
FNDA:1,(anonymous_1)
FNDA:2,(anonymous_2)
FNDA:2,(anonymous_3)
FNDA:1,(anonymous_4)
DA:8,7
DA:31,7
DA:32,30
DA:33,30
DA:34,30
DA:36,30
DA:37,1
DA:38,1
DA:41,30
DA:42,2
DA:43,1
DA:44,1
DA:48,30
DA:52,2
DA:56,1
LF:15
LH:15
BRDA:42,0,0,1
BRDA:42,0,1,1
BRDA:42,1,0,2
BRDA:42,1,1,2
BRF:4
BRH:4
end_of_record
TN:
SF:src\Components\RatingsAndAddressCard.js
FN:23,(anonymous_0)
FN:46,(anonymous_1)
FNF:2
FNH:2
FNDA:40,(anonymous_0)
FNDA:12,(anonymous_1)
DA:4,4
DA:23,4
DA:24,40
DA:26,40
DA:46,4
DA:47,12
DA:48,12
DA:49,12
DA:50,12
DA:52,12
LF:10
LH:10
BRF:0
BRH:0
end_of_record
TN:
SF:src\Components\RecentlyViewedProducts.js
FN:23,(anonymous_0)
FN:28,(anonymous_1)
FN:28,(anonymous_2)
FN:29,(anonymous_3)
FN:35,(anonymous_4)
FN:37,(anonymous_5)
FN:38,(anonymous_6)
FNF:7
FNH:6
FNDA:9,(anonymous_0)
FNDA:9,(anonymous_1)
FNDA:57,(anonymous_2)
FNDA:154,(anonymous_3)
FNDA:9,(anonymous_4)
FNDA:9,(anonymous_5)
FNDA:0,(anonymous_6)
DA:12,1
DA:23,1
DA:24,9
DA:26,9
DA:27,9
DA:28,9
DA:29,154
DA:33,9
DA:35,9
DA:36,9
DA:37,9
DA:38,9
DA:39,0
DA:41,9
DA:43,9
DA:46,9
DA:48,9
LF:17
LH:16
BRDA:55,0,0,1
BRDA:55,0,1,8
BRDA:57,1,0,2
BRDA:57,1,1,6
BRDA:57,2,0,8
BRDA:57,2,1,5
BRDA:57,2,2,3
BRDA:59,3,0,1
BRDA:59,3,1,5
BRDA:59,4,0,6
BRDA:59,4,1,3
BRDA:59,4,2,1
BRDA:61,5,0,1
BRDA:61,5,1,4
BRDA:61,6,0,5
BRDA:61,6,1,3
BRDA:61,6,2,1
BRDA:63,7,0,2
BRDA:63,7,1,2
BRDA:63,8,0,4
BRDA:63,8,1,3
BRF:21
BRH:21
end_of_record
TN:
SF:src\Components\Registration.js
FN:11,(anonymous_0)
FN:33,(anonymous_1)
FN:149,(anonymous_2)
FNF:3
FNH:3
FNDA:38,(anonymous_0)
FNDA:18,(anonymous_1)
FNDA:8,(anonymous_2)
DA:7,1
DA:8,1
DA:9,1
DA:11,1
DA:12,38
DA:29,37
DA:30,37
DA:31,37
DA:33,37
DA:34,18
DA:35,18
DA:36,5
DA:37,0
DA:43,5
DA:51,18
DA:52,5
DA:53,4
DA:60,1
DA:61,0
DA:67,1
DA:75,18
DA:76,4
DA:77,3
DA:84,1
DA:85,0
DA:91,1
DA:99,18
DA:100,2
DA:101,1
DA:108,1
DA:109,0
DA:115,1
DA:123,18
DA:124,2
DA:125,1
DA:132,1
DA:133,0
DA:139,1
DA:149,37
DA:150,8
DA:151,8
DA:152,3
DA:154,5
DA:155,1
DA:156,4
DA:157,1
DA:158,3
DA:159,2
DA:160,1
DA:161,0
DA:166,1
DA:174,0
DA:176,1
DA:177,0
DA:179,1
DA:180,1
DA:190,1
DA:199,1
DA:200,1
DA:201,1
DA:202,1
DA:208,37
LF:62
LH:54
BRDA:35,0,0,5
BRDA:35,0,1,13
BRDA:36,1,0,0
BRDA:36,1,1,5
BRDA:51,2,0,5
BRDA:51,2,1,13
BRDA:52,3,0,4
BRDA:52,3,1,1
BRDA:60,4,0,0
BRDA:60,4,1,1
BRDA:75,5,0,4
BRDA:75,5,1,14
BRDA:76,6,0,3
BRDA:76,6,1,1
BRDA:84,7,0,0
BRDA:84,7,1,1
BRDA:99,8,0,2
BRDA:99,8,1,16
BRDA:100,9,0,1
BRDA:100,9,1,1
BRDA:108,10,0,0
BRDA:108,10,1,1
BRDA:123,11,0,2
BRDA:123,11,1,16
BRDA:124,12,0,1
BRDA:124,12,1,1
BRDA:132,13,0,0
BRDA:132,13,1,1
BRDA:151,14,0,3
BRDA:151,14,1,5
BRDA:154,15,0,1
BRDA:154,15,1,4
BRDA:156,16,0,1
BRDA:156,16,1,3
BRDA:158,17,0,2
BRDA:158,17,1,1
BRDA:160,18,0,0
BRDA:160,18,1,1
BRDA:166,19,0,0
BRDA:166,19,1,1
BRDA:167,20,0,1
BRDA:167,20,1,1
BRDA:167,20,2,1
BRDA:167,20,3,1
BRDA:167,20,4,1
BRDA:167,20,5,1
BRDA:176,21,0,0
BRDA:176,21,1,1
BRDA:179,22,0,1
BRDA:179,22,1,1
BRDA:219,23,0,3
BRDA:219,23,1,34
BRDA:228,24,0,1
BRDA:228,24,1,36
BRDA:235,25,0,1
BRDA:235,25,1,36
BRDA:244,26,0,2
BRDA:244,26,1,35
BRDA:251,27,0,1
BRDA:251,27,1,36
BRDA:260,28,0,2
BRDA:260,28,1,35
BRDA:267,29,0,2
BRDA:267,29,1,35
BRDA:276,30,0,2
BRDA:276,30,1,35
BRDA:281,31,0,0
BRDA:281,31,1,37
BRF:68
BRH:59
end_of_record
TN:
SF:src\Components\RemoveProduct.js
FN:16,(anonymous_0)
FN:21,(anonymous_1)
FN:30,(anonymous_2)
FNF:3
FNH:3
FNDA:1,(anonymous_0)
FNDA:1,(anonymous_1)
FNDA:1,(anonymous_2)
DA:7,7
DA:16,7
DA:17,1
DA:18,1
DA:19,1
DA:21,1
DA:22,1
DA:23,1
DA:26,1
DA:30,1
LF:10
LH:10
BRF:0
BRH:0
end_of_record
TN:
SF:src\Components\RemoveProductFromCart.js
FN:6,(anonymous_0)
FN:10,(anonymous_1)
FN:19,(anonymous_2)
FNF:3
FNH:3
FNDA:7,(anonymous_0)
FNDA:1,(anonymous_1)
FNDA:1,(anonymous_2)
DA:6,3
DA:7,7
DA:8,7
DA:10,7
DA:11,1
DA:12,1
DA:15,7
DA:19,1
LF:8
LH:8
BRF:0
BRH:0
end_of_record
TN:
SF:src\Components\ScrollTop.js
FN:23,(anonymous_0)
FN:27,(anonymous_1)
FN:28,(anonymous_2)
FN:37,(anonymous_3)
FNF:4
FNH:4
FNDA:3,(anonymous_0)
FNDA:3,(anonymous_1)
FNDA:5,(anonymous_2)
FNDA:1,(anonymous_3)
DA:7,1
DA:23,1
DA:24,3
DA:25,3
DA:27,3
DA:28,3
DA:29,5
DA:30,5
DA:32,0
DA:37,3
DA:38,1
DA:44,3
LF:12
LH:11
BRDA:29,0,0,5
BRDA:29,0,1,0
BRDA:46,1,0,3
BRDA:46,1,1,3
BRF:4
BRH:3
end_of_record
TN:
SF:src\Components\Search.js
FN:29,(anonymous_0)
FNF:1
FNH:1
FNDA:3,(anonymous_0)
DA:6,6
DA:29,6
DA:30,3
DA:31,3
LF:4
LH:4
BRDA:35,0,0,3
BRDA:35,0,1,0
BRF:2
BRH:1
end_of_record
TN:
SF:src\Components\Sidebar.js
FN:62,(anonymous_0)
FN:64,(anonymous_1)
FN:69,(anonymous_2)
FN:83,(anonymous_3)
FN:85,(anonymous_4)
FNF:5
FNH:5
FNDA:8,(anonymous_0)
FNDA:3,(anonymous_1)
FNDA:1,(anonymous_2)
FNDA:40,(anonymous_3)
FNDA:1,(anonymous_4)
DA:11,1
DA:62,1
DA:63,8
DA:64,8
DA:65,8
DA:66,8
DA:67,8
DA:69,8
DA:70,1
DA:71,1
DA:74,8
DA:84,40
DA:85,1
LF:13
LH:13
BRDA:81,0,0,3
BRDA:81,0,1,5
BRF:2
BRH:2
end_of_record
TN:
SF:src\Components\SimilarProducts.js
FN:25,(anonymous_0)
FN:30,(anonymous_1)
FNF:2
FNH:2
FNDA:20,(anonymous_0)
FNDA:116,(anonymous_1)
DA:9,1
DA:25,1
DA:26,20
DA:27,20
DA:29,20
DA:30,20
DA:31,116
DA:33,20
LF:8
LH:8
BRF:0
BRH:0
end_of_record
TN:
SF:src\Components\Snackbar.js
FN:6,(anonymous_0)
FN:9,(anonymous_1)
FNF:2
FNH:2
FNDA:4,(anonymous_0)
FNDA:1,(anonymous_1)
DA:6,1
DA:7,4
DA:9,4
DA:10,1
DA:13,4
LF:5
LH:5
BRF:0
BRH:0
end_of_record
TN:
SF:src\Components\Specification.js
FN:46,(anonymous_0)
FNF:1
FNH:1
FNDA:20,(anonymous_0)
DA:14,1
DA:46,1
DA:47,20
DA:48,20
DA:50,20
LF:5
LH:5
BRF:0
BRH:0
end_of_record
TN:
SF:src\Components\Wishlist.js
FN:9,(anonymous_0)
FNF:1
FNH:1
FNDA:9,(anonymous_0)
DA:9,2
DA:10,9
DA:11,4
DA:13,4
DA:14,1
DA:20,3
LF:6
LH:6
BRDA:13,0,0,1
BRDA:13,0,1,3
BRDA:23,1,0,1
BRDA:23,1,1,2
BRDA:23,2,0,3
BRDA:23,2,1,1
BRF:6
BRH:6
end_of_record
TN:
SF:src\Components\WishlistNavbar.js
FN:36,(anonymous_0)
FN:42,(anonymous_1)
FNF:2
FNH:2
FNDA:10,(anonymous_0)
FNDA:2,(anonymous_1)
DA:9,2
DA:36,2
DA:37,10
DA:38,10
DA:39,10
DA:40,10
DA:42,10
DA:43,2
DA:44,1
DA:45,1
DA:47,1
DA:48,1
DA:52,10
LF:13
LH:13
BRDA:43,0,0,1
BRDA:43,0,1,1
BRDA:57,1,0,2
BRDA:57,1,1,8
BRF:4
BRH:4
end_of_record
TN:
SF:src\Components\cartContext.js
FN:6,(anonymous_0)
FN:17,(anonymous_1)
FN:20,(anonymous_2)
FN:25,(anonymous_3)
FN:26,(anonymous_4)
FN:31,(anonymous_5)
FN:34,(anonymous_6)
FN:39,(anonymous_7)
FN:40,(anonymous_8)
FN:44,(anonymous_9)
FN:51,(anonymous_10)
FN:57,(anonymous_11)
FN:58,(anonymous_12)
FN:62,(anonymous_13)
FN:68,(anonymous_14)
FN:72,(anonymous_15)
FN:82,(anonymous_16)
FN:84,(anonymous_17)
FN:98,(anonymous_18)
FN:100,(anonymous_19)
FN:116,(anonymous_20)
FN:118,(anonymous_21)
FN:136,(anonymous_22)
FN:139,(anonymous_23)
FN:142,(anonymous_24)
FN:184,(anonymous_25)
FN:191,(anonymous_26)
FN:202,(anonymous_27)
FN:217,(anonymous_28)
FN:232,(anonymous_29)
FN:248,(anonymous_30)
FN:262,(anonymous_31)
FN:276,(anonymous_32)
FN:289,(anonymous_33)
FN:302,(anonymous_34)
FNF:35
FNH:34
FNDA:171,(anonymous_0)
FNDA:7,(anonymous_1)
FNDA:8,(anonymous_2)
FNDA:1,(anonymous_3)
FNDA:1,(anonymous_4)
FNDA:6,(anonymous_5)
FNDA:7,(anonymous_6)
FNDA:1,(anonymous_7)
FNDA:1,(anonymous_8)
FNDA:4,(anonymous_9)
FNDA:4,(anonymous_10)
FNDA:1,(anonymous_11)
FNDA:1,(anonymous_12)
FNDA:2,(anonymous_13)
FNDA:12,(anonymous_14)
FNDA:9,(anonymous_15)
FNDA:5,(anonymous_16)
FNDA:1,(anonymous_17)
FNDA:3,(anonymous_18)
FNDA:2,(anonymous_19)
FNDA:3,(anonymous_20)
FNDA:2,(anonymous_21)
FNDA:3,(anonymous_22)
FNDA:6,(anonymous_23)
FNDA:2,(anonymous_24)
FNDA:43,(anonymous_25)
FNDA:0,(anonymous_26)
FNDA:50,(anonymous_27)
FNDA:25,(anonymous_28)
FNDA:279,(anonymous_29)
FNDA:45,(anonymous_30)
FNDA:49,(anonymous_31)
FNDA:11,(anonymous_32)
FNDA:11,(anonymous_33)
FNDA:11,(anonymous_34)
DA:4,18
DA:6,18
DA:7,171
DA:8,171
DA:9,171
DA:10,171
DA:11,171
DA:12,171
DA:13,171
DA:14,171
DA:15,171
DA:17,171
DA:18,7
DA:19,7
DA:20,8
DA:22,7
DA:25,171
DA:26,1
DA:27,1
DA:31,171
DA:32,6
DA:33,6
DA:34,7
DA:36,6
DA:39,171
DA:40,1
DA:41,1
DA:44,171
DA:45,4
DA:46,1
DA:47,1
DA:49,3
DA:50,3
DA:51,4
DA:53,3
DA:57,171
DA:58,1
DA:59,1
DA:62,171
DA:63,2
DA:64,2
DA:65,2
DA:68,171
DA:69,12
DA:70,3
DA:72,3
DA:73,9
DA:75,3
DA:78,9
DA:82,171
DA:83,5
DA:84,2
DA:85,1
DA:87,2
DA:88,1
DA:89,1
DA:90,1
DA:94,3
DA:98,171
DA:99,3
DA:100,2
DA:101,2
DA:103,2
DA:106,1
DA:109,1
DA:112,1
DA:116,171
DA:117,3
DA:118,2
DA:119,2
DA:121,2
DA:125,1
DA:128,1
DA:132,1
DA:136,171
DA:137,3
DA:138,2
DA:139,2
DA:140,6
DA:142,2
DA:143,2
DA:145,2
DA:148,1
DA:150,1
DA:154,1
DA:158,171
DA:181,171
DA:184,18
DA:185,43
DA:187,43
DA:188,4
DA:190,39
DA:191,39
DA:193,39
DA:202,18
DA:203,50
DA:205,49
DA:206,8
DA:208,41
DA:209,41
DA:217,18
DA:218,25
DA:220,24
DA:221,4
DA:223,20
DA:225,20
DA:232,18
DA:233,279
DA:235,279
DA:236,4
DA:238,275
DA:240,275
DA:248,18
DA:249,45
DA:251,45
DA:252,4
DA:254,41
DA:256,41
DA:262,18
DA:263,49
DA:265,49
DA:266,4
DA:268,45
DA:270,45
DA:276,18
DA:277,11
DA:279,11
DA:280,4
DA:282,7
DA:284,7
DA:289,18
DA:290,11
DA:292,11
DA:293,4
DA:295,7
DA:297,7
DA:302,18
DA:303,11
DA:305,11
DA:306,4
DA:308,7
DA:310,7
LF:142
LH:142
BRDA:45,0,0,1
BRDA:45,0,1,3
BRDA:69,1,0,3
BRDA:69,1,1,9
BRDA:83,2,0,2
BRDA:83,2,1,3
BRDA:87,3,0,1
BRDA:87,3,1,1
BRDA:87,4,0,2
BRDA:87,4,1,1
BRDA:89,5,0,1
BRDA:89,5,1,0
BRDA:99,6,0,2
BRDA:99,6,1,1
BRDA:103,7,0,1
BRDA:103,7,1,1
BRDA:104,8,0,2
BRDA:104,8,1,1
BRDA:117,9,0,2
BRDA:117,9,1,1
BRDA:121,10,0,1
BRDA:121,10,1,1
BRDA:122,11,0,2
BRDA:122,11,1,1
BRDA:137,12,0,2
BRDA:137,12,1,1
BRDA:145,13,0,1
BRDA:145,13,1,1
BRDA:146,14,0,2
BRDA:146,14,1,1
BRDA:187,15,0,4
BRDA:187,15,1,39
BRDA:205,16,0,8
BRDA:205,16,1,41
BRDA:220,17,0,4
BRDA:220,17,1,20
BRDA:235,18,0,4
BRDA:235,18,1,275
BRDA:251,19,0,4
BRDA:251,19,1,41
BRDA:265,20,0,4
BRDA:265,20,1,45
BRDA:279,21,0,4
BRDA:279,21,1,7
BRDA:292,22,0,4
BRDA:292,22,1,7
BRDA:305,23,0,4
BRDA:305,23,1,7
BRF:48
BRH:47
end_of_record
TN:
SF:src\Components\imageCarousel.js
FN:33,(anonymous_0)
FN:39,(anonymous_1)
FN:43,(anonymous_2)
FN:49,(anonymous_3)
FN:59,(anonymous_4)
FNF:5
FNH:5
FNDA:5,(anonymous_0)
FNDA:4,(anonymous_1)
FNDA:5,(anonymous_2)
FNDA:9,(anonymous_3)
FNDA:4,(anonymous_4)
DA:11,3
DA:33,3
DA:34,5
DA:35,5
DA:36,5
DA:37,5
DA:39,5
DA:40,4
DA:43,5
DA:44,5
DA:46,5
DA:50,9
DA:51,9
DA:59,4
LF:14
LH:14
BRF:0
BRH:0
end_of_record
TN:
SF:src\Components\Util\CommonCarouselComponets.js
FN:226,(anonymous_0)
FN:230,(anonymous_1)
FN:236,(anonymous_2)
FN:242,(anonymous_3)
FN:262,(anonymous_4)
FN:267,(anonymous_5)
FN:343,(anonymous_6)
FN:347,(anonymous_7)
FN:365,(anonymous_8)
FN:369,(anonymous_9)
FN:388,(anonymous_10)
FN:392,(anonymous_11)
FN:410,(anonymous_12)
FN:414,(anonymous_13)
FNF:14
FNH:14
FNDA:23,(anonymous_0)
FNDA:1,(anonymous_1)
FNDA:131,(anonymous_2)
FNDA:1,(anonymous_3)
FNDA:8,(anonymous_4)
FNDA:6,(anonymous_5)
FNDA:3,(anonymous_6)
FNDA:1,(anonymous_7)
FNDA:6,(anonymous_8)
FNDA:2,(anonymous_9)
FNDA:9,(anonymous_10)
FNDA:2,(anonymous_11)
FNDA:4,(anonymous_12)
FNDA:1,(anonymous_13)
DA:16,3
DA:93,3
DA:162,3
DA:226,3
DA:227,23
DA:228,23
DA:230,23
DA:231,1
DA:234,23
DA:237,131
DA:238,131
DA:242,1
DA:262,3
DA:263,8
DA:264,8
DA:265,8
DA:267,8
DA:268,6
DA:271,8
DA:339,8
DA:344,3
DA:345,3
DA:347,1
DA:366,6
DA:367,6
DA:369,2
DA:389,9
DA:390,9
DA:392,2
DA:411,4
DA:412,4
DA:414,1
LF:32
LH:32
BRDA:341,0,0,2
BRDA:341,0,1,6
BRDA:341,1,0,8
BRDA:341,1,1,4
BRDA:363,2,0,2
BRDA:363,2,1,4
BRDA:363,3,0,6
BRDA:363,3,1,2
BRDA:385,4,0,2
BRDA:385,4,1,2
BRDA:385,5,0,4
BRDA:385,5,1,3
BRDA:385,5,2,2
BRF:13
BRH:13
end_of_record
TN:
SF:src\Components\Util\CommonProductTemplate.js
FN:42,(anonymous_0)
FN:50,(anonymous_1)
FNF:2
FNH:2
FNDA:7,(anonymous_0)
FNDA:13,(anonymous_1)
DA:11,6
DA:42,6
DA:43,7
DA:44,7
DA:45,7
DA:46,7
DA:48,7
DA:51,13
DA:52,13
LF:9
LH:9
BRDA:64,0,0,0
BRDA:64,0,1,13
BRDA:64,1,0,13
BRDA:64,1,1,0
BRDA:77,2,0,0
BRDA:77,2,1,13
BRDA:82,3,0,0
BRDA:82,3,1,13
BRF:8
BRH:4
end_of_record
TN:
SF:src\Components\Util\MuiStyles.js
FNF:0
FNH:0
DA:3,4
DA:19,4
DA:31,4
LF:3
LH:3
BRF:0
BRH:0
end_of_record
TN:
SF:src\Components\Util\ProductData.js
FNF:0
FNH:0
DA:1,3
LF:1
LH:1
BRF:0
BRH:0
end_of_record
TN:
SF:src\Components\Util\SidebarData.js
FNF:0
FNH:0
DA:8,1
LF:1
LH:1
BRF:0
BRH:0
end_of_record
TN:
SF:src\Components\Util\UserTestAPI.js
FN:4,(anonymous_0)
FN:8,(anonymous_1)
FNF:2
FNH:2
FNDA:1,(anonymous_0)
FNDA:1,(anonymous_1)
DA:4,2
DA:5,1
DA:8,2
DA:9,1
LF:4
LH:4
BRF:0
BRH:0
end_of_record
TN:
SF:src\Components\Util\imageCarouselSettings.js
FN:4,(anonymous_0)
FN:16,(anonymous_1)
FNF:2
FNH:2
FNDA:1,(anonymous_0)
FNDA:1,(anonymous_1)
DA:4,3
DA:5,1
DA:7,1
DA:16,3
DA:17,1
DA:19,1
DA:28,3
LF:7
LH:7
BRF:0
BRH:0
end_of_record
TN:
SF:src\Components\Util\useCheckoutStyles.js
FNF:0
FNH:0
DA:3,4
LF:1
LH:1
BRF:0
BRH:0
end_of_record
